Using pre-set license
Built from '2020.2/release' branch; Version is '2020.2.1f1 (270dd8c3da1c) revision 2559448'; Using compiler version '192528614'; Build Type 'Release'
OS: 'Windows 10  (10.0.0) 64bit' Language: 'en' Physical Memory: 16347 MB
BatchMode: 1, IsHumanControllingUs: 0, StartBugReporterOnCrash: 0, Is64bit: 1, IsPro: 0

 COMMAND LINE ARGUMENTS:
D:\Unity\2020.2.1f1\Editor\Unity.exe
-adb2
-batchMode
-noUpm
-name
AssetImportWorker2
-projectPath
D:/Projekty/TowerDeffence3D/TD
-logFile
Logs/AssetImportWorker2.log
-srvPort
53160
Successfully changed project path to: D:/Projekty/TowerDeffence3D/TD
D:/Projekty/TowerDeffence3D/TD
Using Asset Import Pipeline V2.
Refreshing native plugins compatible for Editor in 78.55 ms, found 0 plugins.
Preloading 0 native plugins for Editor in 0.00 ms.
Initialize engine version: 2020.2.1f1 (270dd8c3da1c)
[Subsystems] Discovering subsystems at path D:/Unity/2020.2.1f1/Editor/Data/Resources/UnitySubsystems
[Subsystems] Discovering subsystems at path D:/Projekty/TowerDeffence3D/TD/Assets
GfxDevice: creating device client; threaded=0
Direct3D:
    Version:  Direct3D 11.0 [level 11.1]
    Renderer: NVIDIA GeForce GTX 1060 6GB (ID=0x1c03)
    Vendor:   
    VRAM:     6052 MB
    Driver:   27.21.14.6089
Shader 'Universal Render Pipeline/Particles/Lit': fallback shader 'Universal Render Pipeline/Particles/SimpleLit' not found
Initialize mono
Mono path[0] = 'D:/Unity/2020.2.1f1/Editor/Data/Managed'
Mono path[1] = 'D:/Unity/2020.2.1f1/Editor/Data/MonoBleedingEdge/lib/mono/unityjit'
Mono config path = 'D:/Unity/2020.2.1f1/Editor/Data/MonoBleedingEdge/etc'
Using monoOptions --debugger-agent=transport=dt_socket,embedding=1,server=y,suspend=n,address=127.0.0.1:56708
Begin MonoManager ReloadAssembly
Registering precompiled unity dll's ...
Register platform support module: D:/Unity/2020.2.1f1/Editor/Data/PlaybackEngines/WindowsStandaloneSupport/UnityEditor.WindowsStandalone.Extensions.dll
Registered in 0.001133 seconds.
Native extension for WindowsStandalone target not found
Refreshing native plugins compatible for Editor in 68.58 ms, found 0 plugins.
Preloading 0 native plugins for Editor in 0.00 ms.
Invoked RoslynAnalysisRunner static constructor.
RoslynAnalysisRunner will not be running.
RoslynAnalysisRunner has terminated.
Mono: successfully reloaded assembly
- Completed reload, in  2.380 seconds
Platform modules already initialized, skipping
Registering precompiled user dll's ...
Registered in 0.007090 seconds.
Begin MonoManager ReloadAssembly
Native extension for WindowsStandalone target not found
Refreshing native plugins compatible for Editor in 62.94 ms, found 0 plugins.
Preloading 0 native plugins for Editor in 0.00 ms.
UnityIAP: [InitializeOnLoad] Facebook Check
UnityIAP: Runtime [2020.2.1f1]
UnityIAP: Current Build is Android:StandaloneWindows
UnityIAP: stub FacebookStore.dll disabled
Invoked RoslynAnalysisRunner static constructor.
RoslynAnalysisRunner will not be running.
RoslynAnalysisRunner has terminated.
Mono: successfully reloaded assembly
- Completed reload, in  1.157 seconds
Platform modules already initialized, skipping
========================================================================
Worker process is ready to serve import requests
Shader 'Universal Render Pipeline/Particles/Lit': fallback shader 'Universal Render Pipeline/Particles/SimpleLit' not found
Launched and connected shader compiler UnityShaderCompiler.exe after 0.38 seconds
Refreshing native plugins compatible for Editor in 0.83 ms, found 0 plugins.
Preloading 0 native plugins for Editor in 0.00 ms.
Unloading 3347 Unused Serialized files (Serialized files now loaded: 0)
System memory in use before: 222.1 MB.
System memory in use after: 222.3 MB.

Unloading 53 unused Assets to reduce memory usage. Loaded Objects now: 3770.
Total: 5.820200 ms (FindLiveObjects: 0.394000 ms CreateObjectMapping: 0.249100 ms MarkObjects: 5.097100 ms  DeleteObjects: 0.078500 ms)

========================================================================
Received Import Request.
  path: Assets/Scenes/Level01.unity
  artifactKey: Guid(e188047710bb90d408ab005227990ad0) Importer(815301076,1909f56bfc062723c751e8b465ee728b)
Start importing Assets/Scenes/Level01.unity using Guid(e188047710bb90d408ab005227990ad0) Importer(815301076,1909f56bfc062723c751e8b465ee728b)  -> (artifact id: 'e921b2796f42ae83cd95148ec4ef0fdc') in 0.048704 seconds
  Import took 0.053694 seconds .

========================================================================
Received Prepare
Registering precompiled user dll's ...
Registered in 0.120500 seconds.
Begin MonoManager ReloadAssembly
Native extension for WindowsStandalone target not found
Refreshing native plugins compatible for Editor in 0.88 ms, found 0 plugins.
Preloading 0 native plugins for Editor in 0.00 ms.
UnityIAP: [InitializeOnLoad] Facebook Check
UnityIAP: Runtime [2020.2.1f1]
UnityIAP: Current Build is Android:Android
UnityIAP: stub FacebookStore.dll disabled
Invoked RoslynAnalysisRunner static constructor.
RoslynAnalysisRunner will not be running.
RoslynAnalysisRunner has terminated.
Mono: successfully reloaded assembly
- Completed reload, in  3.933 seconds
Platform modules already initialized, skipping
Shader 'Universal Render Pipeline/Particles/Lit': fallback shader 'Universal Render Pipeline/Particles/SimpleLit' not found
Refreshing native plugins compatible for Editor in 0.81 ms, found 0 plugins.
Preloading 0 native plugins for Editor in 0.00 ms.
Unloading 3192 Unused Serialized files (Serialized files now loaded: 0)
System memory in use before: 209.8 MB.
System memory in use after: 210.0 MB.

Unloading 49 unused Assets to reduce memory usage. Loaded Objects now: 3772.
Total: 7.511300 ms (FindLiveObjects: 0.320100 ms CreateObjectMapping: 0.181200 ms MarkObjects: 6.972600 ms  DeleteObjects: 0.036100 ms)

========================================================================
Received Prepare
Registering precompiled user dll's ...
Registered in 0.007408 seconds.
Begin MonoManager ReloadAssembly
Native extension for WindowsStandalone target not found
Refreshing native plugins compatible for Editor in 1.15 ms, found 0 plugins.
Preloading 0 native plugins for Editor in 0.00 ms.
UnityIAP: [InitializeOnLoad] Facebook Check
UnityIAP: Runtime [2020.2.1f1]
UnityIAP: Current Build is Android:Android
UnityIAP: stub FacebookStore.dll disabled
Invoked RoslynAnalysisRunner static constructor.
RoslynAnalysisRunner will not be running.
RoslynAnalysisRunner has terminated.
Mono: successfully reloaded assembly
- Completed reload, in  1.306 seconds
Platform modules already initialized, skipping
Shader 'Universal Render Pipeline/Particles/Lit': fallback shader 'Universal Render Pipeline/Particles/SimpleLit' not found
Refreshing native plugins compatible for Editor in 0.82 ms, found 0 plugins.
Preloading 0 native plugins for Editor in 0.00 ms.
Unloading 3193 Unused Serialized files (Serialized files now loaded: 0)
System memory in use before: 209.8 MB.
System memory in use after: 210.1 MB.

Unloading 49 unused Assets to reduce memory usage. Loaded Objects now: 3774.
Total: 5.796100 ms (FindLiveObjects: 0.390200 ms CreateObjectMapping: 0.203700 ms MarkObjects: 5.171200 ms  DeleteObjects: 0.030000 ms)

========================================================================
Received Import Request.
  Time since last request: 5488.517795 seconds.
  path: Assets/Scenes/UpgradeScene.unity
  artifactKey: Guid(db586b10f4bd338459bd137b544c288c) Importer(815301076,1909f56bfc062723c751e8b465ee728b)
Start importing Assets/Scenes/UpgradeScene.unity using Guid(db586b10f4bd338459bd137b544c288c) Importer(815301076,1909f56bfc062723c751e8b465ee728b)  -> (artifact id: 'cb6e00f5f5047cc7f40586fdf89499d2') in 0.023754 seconds
  Import took 0.029238 seconds .

========================================================================
Received Prepare
Registering precompiled user dll's ...
Registered in 0.016032 seconds.
Begin MonoManager ReloadAssembly
Native extension for WindowsStandalone target not found
Refreshing native plugins compatible for Editor in 0.84 ms, found 0 plugins.
Preloading 0 native plugins for Editor in 0.00 ms.
UnityIAP: [InitializeOnLoad] Facebook Check
UnityIAP: Runtime [2020.2.1f1]
UnityIAP: Current Build is Android:Android
UnityIAP: stub FacebookStore.dll disabled
Invoked RoslynAnalysisRunner static constructor.
RoslynAnalysisRunner will not be running.
RoslynAnalysisRunner has terminated.
Mono: successfully reloaded assembly
- Completed reload, in  1.522 seconds
Platform modules already initialized, skipping
Shader 'Universal Render Pipeline/Particles/Lit': fallback shader 'Universal Render Pipeline/Particles/SimpleLit' not found
Refreshing native plugins compatible for Editor in 1.01 ms, found 0 plugins.
Preloading 0 native plugins for Editor in 0.00 ms.
Unloading 3193 Unused Serialized files (Serialized files now loaded: 0)
System memory in use before: 209.9 MB.
System memory in use after: 210.1 MB.

Unloading 49 unused Assets to reduce memory usage. Loaded Objects now: 3776.
Total: 8.304100 ms (FindLiveObjects: 0.389400 ms CreateObjectMapping: 0.200200 ms MarkObjects: 7.680200 ms  DeleteObjects: 0.032100 ms)

========================================================================
Received Prepare
Registering precompiled user dll's ...
Registered in 0.008157 seconds.
Begin MonoManager ReloadAssembly
Native extension for WindowsStandalone target not found
Refreshing native plugins compatible for Editor in 0.96 ms, found 0 plugins.
Preloading 0 native plugins for Editor in 0.00 ms.
UnityIAP: [InitializeOnLoad] Facebook Check
UnityIAP: Runtime [2020.2.1f1]
UnityIAP: Current Build is Android:Android
UnityIAP: stub FacebookStore.dll disabled
Invoked RoslynAnalysisRunner static constructor.
RoslynAnalysisRunner will not be running.
RoslynAnalysisRunner has terminated.
Mono: successfully reloaded assembly
- Completed reload, in  1.250 seconds
Platform modules already initialized, skipping
Shader 'Universal Render Pipeline/Particles/Lit': fallback shader 'Universal Render Pipeline/Particles/SimpleLit' not found
Refreshing native plugins compatible for Editor in 0.82 ms, found 0 plugins.
Preloading 0 native plugins for Editor in 0.00 ms.
Unloading 3193 Unused Serialized files (Serialized files now loaded: 0)
System memory in use before: 209.9 MB.
System memory in use after: 210.1 MB.

Unloading 49 unused Assets to reduce memory usage. Loaded Objects now: 3778.
Total: 5.649700 ms (FindLiveObjects: 0.375400 ms CreateObjectMapping: 0.179500 ms MarkObjects: 5.025000 ms  DeleteObjects: 0.068500 ms)

========================================================================
Received Prepare
Registering precompiled user dll's ...
Registered in 0.010921 seconds.
Begin MonoManager ReloadAssembly
Native extension for WindowsStandalone target not found
Refreshing native plugins compatible for Editor in 0.82 ms, found 0 plugins.
Preloading 0 native plugins for Editor in 0.00 ms.
UnityIAP: [InitializeOnLoad] Facebook Check
UnityIAP: Runtime [2020.2.1f1]
UnityIAP: Current Build is Android:Android
UnityIAP: stub FacebookStore.dll disabled
Invoked RoslynAnalysisRunner static constructor.
RoslynAnalysisRunner will not be running.
RoslynAnalysisRunner has terminated.
Mono: successfully reloaded assembly
- Completed reload, in  1.141 seconds
Platform modules already initialized, skipping
Shader 'Universal Render Pipeline/Particles/Lit': fallback shader 'Universal Render Pipeline/Particles/SimpleLit' not found
Refreshing native plugins compatible for Editor in 0.98 ms, found 0 plugins.
Preloading 0 native plugins for Editor in 0.00 ms.
Unloading 3193 Unused Serialized files (Serialized files now loaded: 0)
System memory in use before: 209.9 MB.
System memory in use after: 210.1 MB.

Unloading 49 unused Assets to reduce memory usage. Loaded Objects now: 3780.
Total: 6.731600 ms (FindLiveObjects: 0.424200 ms CreateObjectMapping: 0.283600 ms MarkObjects: 5.980000 ms  DeleteObjects: 0.042500 ms)

========================================================================
Received Prepare
Registering precompiled user dll's ...
Registered in 0.011524 seconds.
Begin MonoManager ReloadAssembly
Native extension for WindowsStandalone target not found
Refreshing native plugins compatible for Editor in 0.84 ms, found 0 plugins.
Preloading 0 native plugins for Editor in 0.00 ms.
UnityIAP: [InitializeOnLoad] Facebook Check
UnityIAP: Runtime [2020.2.1f1]
UnityIAP: Current Build is Android:Android
UnityIAP: stub FacebookStore.dll disabled
Invoked RoslynAnalysisRunner static constructor.
RoslynAnalysisRunner will not be running.
RoslynAnalysisRunner has terminated.
Mono: successfully reloaded assembly
- Completed reload, in  1.234 seconds
Platform modules already initialized, skipping
Shader 'Universal Render Pipeline/Particles/Lit': fallback shader 'Universal Render Pipeline/Particles/SimpleLit' not found
Refreshing native plugins compatible for Editor in 0.83 ms, found 0 plugins.
Preloading 0 native plugins for Editor in 0.00 ms.
Unloading 3193 Unused Serialized files (Serialized files now loaded: 0)
System memory in use before: 209.9 MB.
System memory in use after: 210.1 MB.

Unloading 49 unused Assets to reduce memory usage. Loaded Objects now: 3782.
Total: 5.758000 ms (FindLiveObjects: 0.316900 ms CreateObjectMapping: 0.163000 ms MarkObjects: 5.233300 ms  DeleteObjects: 0.043700 ms)

========================================================================
Received Prepare
Registering precompiled user dll's ...
Registered in 0.008094 seconds.
Begin MonoManager ReloadAssembly
Native extension for WindowsStandalone target not found
Refreshing native plugins compatible for Editor in 0.83 ms, found 0 plugins.
Preloading 0 native plugins for Editor in 0.00 ms.
UnityIAP: [InitializeOnLoad] Facebook Check
UnityIAP: Runtime [2020.2.1f1]
UnityIAP: Current Build is Android:Android
UnityIAP: stub FacebookStore.dll disabled
Invoked RoslynAnalysisRunner static constructor.
RoslynAnalysisRunner will not be running.
RoslynAnalysisRunner has terminated.
Mono: successfully reloaded assembly
- Completed reload, in  1.155 seconds
Platform modules already initialized, skipping
Shader 'Universal Render Pipeline/Particles/Lit': fallback shader 'Universal Render Pipeline/Particles/SimpleLit' not found
Refreshing native plugins compatible for Editor in 0.86 ms, found 0 plugins.
Preloading 0 native plugins for Editor in 0.00 ms.
Unloading 3193 Unused Serialized files (Serialized files now loaded: 0)
System memory in use before: 209.9 MB.
System memory in use after: 210.2 MB.

Unloading 49 unused Assets to reduce memory usage. Loaded Objects now: 3784.
Total: 5.375600 ms (FindLiveObjects: 0.426800 ms CreateObjectMapping: 0.160700 ms MarkObjects: 4.753900 ms  DeleteObjects: 0.032700 ms)

========================================================================
Received Import Request.
  Time since last request: 1248.659174 seconds.
  path: Assets/Scenes/UpgradeScene.unity
  artifactKey: Guid(db586b10f4bd338459bd137b544c288c) Importer(815301076,1909f56bfc062723c751e8b465ee728b)
Start importing Assets/Scenes/UpgradeScene.unity using Guid(db586b10f4bd338459bd137b544c288c) Importer(815301076,1909f56bfc062723c751e8b465ee728b)  -> (artifact id: '2be48241c3832a66bfc37529f6170630') in 0.017060 seconds
  Import took 0.022781 seconds .

========================================================================
Received Prepare
Registering precompiled user dll's ...
Registered in 0.007247 seconds.
Begin MonoManager ReloadAssembly
Native extension for WindowsStandalone target not found
Refreshing native plugins compatible for Editor in 1.25 ms, found 0 plugins.
Preloading 0 native plugins for Editor in 0.00 ms.
UnityIAP: [InitializeOnLoad] Facebook Check
UnityIAP: Runtime [2020.2.1f1]
UnityIAP: Current Build is Android:Android
UnityIAP: stub FacebookStore.dll disabled
Invoked RoslynAnalysisRunner static constructor.
RoslynAnalysisRunner will not be running.
RoslynAnalysisRunner has terminated.
Mono: successfully reloaded assembly
- Completed reload, in  1.105 seconds
Platform modules already initialized, skipping
Shader 'Universal Render Pipeline/Particles/Lit': fallback shader 'Universal Render Pipeline/Particles/SimpleLit' not found
Refreshing native plugins compatible for Editor in 0.88 ms, found 0 plugins.
Preloading 0 native plugins for Editor in 0.00 ms.
Unloading 3193 Unused Serialized files (Serialized files now loaded: 0)
System memory in use before: 209.9 MB.
System memory in use after: 210.2 MB.

Unloading 49 unused Assets to reduce memory usage. Loaded Objects now: 3786.
Total: 5.543700 ms (FindLiveObjects: 0.329200 ms CreateObjectMapping: 0.158700 ms MarkObjects: 4.987700 ms  DeleteObjects: 0.066900 ms)

========================================================================
Received Import Request.
  Time since last request: 81.438013 seconds.
  path: Assets/Turrets/Basic Turret.prefab
  artifactKey: Guid(bb621b1db366a9342b762ecf0c137624) Importer(815301076,1909f56bfc062723c751e8b465ee728b)
Start importing Assets/Turrets/Basic Turret.prefab using Guid(bb621b1db366a9342b762ecf0c137624) Importer(815301076,1909f56bfc062723c751e8b465ee728b)  -> (artifact id: '78ea3daa191cd0c1665fa0457c700323') in 0.898251 seconds
  Import took 0.904856 seconds .

========================================================================
Received Import Request.
  Time since last request: 0.000283 seconds.
  path: Assets/Turrets/BasicTurretUpgraded.prefab
  artifactKey: Guid(02b20f76c3c59ec4c8ac85732149ce1b) Importer(815301076,1909f56bfc062723c751e8b465ee728b)
Start importing Assets/Turrets/BasicTurretUpgraded.prefab using Guid(02b20f76c3c59ec4c8ac85732149ce1b) Importer(815301076,1909f56bfc062723c751e8b465ee728b)  -> (artifact id: '0edb0dd7b08c4f5f7aecdd415362afd6') in 0.150908 seconds
  Import took 0.157244 seconds .

========================================================================
Received Prepare
Registering precompiled user dll's ...
Registered in 0.013600 seconds.
Begin MonoManager ReloadAssembly
Native extension for WindowsStandalone target not found
Refreshing native plugins compatible for Editor in 1.08 ms, found 0 plugins.
Preloading 0 native plugins for Editor in 0.00 ms.
UnityIAP: [InitializeOnLoad] Facebook Check
UnityIAP: Runtime [2020.2.1f1]
UnityIAP: Current Build is Android:Android
UnityIAP: stub FacebookStore.dll disabled
Invoked RoslynAnalysisRunner static constructor.
RoslynAnalysisRunner will not be running.
RoslynAnalysisRunner has terminated.
Mono: successfully reloaded assembly
- Completed reload, in  1.848 seconds
Platform modules already initialized, skipping
Shader 'Universal Render Pipeline/Particles/Lit': fallback shader 'Universal Render Pipeline/Particles/SimpleLit' not found
Refreshing native plugins compatible for Editor in 0.88 ms, found 0 plugins.
Preloading 0 native plugins for Editor in 0.00 ms.
Unloading 3193 Unused Serialized files (Serialized files now loaded: 0)
System memory in use before: 215.2 MB.
System memory in use after: 215.5 MB.

Unloading 49 unused Assets to reduce memory usage. Loaded Objects now: 3835.
Total: 7.768700 ms (FindLiveObjects: 0.844600 ms CreateObjectMapping: 0.377000 ms MarkObjects: 6.481000 ms  DeleteObjects: 0.063600 ms)

========================================================================
Received Prepare
Registering precompiled user dll's ...
Registered in 0.138590 seconds.
Begin MonoManager ReloadAssembly
Native extension for WindowsStandalone target not found
Refreshing native plugins compatible for Editor in 0.87 ms, found 0 plugins.
Preloading 0 native plugins for Editor in 0.00 ms.
UnityIAP: [InitializeOnLoad] Facebook Check
UnityIAP: Runtime [2020.2.1f1]
UnityIAP: Current Build is Android:Android
UnityIAP: stub FacebookStore.dll disabled
Invoked RoslynAnalysisRunner static constructor.
RoslynAnalysisRunner will not be running.
RoslynAnalysisRunner has terminated.
Mono: successfully reloaded assembly
- Completed reload, in  1.862 seconds
Platform modules already initialized, skipping
Shader 'Universal Render Pipeline/Particles/Lit': fallback shader 'Universal Render Pipeline/Particles/SimpleLit' not found
Refreshing native plugins compatible for Editor in 0.90 ms, found 0 plugins.
Preloading 0 native plugins for Editor in 0.00 ms.
Unloading 3193 Unused Serialized files (Serialized files now loaded: 0)
System memory in use before: 215.2 MB.
System memory in use after: 215.5 MB.

Unloading 49 unused Assets to reduce memory usage. Loaded Objects now: 3837.
Total: 15.932400 ms (FindLiveObjects: 0.394000 ms CreateObjectMapping: 1.582200 ms MarkObjects: 13.910700 ms  DeleteObjects: 0.043400 ms)

========================================================================
Received Prepare
Registering precompiled user dll's ...
Registered in 0.011772 seconds.
Begin MonoManager ReloadAssembly
Native extension for WindowsStandalone target not found
Refreshing native plugins compatible for Editor in 9.11 ms, found 0 plugins.
Preloading 0 native plugins for Editor in 0.00 ms.
UnityIAP: [InitializeOnLoad] Facebook Check
UnityIAP: Runtime [2020.2.1f1]
UnityIAP: Current Build is Android:Android
UnityIAP: stub FacebookStore.dll disabled
Invoked RoslynAnalysisRunner static constructor.
RoslynAnalysisRunner will not be running.
RoslynAnalysisRunner has terminated.
Mono: successfully reloaded assembly
- Completed reload, in  2.962 seconds
Platform modules already initialized, skipping
Shader 'Universal Render Pipeline/Particles/Lit': fallback shader 'Universal Render Pipeline/Particles/SimpleLit' not found
Refreshing native plugins compatible for Editor in 1.03 ms, found 0 plugins.
Preloading 0 native plugins for Editor in 0.00 ms.
Unloading 3193 Unused Serialized files (Serialized files now loaded: 0)
System memory in use before: 215.2 MB.
System memory in use after: 215.5 MB.

Unloading 49 unused Assets to reduce memory usage. Loaded Objects now: 3839.
Total: 11.084400 ms (FindLiveObjects: 0.354400 ms CreateObjectMapping: 0.212000 ms MarkObjects: 10.425800 ms  DeleteObjects: 0.090000 ms)

========================================================================
Received Prepare
Registering precompiled user dll's ...
Registered in 0.030014 seconds.
Begin MonoManager ReloadAssembly
Native extension for WindowsStandalone target not found
Refreshing native plugins compatible for Editor in 0.85 ms, found 0 plugins.
Preloading 0 native plugins for Editor in 0.00 ms.
UnityIAP: [InitializeOnLoad] Facebook Check
UnityIAP: Runtime [2020.2.1f1]
UnityIAP: Current Build is Android:Android
UnityIAP: stub FacebookStore.dll disabled
Invoked RoslynAnalysisRunner static constructor.
RoslynAnalysisRunner will not be running.
RoslynAnalysisRunner has terminated.
Mono: successfully reloaded assembly
- Completed reload, in  1.640 seconds
Platform modules already initialized, skipping
Shader 'Universal Render Pipeline/Particles/Lit': fallback shader 'Universal Render Pipeline/Particles/SimpleLit' not found
Refreshing native plugins compatible for Editor in 0.89 ms, found 0 plugins.
Preloading 0 native plugins for Editor in 0.00 ms.
Unloading 3193 Unused Serialized files (Serialized files now loaded: 0)
System memory in use before: 215.3 MB.
System memory in use after: 215.5 MB.

Unloading 49 unused Assets to reduce memory usage. Loaded Objects now: 3841.
Total: 7.503500 ms (FindLiveObjects: 0.861400 ms CreateObjectMapping: 0.600800 ms MarkObjects: 5.979900 ms  DeleteObjects: 0.059200 ms)

========================================================================
Received Prepare
Registering precompiled user dll's ...
Registered in 0.010263 seconds.
Begin MonoManager ReloadAssembly
Native extension for WindowsStandalone target not found
Refreshing native plugins compatible for Editor in 0.97 ms, found 0 plugins.
Preloading 0 native plugins for Editor in 0.00 ms.
UnityIAP: [InitializeOnLoad] Facebook Check
UnityIAP: Runtime [2020.2.1f1]
UnityIAP: Current Build is Android:Android
UnityIAP: stub FacebookStore.dll disabled
Invoked RoslynAnalysisRunner static constructor.
RoslynAnalysisRunner will not be running.
RoslynAnalysisRunner has terminated.
Mono: successfully reloaded assembly
- Completed reload, in  1.524 seconds
Platform modules already initialized, skipping
Shader 'Universal Render Pipeline/Particles/Lit': fallback shader 'Universal Render Pipeline/Particles/SimpleLit' not found
Refreshing native plugins compatible for Editor in 0.89 ms, found 0 plugins.
Preloading 0 native plugins for Editor in 0.00 ms.
Unloading 3193 Unused Serialized files (Serialized files now loaded: 0)
System memory in use before: 215.3 MB.
System memory in use after: 215.5 MB.

Unloading 49 unused Assets to reduce memory usage. Loaded Objects now: 3843.
Total: 7.059500 ms (FindLiveObjects: 0.297100 ms CreateObjectMapping: 0.164400 ms MarkObjects: 6.561000 ms  DeleteObjects: 0.035000 ms)

========================================================================
Received Prepare
Registering precompiled user dll's ...
Registered in 0.008688 seconds.
Begin MonoManager ReloadAssembly
Native extension for WindowsStandalone target not found
Refreshing native plugins compatible for Editor in 1.03 ms, found 0 plugins.
Preloading 0 native plugins for Editor in 0.00 ms.
UnityIAP: [InitializeOnLoad] Facebook Check
UnityIAP: Runtime [2020.2.1f1]
UnityIAP: Current Build is Android:Android
UnityIAP: stub FacebookStore.dll disabled
Invoked RoslynAnalysisRunner static constructor.
RoslynAnalysisRunner will not be running.
RoslynAnalysisRunner has terminated.
Mono: successfully reloaded assembly
- Completed reload, in  1.411 seconds
Platform modules already initialized, skipping
Shader 'Universal Render Pipeline/Particles/Lit': fallback shader 'Universal Render Pipeline/Particles/SimpleLit' not found
Refreshing native plugins compatible for Editor in 0.94 ms, found 0 plugins.
Preloading 0 native plugins for Editor in 0.00 ms.
Unloading 3193 Unused Serialized files (Serialized files now loaded: 0)
System memory in use before: 215.3 MB.
System memory in use after: 215.5 MB.

Unloading 49 unused Assets to reduce memory usage. Loaded Objects now: 3845.
Total: 13.674800 ms (FindLiveObjects: 0.349300 ms CreateObjectMapping: 1.622500 ms MarkObjects: 11.651100 ms  DeleteObjects: 0.050800 ms)

========================================================================
Received Prepare
Registering precompiled user dll's ...
Registered in 0.010770 seconds.
Begin MonoManager ReloadAssembly
Native extension for WindowsStandalone target not found
Refreshing native plugins compatible for Editor in 1.00 ms, found 0 plugins.
Preloading 0 native plugins for Editor in 0.00 ms.
UnityIAP: [InitializeOnLoad] Facebook Check
UnityIAP: Runtime [2020.2.1f1]
UnityIAP: Current Build is Android:Android
UnityIAP: stub FacebookStore.dll disabled
Invoked RoslynAnalysisRunner static constructor.
RoslynAnalysisRunner will not be running.
RoslynAnalysisRunner has terminated.
Mono: successfully reloaded assembly
- Completed reload, in  1.553 seconds
Platform modules already initialized, skipping
Shader 'Universal Render Pipeline/Particles/Lit': fallback shader 'Universal Render Pipeline/Particles/SimpleLit' not found
Refreshing native plugins compatible for Editor in 1.96 ms, found 0 plugins.
Preloading 0 native plugins for Editor in 0.00 ms.
Unloading 3193 Unused Serialized files (Serialized files now loaded: 0)
System memory in use before: 215.3 MB.
System memory in use after: 215.5 MB.

Unloading 49 unused Assets to reduce memory usage. Loaded Objects now: 3847.
Total: 14.860100 ms (FindLiveObjects: 2.436100 ms CreateObjectMapping: 0.887000 ms MarkObjects: 11.502300 ms  DeleteObjects: 0.033300 ms)

========================================================================
Received Prepare
Registering precompiled user dll's ...
Registered in 0.010080 seconds.
Begin MonoManager ReloadAssembly
Native extension for WindowsStandalone target not found
Refreshing native plugins compatible for Editor in 0.93 ms, found 0 plugins.
Preloading 0 native plugins for Editor in 0.00 ms.
UnityIAP: [InitializeOnLoad] Facebook Check
UnityIAP: Runtime [2020.2.1f1]
UnityIAP: Current Build is Android:Android
UnityIAP: stub FacebookStore.dll disabled
Invoked RoslynAnalysisRunner static constructor.
RoslynAnalysisRunner will not be running.
RoslynAnalysisRunner has terminated.
Mono: successfully reloaded assembly
- Completed reload, in  1.802 seconds
Platform modules already initialized, skipping
Shader 'Universal Render Pipeline/Particles/Lit': fallback shader 'Universal Render Pipeline/Particles/SimpleLit' not found
Refreshing native plugins compatible for Editor in 1.47 ms, found 0 plugins.
Preloading 0 native plugins for Editor in 0.00 ms.
Unloading 3193 Unused Serialized files (Serialized files now loaded: 0)
System memory in use before: 215.3 MB.
System memory in use after: 215.5 MB.

Unloading 49 unused Assets to reduce memory usage. Loaded Objects now: 3849.
Total: 8.432300 ms (FindLiveObjects: 0.559500 ms CreateObjectMapping: 0.322700 ms MarkObjects: 7.513200 ms  DeleteObjects: 0.035300 ms)

========================================================================
Received Prepare
Registering precompiled user dll's ...
Registered in 0.020431 seconds.
Begin MonoManager ReloadAssembly
Native extension for WindowsStandalone target not found
Refreshing native plugins compatible for Editor in 0.94 ms, found 0 plugins.
Preloading 0 native plugins for Editor in 0.00 ms.
UnityIAP: [InitializeOnLoad] Facebook Check
UnityIAP: Runtime [2020.2.1f1]
UnityIAP: Current Build is Android:Android
UnityIAP: stub FacebookStore.dll disabled
Invoked RoslynAnalysisRunner static constructor.
RoslynAnalysisRunner will not be running.
RoslynAnalysisRunner has terminated.
Mono: successfully reloaded assembly
- Completed reload, in  1.792 seconds
Platform modules already initialized, skipping
Shader 'Universal Render Pipeline/Particles/Lit': fallback shader 'Universal Render Pipeline/Particles/SimpleLit' not found
Refreshing native plugins compatible for Editor in 2.14 ms, found 0 plugins.
Preloading 0 native plugins for Editor in 0.00 ms.
Unloading 3193 Unused Serialized files (Serialized files now loaded: 0)
System memory in use before: 215.3 MB.
System memory in use after: 215.5 MB.

Unloading 49 unused Assets to reduce memory usage. Loaded Objects now: 3851.
Total: 9.967900 ms (FindLiveObjects: 0.327700 ms CreateObjectMapping: 0.197200 ms MarkObjects: 9.407400 ms  DeleteObjects: 0.034100 ms)

========================================================================
Received Prepare
Registering precompiled user dll's ...
Registered in 0.008393 seconds.
Begin MonoManager ReloadAssembly
Native extension for WindowsStandalone target not found
Refreshing native plugins compatible for Editor in 0.83 ms, found 0 plugins.
Preloading 0 native plugins for Editor in 0.00 ms.
UnityIAP: [InitializeOnLoad] Facebook Check
UnityIAP: Runtime [2020.2.1f1]
UnityIAP: Current Build is Android:Android
UnityIAP: stub FacebookStore.dll disabled
Invoked RoslynAnalysisRunner static constructor.
RoslynAnalysisRunner will not be running.
RoslynAnalysisRunner has terminated.
Mono: successfully reloaded assembly
- Completed reload, in  1.776 seconds
Platform modules already initialized, skipping
Shader 'Universal Render Pipeline/Particles/Lit': fallback shader 'Universal Render Pipeline/Particles/SimpleLit' not found
Refreshing native plugins compatible for Editor in 0.98 ms, found 0 plugins.
Preloading 0 native plugins for Editor in 0.00 ms.
Unloading 3193 Unused Serialized files (Serialized files now loaded: 0)
System memory in use before: 215.3 MB.
System memory in use after: 215.5 MB.

Unloading 49 unused Assets to reduce memory usage. Loaded Objects now: 3853.
Total: 6.344800 ms (FindLiveObjects: 0.434300 ms CreateObjectMapping: 0.169400 ms MarkObjects: 5.706100 ms  DeleteObjects: 0.033400 ms)

========================================================================
Received Prepare
Registering precompiled user dll's ...
Registered in 0.012918 seconds.
Begin MonoManager ReloadAssembly
Native extension for WindowsStandalone target not found
Refreshing native plugins compatible for Editor in 0.87 ms, found 0 plugins.
Preloading 0 native plugins for Editor in 0.00 ms.
UnityIAP: [InitializeOnLoad] Facebook Check
UnityIAP: Runtime [2020.2.1f1]
UnityIAP: Current Build is Android:Android
UnityIAP: stub FacebookStore.dll disabled
Invoked RoslynAnalysisRunner static constructor.
RoslynAnalysisRunner will not be running.
RoslynAnalysisRunner has terminated.
Mono: successfully reloaded assembly
- Completed reload, in  1.732 seconds
Platform modules already initialized, skipping
Shader 'Universal Render Pipeline/Particles/Lit': fallback shader 'Universal Render Pipeline/Particles/SimpleLit' not found
Refreshing native plugins compatible for Editor in 1.06 ms, found 0 plugins.
Preloading 0 native plugins for Editor in 0.00 ms.
Unloading 3193 Unused Serialized files (Serialized files now loaded: 0)
System memory in use before: 215.3 MB.
System memory in use after: 215.5 MB.

Unloading 49 unused Assets to reduce memory usage. Loaded Objects now: 3855.
Total: 7.313200 ms (FindLiveObjects: 0.372700 ms CreateObjectMapping: 0.205300 ms MarkObjects: 6.687600 ms  DeleteObjects: 0.046100 ms)

========================================================================
Received Prepare
Registering precompiled user dll's ...
Registered in 0.011760 seconds.
Begin MonoManager ReloadAssembly
Native extension for WindowsStandalone target not found
Refreshing native plugins compatible for Editor in 1.04 ms, found 0 plugins.
Preloading 0 native plugins for Editor in 0.00 ms.
UnityIAP: [InitializeOnLoad] Facebook Check
UnityIAP: Runtime [2020.2.1f1]
UnityIAP: Current Build is Android:Android
UnityIAP: stub FacebookStore.dll disabled
Invoked RoslynAnalysisRunner static constructor.
RoslynAnalysisRunner will not be running.
RoslynAnalysisRunner has terminated.
Mono: successfully reloaded assembly
- Completed reload, in  1.290 seconds
Platform modules already initialized, skipping
Shader 'Universal Render Pipeline/Particles/Lit': fallback shader 'Universal Render Pipeline/Particles/SimpleLit' not found
Refreshing native plugins compatible for Editor in 0.93 ms, found 0 plugins.
Preloading 0 native plugins for Editor in 0.00 ms.
Unloading 3193 Unused Serialized files (Serialized files now loaded: 0)
System memory in use before: 215.3 MB.
System memory in use after: 215.5 MB.

Unloading 49 unused Assets to reduce memory usage. Loaded Objects now: 3857.
Total: 6.816400 ms (FindLiveObjects: 0.371400 ms CreateObjectMapping: 0.242000 ms MarkObjects: 6.157300 ms  DeleteObjects: 0.043900 ms)

========================================================================
Received Prepare
Registering precompiled user dll's ...
Registered in 0.007631 seconds.
Begin MonoManager ReloadAssembly
Native extension for WindowsStandalone target not found
Refreshing native plugins compatible for Editor in 0.93 ms, found 0 plugins.
Preloading 0 native plugins for Editor in 0.00 ms.
UnityIAP: [InitializeOnLoad] Facebook Check
UnityIAP: Runtime [2020.2.1f1]
UnityIAP: Current Build is Android:Android
UnityIAP: stub FacebookStore.dll disabled
Invoked RoslynAnalysisRunner static constructor.
RoslynAnalysisRunner will not be running.
RoslynAnalysisRunner has terminated.
Mono: successfully reloaded assembly
- Completed reload, in  1.320 seconds
Platform modules already initialized, skipping
Shader 'Universal Render Pipeline/Particles/Lit': fallback shader 'Universal Render Pipeline/Particles/SimpleLit' not found
Refreshing native plugins compatible for Editor in 0.96 ms, found 0 plugins.
Preloading 0 native plugins for Editor in 0.00 ms.
Unloading 3193 Unused Serialized files (Serialized files now loaded: 0)
System memory in use before: 215.3 MB.
System memory in use after: 215.6 MB.

Unloading 49 unused Assets to reduce memory usage. Loaded Objects now: 3859.
Total: 6.335500 ms (FindLiveObjects: 0.327000 ms CreateObjectMapping: 0.185300 ms MarkObjects: 5.782700 ms  DeleteObjects: 0.039100 ms)

========================================================================
Received Prepare
Registering precompiled user dll's ...
Registered in 0.010436 seconds.
Begin MonoManager ReloadAssembly
Native extension for WindowsStandalone target not found
Refreshing native plugins compatible for Editor in 0.87 ms, found 0 plugins.
Preloading 0 native plugins for Editor in 0.00 ms.
UnityIAP: [InitializeOnLoad] Facebook Check
UnityIAP: Runtime [2020.2.1f1]
UnityIAP: Current Build is Android:Android
UnityIAP: stub FacebookStore.dll disabled
Invoked RoslynAnalysisRunner static constructor.
RoslynAnalysisRunner will not be running.
RoslynAnalysisRunner has terminated.
Mono: successfully reloaded assembly
- Completed reload, in  2.258 seconds
Platform modules already initialized, skipping
Shader 'Universal Render Pipeline/Particles/Lit': fallback shader 'Universal Render Pipeline/Particles/SimpleLit' not found
Refreshing native plugins compatible for Editor in 1.12 ms, found 0 plugins.
Preloading 0 native plugins for Editor in 0.00 ms.
Unloading 3193 Unused Serialized files (Serialized files now loaded: 0)
System memory in use before: 215.3 MB.
System memory in use after: 215.6 MB.

Unloading 49 unused Assets to reduce memory usage. Loaded Objects now: 3861.
Total: 6.819400 ms (FindLiveObjects: 0.404000 ms CreateObjectMapping: 0.228900 ms MarkObjects: 6.142400 ms  DeleteObjects: 0.042200 ms)

========================================================================
Received Prepare
Registering precompiled user dll's ...
Registered in 0.017643 seconds.
Begin MonoManager ReloadAssembly
Native extension for WindowsStandalone target not found
Refreshing native plugins compatible for Editor in 0.95 ms, found 0 plugins.
Preloading 0 native plugins for Editor in 0.00 ms.
UnityIAP: [InitializeOnLoad] Facebook Check
UnityIAP: Runtime [2020.2.1f1]
UnityIAP: Current Build is Android:Android
UnityIAP: stub FacebookStore.dll disabled
Invoked RoslynAnalysisRunner static constructor.
RoslynAnalysisRunner will not be running.
RoslynAnalysisRunner has terminated.
Mono: successfully reloaded assembly
- Completed reload, in  1.432 seconds
Platform modules already initialized, skipping
Shader 'Universal Render Pipeline/Particles/Lit': fallback shader 'Universal Render Pipeline/Particles/SimpleLit' not found
Refreshing native plugins compatible for Editor in 0.86 ms, found 0 plugins.
Preloading 0 native plugins for Editor in 0.00 ms.
Unloading 3193 Unused Serialized files (Serialized files now loaded: 0)
System memory in use before: 215.3 MB.
System memory in use after: 215.6 MB.

Unloading 49 unused Assets to reduce memory usage. Loaded Objects now: 3863.
Total: 12.413200 ms (FindLiveObjects: 3.289500 ms CreateObjectMapping: 0.385200 ms MarkObjects: 8.696300 ms  DeleteObjects: 0.040400 ms)

========================================================================
Received Prepare
Registering precompiled user dll's ...
Registered in 0.028938 seconds.
Begin MonoManager ReloadAssembly
Native extension for WindowsStandalone target not found
Refreshing native plugins compatible for Editor in 1.08 ms, found 0 plugins.
Preloading 0 native plugins for Editor in 0.00 ms.
UnityIAP: [InitializeOnLoad] Facebook Check
UnityIAP: Runtime [2020.2.1f1]
UnityIAP: Current Build is Android:Android
UnityIAP: stub FacebookStore.dll disabled
Invoked RoslynAnalysisRunner static constructor.
RoslynAnalysisRunner will not be running.
RoslynAnalysisRunner has terminated.
Mono: successfully reloaded assembly
- Completed reload, in  3.115 seconds
Platform modules already initialized, skipping
Shader 'Universal Render Pipeline/Particles/Lit': fallback shader 'Universal Render Pipeline/Particles/SimpleLit' not found
Refreshing native plugins compatible for Editor in 0.85 ms, found 0 plugins.
Preloading 0 native plugins for Editor in 0.00 ms.
Unloading 3193 Unused Serialized files (Serialized files now loaded: 0)
System memory in use before: 215.3 MB.
System memory in use after: 215.6 MB.

Unloading 49 unused Assets to reduce memory usage. Loaded Objects now: 3865.
Total: 16.455100 ms (FindLiveObjects: 1.482600 ms CreateObjectMapping: 0.525900 ms MarkObjects: 14.397800 ms  DeleteObjects: 0.046900 ms)

========================================================================
Received Prepare
Registering precompiled user dll's ...
Registered in 0.036432 seconds.
Begin MonoManager ReloadAssembly
Native extension for WindowsStandalone target not found
Refreshing native plugins compatible for Editor in 1.03 ms, found 0 plugins.
Preloading 0 native plugins for Editor in 0.00 ms.
UnityIAP: [InitializeOnLoad] Facebook Check
UnityIAP: Runtime [2020.2.1f1]
UnityIAP: Current Build is Android:Android
UnityIAP: stub FacebookStore.dll disabled
Invoked RoslynAnalysisRunner static constructor.
RoslynAnalysisRunner will not be running.
RoslynAnalysisRunner has terminated.
Mono: successfully reloaded assembly
- Completed reload, in  3.145 seconds
Platform modules already initialized, skipping
Shader 'Universal Render Pipeline/Particles/Lit': fallback shader 'Universal Render Pipeline/Particles/SimpleLit' not found
Refreshing native plugins compatible for Editor in 0.95 ms, found 0 plugins.
Preloading 0 native plugins for Editor in 0.00 ms.
Unloading 3193 Unused Serialized files (Serialized files now loaded: 0)
System memory in use before: 215.3 MB.
System memory in use after: 215.6 MB.

Unloading 49 unused Assets to reduce memory usage. Loaded Objects now: 3867.
Total: 15.979500 ms (FindLiveObjects: 1.384200 ms CreateObjectMapping: 0.330600 ms MarkObjects: 14.220800 ms  DeleteObjects: 0.042200 ms)

========================================================================
Received Import Request.
  Time since last request: 15724.227864 seconds.
  path: Assets/Sprites/MuteAudioIcon.png
  artifactKey: Guid(c7b8380af1231714e9f820212e601ca2) Importer(815301076,1909f56bfc062723c751e8b465ee728b)
Start importing Assets/Sprites/MuteAudioIcon.png using Guid(c7b8380af1231714e9f820212e601ca2) Importer(815301076,1909f56bfc062723c751e8b465ee728b)  -> (artifact id: '13f5213938fe7c65cbbee32fdc252a30') in 1.235081 seconds
  Import took 1.249066 seconds .

========================================================================
Received Import Request.
  Time since last request: 24.036366 seconds.
  path: Assets/Sprites/MuteAudioIcon.png
  artifactKey: Guid(c7b8380af1231714e9f820212e601ca2) Importer(815301076,1909f56bfc062723c751e8b465ee728b)
Start importing Assets/Sprites/MuteAudioIcon.png using Guid(c7b8380af1231714e9f820212e601ca2) Importer(815301076,1909f56bfc062723c751e8b465ee728b)  -> (artifact id: '955a629ceeee00005276f675c74591ad') in 0.223236 seconds
  Import took 0.233316 seconds .

========================================================================
Received Import Request.
  Time since last request: 76.045775 seconds.
  path: Assets/Sprites/MuteAudioIcon 1.png
  artifactKey: Guid(5c7f163821e00ee4b905690ffdeaf7ae) Importer(815301076,1909f56bfc062723c751e8b465ee728b)
Start importing Assets/Sprites/MuteAudioIcon 1.png using Guid(5c7f163821e00ee4b905690ffdeaf7ae) Importer(815301076,1909f56bfc062723c751e8b465ee728b)  -> (artifact id: '83ec5ffbad52b7278b9146d5e409a65f') in 0.109806 seconds
  Import took 0.118646 seconds .

========================================================================
Received Import Request.
  Time since last request: 12.208843 seconds.
  path: Assets/Sprites/MuteAudioIcon 1.png
  artifactKey: Guid(5c7f163821e00ee4b905690ffdeaf7ae) Importer(815301076,1909f56bfc062723c751e8b465ee728b)
Start importing Assets/Sprites/MuteAudioIcon 1.png using Guid(5c7f163821e00ee4b905690ffdeaf7ae) Importer(815301076,1909f56bfc062723c751e8b465ee728b)  -> (artifact id: 'bf1bf4e8ec96775f92f26d57cace6f89') in 0.108002 seconds
  Import took 0.116191 seconds .

========================================================================
Received Prepare
Registering precompiled user dll's ...
Registered in 0.010039 seconds.
Begin MonoManager ReloadAssembly
Native extension for WindowsStandalone target not found
Refreshing native plugins compatible for Editor in 0.83 ms, found 0 plugins.
Preloading 0 native plugins for Editor in 0.00 ms.
UnityIAP: [InitializeOnLoad] Facebook Check
UnityIAP: Runtime [2020.2.1f1]
UnityIAP: Current Build is Android:Android
UnityIAP: stub FacebookStore.dll disabled
Invoked RoslynAnalysisRunner static constructor.
RoslynAnalysisRunner will not be running.
RoslynAnalysisRunner has terminated.
Mono: successfully reloaded assembly
- Completed reload, in  1.232 seconds
Platform modules already initialized, skipping
Shader 'Universal Render Pipeline/Particles/Lit': fallback shader 'Universal Render Pipeline/Particles/SimpleLit' not found
Refreshing native plugins compatible for Editor in 0.93 ms, found 0 plugins.
Preloading 0 native plugins for Editor in 0.00 ms.
Unloading 3193 Unused Serialized files (Serialized files now loaded: 0)
System memory in use before: 215.4 MB.
System memory in use after: 215.6 MB.

Unloading 49 unused Assets to reduce memory usage. Loaded Objects now: 3874.
Total: 6.207300 ms (FindLiveObjects: 0.312400 ms CreateObjectMapping: 0.163200 ms MarkObjects: 5.579500 ms  DeleteObjects: 0.150000 ms)

========================================================================
Received Import Request.
  Time since last request: 120.467274 seconds.
  path: Assets/Sprites/MuteAudioIcon.png
  artifactKey: Guid(c7b8380af1231714e9f820212e601ca2) Importer(815301076,1909f56bfc062723c751e8b465ee728b)
Start importing Assets/Sprites/MuteAudioIcon.png using Guid(c7b8380af1231714e9f820212e601ca2) Importer(815301076,1909f56bfc062723c751e8b465ee728b)  -> (artifact id: '26e9652d9483e8d62049f0a42797fec5') in 0.087238 seconds
  Import took 0.093696 seconds .

========================================================================
Received Import Request.
  Time since last request: 0.019938 seconds.
  path: Assets/Sprites/MuteAudioIcon.png
  artifactKey: Guid(c7b8380af1231714e9f820212e601ca2) Importer(815301076,1909f56bfc062723c751e8b465ee728b)
Start importing Assets/Sprites/MuteAudioIcon.png using Guid(c7b8380af1231714e9f820212e601ca2) Importer(815301076,1909f56bfc062723c751e8b465ee728b)  -> (artifact id: '26e9652d9483e8d62049f0a42797fec5') in 0.023980 seconds
  Import took 0.030272 seconds .

========================================================================
Received Import Request.
  Time since last request: 9.638130 seconds.
  path: Assets/Sprites/MuteAudioIcon.png
  artifactKey: Guid(c7b8380af1231714e9f820212e601ca2) Importer(815301076,1909f56bfc062723c751e8b465ee728b)
Start importing Assets/Sprites/MuteAudioIcon.png using Guid(c7b8380af1231714e9f820212e601ca2) Importer(815301076,1909f56bfc062723c751e8b465ee728b)  -> (artifact id: '3e67f29f0af0bef2d849947773baff3a') in 0.095066 seconds
  Import took 0.100325 seconds .

========================================================================
Received Import Request.
  Time since last request: 151.959945 seconds.
  path: Assets/Scenes/Level01.unity
  artifactKey: Guid(e188047710bb90d408ab005227990ad0) Importer(815301076,1909f56bfc062723c751e8b465ee728b)
Start importing Assets/Scenes/Level01.unity using Guid(e188047710bb90d408ab005227990ad0) Importer(815301076,1909f56bfc062723c751e8b465ee728b)  -> (artifact id: '33f46ae352cb48ccdbe8ca986537c0d5') in 0.012617 seconds
  Import took 0.021109 seconds .

========================================================================
Received Import Request.
  Time since last request: 88.554526 seconds.
  path: Assets/Scenes/MainMenu.unity
  artifactKey: Guid(77da14b0c20284c4aa96c2433fdc6854) Importer(815301076,1909f56bfc062723c751e8b465ee728b)
Start importing Assets/Scenes/MainMenu.unity using Guid(77da14b0c20284c4aa96c2433fdc6854) Importer(815301076,1909f56bfc062723c751e8b465ee728b)  -> (artifact id: '93c76b24213b249a34f71d83c491c32c') in 0.032901 seconds
  Import took 0.039448 seconds .

========================================================================
Received Import Request.
  Time since last request: 423.023701 seconds.
  path: Assets/Scenes/UpgradeScene.unity
  artifactKey: Guid(db586b10f4bd338459bd137b544c288c) Importer(815301076,1909f56bfc062723c751e8b465ee728b)
Start importing Assets/Scenes/UpgradeScene.unity using Guid(db586b10f4bd338459bd137b544c288c) Importer(815301076,1909f56bfc062723c751e8b465ee728b)  -> (artifact id: 'a59dea0d872dc0ad48910be31996c7d4') in 0.033289 seconds
  Import took 0.048776 seconds .

AssetImportWorkerClient::OnTransportError - code=2 error=End of file
