Using pre-set license
Built from '2020.2/release' branch; Version is '2020.2.1f1 (270dd8c3da1c) revision 2559448'; Using compiler version '192528614'; Build Type 'Release'
OS: 'Windows 10  (10.0.0) 64bit' Language: 'en' Physical Memory: 16347 MB
BatchMode: 1, IsHumanControllingUs: 0, StartBugReporterOnCrash: 0, Is64bit: 1, IsPro: 0

 COMMAND LINE ARGUMENTS:
D:\Unity\2020.2.1f1\Editor\Unity.exe
-adb2
-batchMode
-noUpm
-name
AssetImportWorker1
-projectPath
D:/Projekty/TowerDeffence3D/TD
-logFile
Logs/AssetImportWorker1.log
-srvPort
50057
Successfully changed project path to: D:/Projekty/TowerDeffence3D/TD
D:/Projekty/TowerDeffence3D/TD
Using Asset Import Pipeline V2.
Refreshing native plugins compatible for Editor in 76.18 ms, found 0 plugins.
Preloading 0 native plugins for Editor in 0.00 ms.
Initialize engine version: 2020.2.1f1 (270dd8c3da1c)
[Subsystems] Discovering subsystems at path D:/Unity/2020.2.1f1/Editor/Data/Resources/UnitySubsystems
[Subsystems] Discovering subsystems at path D:/Projekty/TowerDeffence3D/TD/Assets
GfxDevice: creating device client; threaded=0
Direct3D:
    Version:  Direct3D 11.0 [level 11.1]
    Renderer: NVIDIA GeForce GTX 1060 6GB (ID=0x1c03)
    Vendor:   
    VRAM:     6052 MB
    Driver:   27.21.14.6089
Shader 'Universal Render Pipeline/Particles/Lit': fallback shader 'Universal Render Pipeline/Particles/SimpleLit' not found
Initialize mono
Mono path[0] = 'D:/Unity/2020.2.1f1/Editor/Data/Managed'
Mono path[1] = 'D:/Unity/2020.2.1f1/Editor/Data/MonoBleedingEdge/lib/mono/unityjit'
Mono config path = 'D:/Unity/2020.2.1f1/Editor/Data/MonoBleedingEdge/etc'
Using monoOptions --debugger-agent=transport=dt_socket,embedding=1,server=y,suspend=n,address=127.0.0.1:56000
Begin MonoManager ReloadAssembly
Registering precompiled unity dll's ...
Register platform support module: D:/Unity/2020.2.1f1/Editor/Data/PlaybackEngines/WindowsStandaloneSupport/UnityEditor.WindowsStandalone.Extensions.dll
Registered in 0.001180 seconds.
Native extension for WindowsStandalone target not found
Refreshing native plugins compatible for Editor in 62.77 ms, found 0 plugins.
Preloading 0 native plugins for Editor in 0.00 ms.
Invoked RoslynAnalysisRunner static constructor.
RoslynAnalysisRunner will not be running.
RoslynAnalysisRunner has terminated.
Mono: successfully reloaded assembly
- Completed reload, in  2.431 seconds
Platform modules already initialized, skipping
Registering precompiled user dll's ...
Registered in 0.007070 seconds.
Begin MonoManager ReloadAssembly
Native extension for WindowsStandalone target not found
Refreshing native plugins compatible for Editor in 63.85 ms, found 0 plugins.
Preloading 0 native plugins for Editor in 0.00 ms.
UnityIAP: [InitializeOnLoad] Facebook Check
UnityIAP: Runtime [2020.2.1f1]
UnityIAP: Current Build is Android:StandaloneWindows
UnityIAP: stub FacebookStore.dll disabled
Invoked RoslynAnalysisRunner static constructor.
RoslynAnalysisRunner will not be running.
RoslynAnalysisRunner has terminated.
Mono: successfully reloaded assembly
- Completed reload, in  3.003 seconds
Platform modules already initialized, skipping
========================================================================
Worker process is ready to serve import requests
Shader 'Universal Render Pipeline/Particles/Lit': fallback shader 'Universal Render Pipeline/Particles/SimpleLit' not found
Launched and connected shader compiler UnityShaderCompiler.exe after 0.06 seconds
Refreshing native plugins compatible for Editor in 0.69 ms, found 0 plugins.
Preloading 0 native plugins for Editor in 0.00 ms.
Unloading 3147 Unused Serialized files (Serialized files now loaded: 0)
System memory in use before: 205.9 MB.
System memory in use after: 206.1 MB.

Unloading 47 unused Assets to reduce memory usage. Loaded Objects now: 3573.
Total: 5.205100 ms (FindLiveObjects: 0.297000 ms CreateObjectMapping: 0.172700 ms MarkObjects: 4.624100 ms  DeleteObjects: 0.110200 ms)

========================================================================
Received Import Request.
  path: Assets/Enemies/Tank/Solid.prefab
  artifactKey: Guid(922f9738c9953ab478524d6c2a15d52e) Importer(815301076,1909f56bfc062723c751e8b465ee728b)
Start importing Assets/Enemies/Tank/Solid.prefab using Guid(922f9738c9953ab478524d6c2a15d52e) Importer(815301076,1909f56bfc062723c751e8b465ee728b)  -> (artifact id: '45f18ea254113d933f5cfb730ec60aeb') in 0.203879 seconds
  Import took 0.219179 seconds .

========================================================================
Received Import Request.
  Time since last request: 0.000278 seconds.
  path: Assets/Enemies/Fast/EnemyFastest.prefab
  artifactKey: Guid(4d9d5aa59aa8518439af8da0a6b36c11) Importer(815301076,1909f56bfc062723c751e8b465ee728b)
Start importing Assets/Enemies/Fast/EnemyFastest.prefab using Guid(4d9d5aa59aa8518439af8da0a6b36c11) Importer(815301076,1909f56bfc062723c751e8b465ee728b)  -> (artifact id: '9b4c2ebc203c493d3b06ef8bfee6cbfc') in 0.079813 seconds
  Import took 0.085317 seconds .

========================================================================
Received Import Request.
  Time since last request: 49.966336 seconds.
  path: Assets/Enemies/Tank/Solid 1.prefab
  artifactKey: Guid(845f20dd42a364947a701680dad534e8) Importer(815301076,1909f56bfc062723c751e8b465ee728b)
Start importing Assets/Enemies/Tank/Solid 1.prefab using Guid(845f20dd42a364947a701680dad534e8) Importer(815301076,1909f56bfc062723c751e8b465ee728b)  -> (artifact id: '141cee7739e84ec53f22a49dae12d865') in 0.027025 seconds
  Import took 0.033538 seconds .

========================================================================
Received Import Request.
  Time since last request: 0.002393 seconds.
  path: Assets/Enemies/Tank/Solid 1.prefab
  artifactKey: Guid(845f20dd42a364947a701680dad534e8) Importer(815301076,1909f56bfc062723c751e8b465ee728b)
Start importing Assets/Enemies/Tank/Solid 1.prefab using Guid(845f20dd42a364947a701680dad534e8) Importer(815301076,1909f56bfc062723c751e8b465ee728b)  -> (artifact id: '141cee7739e84ec53f22a49dae12d865') in 0.012313 seconds
  Import took 0.017601 seconds .

========================================================================
Received Import Request.
  Time since last request: 7.980985 seconds.
  path: Assets/Enemies/Tank/Tank.prefab
  artifactKey: Guid(845f20dd42a364947a701680dad534e8) Importer(815301076,1909f56bfc062723c751e8b465ee728b)
Start importing Assets/Enemies/Tank/Tank.prefab using Guid(845f20dd42a364947a701680dad534e8) Importer(815301076,1909f56bfc062723c751e8b465ee728b)  -> (artifact id: '9569ca10014d397d61697cfccca5ce83') in 0.020852 seconds
  Import took 0.027232 seconds .

========================================================================
Received Import Request.
  Time since last request: 147.155258 seconds.
  path: Assets/Scripts/Turret.cs
  artifactKey: Guid(b5c3af94fdd6e17468c078604662ae80) Importer(815301076,1909f56bfc062723c751e8b465ee728b)
Start importing Assets/Scripts/Turret.cs using Guid(b5c3af94fdd6e17468c078604662ae80) Importer(815301076,1909f56bfc062723c751e8b465ee728b)  -> (artifact id: '0f9d7ce8b4658babaa8ab6a72632e21c') in 0.030962 seconds
  Import took 0.037504 seconds .

========================================================================
Received Import Request.
  Time since last request: 0.053771 seconds.
  path: Assets/Scripts/Turret.cs
  artifactKey: Guid(b5c3af94fdd6e17468c078604662ae80) Importer(815301076,1909f56bfc062723c751e8b465ee728b)
Start importing Assets/Scripts/Turret.cs using Guid(b5c3af94fdd6e17468c078604662ae80) Importer(815301076,1909f56bfc062723c751e8b465ee728b)  -> (artifact id: '0f9d7ce8b4658babaa8ab6a72632e21c') in 0.008826 seconds
  Import took 0.013621 seconds .

========================================================================
Received Import Request.
  Time since last request: 39.320529 seconds.
  path: Assets/Scripts/TurretBlueprint.cs
  artifactKey: Guid(f80e396f112d73049ae3cce7b0d926a2) Importer(815301076,1909f56bfc062723c751e8b465ee728b)
Start importing Assets/Scripts/TurretBlueprint.cs using Guid(f80e396f112d73049ae3cce7b0d926a2) Importer(815301076,1909f56bfc062723c751e8b465ee728b)  -> (artifact id: '4b3cc5e1e0de4dbd0a3a4228ff041eca') in 0.015264 seconds
  Import took 0.020413 seconds .

========================================================================
Received Prepare
Registering precompiled user dll's ...
Registered in 0.014784 seconds.
Begin MonoManager ReloadAssembly
Native extension for WindowsStandalone target not found
Refreshing native plugins compatible for Editor in 0.80 ms, found 0 plugins.
Preloading 0 native plugins for Editor in 0.00 ms.
UnityIAP: [InitializeOnLoad] Facebook Check
UnityIAP: Runtime [2020.2.1f1]
UnityIAP: Current Build is Android:Android
UnityIAP: stub FacebookStore.dll disabled
Invoked RoslynAnalysisRunner static constructor.
RoslynAnalysisRunner will not be running.
RoslynAnalysisRunner has terminated.
Mono: successfully reloaded assembly
- Completed reload, in  1.148 seconds
Platform modules already initialized, skipping
Shader 'Universal Render Pipeline/Particles/Lit': fallback shader 'Universal Render Pipeline/Particles/SimpleLit' not found
Refreshing native plugins compatible for Editor in 0.70 ms, found 0 plugins.
Preloading 0 native plugins for Editor in 0.00 ms.
Unloading 3065 Unused Serialized files (Serialized files now loaded: 0)
System memory in use before: 204.1 MB.
System memory in use after: 204.3 MB.

Unloading 42 unused Assets to reduce memory usage. Loaded Objects now: 3582.
Total: 7.322600 ms (FindLiveObjects: 0.596300 ms CreateObjectMapping: 0.251400 ms MarkObjects: 6.443300 ms  DeleteObjects: 0.030100 ms)

========================================================================
Received Import Request.
  Time since last request: 432.246732 seconds.
  path: Assets/Scripts/Bullet.cs
  artifactKey: Guid(ee2aa0d5e81c4f64b841d8cbc06da614) Importer(815301076,1909f56bfc062723c751e8b465ee728b)
Start importing Assets/Scripts/Bullet.cs using Guid(ee2aa0d5e81c4f64b841d8cbc06da614) Importer(815301076,1909f56bfc062723c751e8b465ee728b)  -> (artifact id: 'e4a5b5f24f1e3a3e5e09c09af04d02ce') in 0.021565 seconds
  Import took 0.042146 seconds .

========================================================================
Received Prepare
Registering precompiled user dll's ...
Registered in 0.006841 seconds.
Begin MonoManager ReloadAssembly
Native extension for WindowsStandalone target not found
Refreshing native plugins compatible for Editor in 0.93 ms, found 0 plugins.
Preloading 0 native plugins for Editor in 0.00 ms.
UnityIAP: [InitializeOnLoad] Facebook Check
UnityIAP: Runtime [2020.2.1f1]
UnityIAP: Current Build is Android:Android
UnityIAP: stub FacebookStore.dll disabled
Invoked RoslynAnalysisRunner static constructor.
RoslynAnalysisRunner will not be running.
RoslynAnalysisRunner has terminated.
Mono: successfully reloaded assembly
- Completed reload, in  1.247 seconds
Platform modules already initialized, skipping
Shader 'Universal Render Pipeline/Particles/Lit': fallback shader 'Universal Render Pipeline/Particles/SimpleLit' not found
Refreshing native plugins compatible for Editor in 0.77 ms, found 0 plugins.
Preloading 0 native plugins for Editor in 0.00 ms.
Unloading 3066 Unused Serialized files (Serialized files now loaded: 0)
System memory in use before: 204.2 MB.
System memory in use after: 204.4 MB.

Unloading 42 unused Assets to reduce memory usage. Loaded Objects now: 3584.
Total: 5.583300 ms (FindLiveObjects: 0.389900 ms CreateObjectMapping: 0.285600 ms MarkObjects: 4.880300 ms  DeleteObjects: 0.025900 ms)

========================================================================
Received Import Request.
  Time since last request: 2619.340434 seconds.
  path: Assets/Enemies/EnemyFast.prefab
  artifactKey: Guid(74dbb6409a5fae84381be8ed2dd8dccd) Importer(815301076,1909f56bfc062723c751e8b465ee728b)
Start importing Assets/Enemies/EnemyFast.prefab using Guid(74dbb6409a5fae84381be8ed2dd8dccd) Importer(815301076,1909f56bfc062723c751e8b465ee728b)  -> (artifact id: '0f482637a16aa0aee9cb3474423e7958') in 0.138905 seconds
  Import took 0.146498 seconds .

========================================================================
Received Import Request.
  Time since last request: 0.000223 seconds.
  path: Assets/Enemies/EnemySimple.prefab
  artifactKey: Guid(4f2ba92579bdda04a8c537d986a542cf) Importer(815301076,1909f56bfc062723c751e8b465ee728b)
Start importing Assets/Enemies/EnemySimple.prefab using Guid(4f2ba92579bdda04a8c537d986a542cf) Importer(815301076,1909f56bfc062723c751e8b465ee728b)  -> (artifact id: 'e4fd1b1c36eb0474e3ee88bb815984b5') in 0.125523 seconds
  Import took 0.133649 seconds .

========================================================================
Received Import Request.
  Time since last request: 0.000167 seconds.
  path: Assets/Enemies/Healer.prefab
  artifactKey: Guid(38667bf6f435460419e34d7cbdc953b3) Importer(815301076,1909f56bfc062723c751e8b465ee728b)
Start importing Assets/Enemies/Healer.prefab using Guid(38667bf6f435460419e34d7cbdc953b3) Importer(815301076,1909f56bfc062723c751e8b465ee728b)  -> (artifact id: '8eee696fbf77d519983bb9fe8aa300fd') in 0.080451 seconds
  Import took 0.099749 seconds .

========================================================================
Received Import Request.
  Time since last request: 0.000599 seconds.
  path: Assets/Enemies/EnemyTough.prefab
  artifactKey: Guid(2b1b1eb96c7d92b4c9becb30fbd06af1) Importer(815301076,1909f56bfc062723c751e8b465ee728b)
Start importing Assets/Enemies/EnemyTough.prefab using Guid(2b1b1eb96c7d92b4c9becb30fbd06af1) Importer(815301076,1909f56bfc062723c751e8b465ee728b)  -> (artifact id: '51e4fc5e0f8c2a9e00f6acfdfbab82be') in 0.127750 seconds
  Import took 0.138721 seconds .

========================================================================
Received Prepare
Registering precompiled user dll's ...
Registered in 0.007165 seconds.
Begin MonoManager ReloadAssembly
Native extension for WindowsStandalone target not found
Refreshing native plugins compatible for Editor in 0.80 ms, found 0 plugins.
Preloading 0 native plugins for Editor in 0.00 ms.
UnityIAP: [InitializeOnLoad] Facebook Check
UnityIAP: Runtime [2020.2.1f1]
UnityIAP: Current Build is Android:Android
UnityIAP: stub FacebookStore.dll disabled
Invoked RoslynAnalysisRunner static constructor.
RoslynAnalysisRunner will not be running.
RoslynAnalysisRunner has terminated.
Mono: successfully reloaded assembly
- Completed reload, in  1.207 seconds
Platform modules already initialized, skipping
Shader 'Universal Render Pipeline/Particles/Lit': fallback shader 'Universal Render Pipeline/Particles/SimpleLit' not found
Refreshing native plugins compatible for Editor in 0.72 ms, found 0 plugins.
Preloading 0 native plugins for Editor in 0.00 ms.
Unloading 3066 Unused Serialized files (Serialized files now loaded: 0)
System memory in use before: 204.3 MB.
System memory in use after: 204.5 MB.

Unloading 42 unused Assets to reduce memory usage. Loaded Objects now: 3589.
Total: 5.411100 ms (FindLiveObjects: 0.276500 ms CreateObjectMapping: 0.164600 ms MarkObjects: 4.935900 ms  DeleteObjects: 0.033000 ms)

========================================================================
Received Prepare
Registering precompiled user dll's ...
Registered in 0.008774 seconds.
Begin MonoManager ReloadAssembly
Native extension for WindowsStandalone target not found
Refreshing native plugins compatible for Editor in 0.79 ms, found 0 plugins.
Preloading 0 native plugins for Editor in 0.00 ms.
UnityIAP: [InitializeOnLoad] Facebook Check
UnityIAP: Runtime [2020.2.1f1]
UnityIAP: Current Build is Android:Android
UnityIAP: stub FacebookStore.dll disabled
Invoked RoslynAnalysisRunner static constructor.
RoslynAnalysisRunner will not be running.
RoslynAnalysisRunner has terminated.
Mono: successfully reloaded assembly
- Completed reload, in  1.149 seconds
Platform modules already initialized, skipping
Shader 'Universal Render Pipeline/Particles/Lit': fallback shader 'Universal Render Pipeline/Particles/SimpleLit' not found
Refreshing native plugins compatible for Editor in 0.73 ms, found 0 plugins.
Preloading 0 native plugins for Editor in 0.00 ms.
Unloading 3066 Unused Serialized files (Serialized files now loaded: 0)
System memory in use before: 204.3 MB.
System memory in use after: 204.5 MB.

Unloading 42 unused Assets to reduce memory usage. Loaded Objects now: 3591.
Total: 6.413600 ms (FindLiveObjects: 0.418700 ms CreateObjectMapping: 0.379300 ms MarkObjects: 5.514100 ms  DeleteObjects: 0.099400 ms)

========================================================================
Received Prepare
Registering precompiled user dll's ...
Registered in 0.013024 seconds.
Begin MonoManager ReloadAssembly
Native extension for WindowsStandalone target not found
Refreshing native plugins compatible for Editor in 0.78 ms, found 0 plugins.
Preloading 0 native plugins for Editor in 0.00 ms.
UnityIAP: [InitializeOnLoad] Facebook Check
UnityIAP: Runtime [2020.2.1f1]
UnityIAP: Current Build is Android:Android
UnityIAP: stub FacebookStore.dll disabled
Invoked RoslynAnalysisRunner static constructor.
RoslynAnalysisRunner will not be running.
RoslynAnalysisRunner has terminated.
Mono: successfully reloaded assembly
- Completed reload, in  1.594 seconds
Platform modules already initialized, skipping
Shader 'Universal Render Pipeline/Particles/Lit': fallback shader 'Universal Render Pipeline/Particles/SimpleLit' not found
Refreshing native plugins compatible for Editor in 0.82 ms, found 0 plugins.
Preloading 0 native plugins for Editor in 0.00 ms.
Unloading 3066 Unused Serialized files (Serialized files now loaded: 0)
System memory in use before: 204.3 MB.
System memory in use after: 204.5 MB.

Unloading 42 unused Assets to reduce memory usage. Loaded Objects now: 3593.
Total: 6.935000 ms (FindLiveObjects: 0.307500 ms CreateObjectMapping: 0.176800 ms MarkObjects: 6.402000 ms  DeleteObjects: 0.047000 ms)

========================================================================
Received Prepare
Registering precompiled user dll's ...
Registered in 0.009901 seconds.
Begin MonoManager ReloadAssembly
Native extension for WindowsStandalone target not found
Refreshing native plugins compatible for Editor in 0.77 ms, found 0 plugins.
Preloading 0 native plugins for Editor in 0.00 ms.
UnityIAP: [InitializeOnLoad] Facebook Check
UnityIAP: Runtime [2020.2.1f1]
UnityIAP: Current Build is Android:Android
UnityIAP: stub FacebookStore.dll disabled
Invoked RoslynAnalysisRunner static constructor.
RoslynAnalysisRunner will not be running.
RoslynAnalysisRunner has terminated.
Mono: successfully reloaded assembly
- Completed reload, in  1.357 seconds
Platform modules already initialized, skipping
Shader 'Universal Render Pipeline/Particles/Lit': fallback shader 'Universal Render Pipeline/Particles/SimpleLit' not found
Refreshing native plugins compatible for Editor in 0.70 ms, found 0 plugins.
Preloading 0 native plugins for Editor in 0.00 ms.
Unloading 3066 Unused Serialized files (Serialized files now loaded: 0)
System memory in use before: 204.3 MB.
System memory in use after: 204.6 MB.

Unloading 42 unused Assets to reduce memory usage. Loaded Objects now: 3595.
Total: 5.446600 ms (FindLiveObjects: 0.321900 ms CreateObjectMapping: 0.163000 ms MarkObjects: 4.931000 ms  DeleteObjects: 0.029300 ms)

========================================================================
Received Prepare
Registering precompiled user dll's ...
Registered in 0.006961 seconds.
Begin MonoManager ReloadAssembly
Native extension for WindowsStandalone target not found
Refreshing native plugins compatible for Editor in 0.73 ms, found 0 plugins.
Preloading 0 native plugins for Editor in 0.00 ms.
UnityIAP: [InitializeOnLoad] Facebook Check
UnityIAP: Runtime [2020.2.1f1]
UnityIAP: Current Build is Android:Android
UnityIAP: stub FacebookStore.dll disabled
Invoked RoslynAnalysisRunner static constructor.
RoslynAnalysisRunner will not be running.
RoslynAnalysisRunner has terminated.
Mono: successfully reloaded assembly
- Completed reload, in  1.071 seconds
Platform modules already initialized, skipping
Shader 'Universal Render Pipeline/Particles/Lit': fallback shader 'Universal Render Pipeline/Particles/SimpleLit' not found
Refreshing native plugins compatible for Editor in 0.74 ms, found 0 plugins.
Preloading 0 native plugins for Editor in 0.00 ms.
Unloading 3066 Unused Serialized files (Serialized files now loaded: 0)
System memory in use before: 204.3 MB.
System memory in use after: 204.6 MB.

Unloading 42 unused Assets to reduce memory usage. Loaded Objects now: 3597.
Total: 9.117500 ms (FindLiveObjects: 0.338100 ms CreateObjectMapping: 0.275300 ms MarkObjects: 8.472500 ms  DeleteObjects: 0.030300 ms)

========================================================================
Received Prepare
Registering precompiled user dll's ...
Registered in 0.008968 seconds.
Begin MonoManager ReloadAssembly
Native extension for WindowsStandalone target not found
Refreshing native plugins compatible for Editor in 0.73 ms, found 0 plugins.
Preloading 0 native plugins for Editor in 0.00 ms.
UnityIAP: [InitializeOnLoad] Facebook Check
UnityIAP: Runtime [2020.2.1f1]
UnityIAP: Current Build is Android:Android
UnityIAP: stub FacebookStore.dll disabled
Invoked RoslynAnalysisRunner static constructor.
RoslynAnalysisRunner will not be running.
RoslynAnalysisRunner has terminated.
Mono: successfully reloaded assembly
- Completed reload, in  1.157 seconds
Platform modules already initialized, skipping
Shader 'Universal Render Pipeline/Particles/Lit': fallback shader 'Universal Render Pipeline/Particles/SimpleLit' not found
Refreshing native plugins compatible for Editor in 0.75 ms, found 0 plugins.
Preloading 0 native plugins for Editor in 0.00 ms.
Unloading 3066 Unused Serialized files (Serialized files now loaded: 0)
System memory in use before: 204.3 MB.
System memory in use after: 204.6 MB.

Unloading 42 unused Assets to reduce memory usage. Loaded Objects now: 3599.
Total: 7.001600 ms (FindLiveObjects: 0.334900 ms CreateObjectMapping: 0.160200 ms MarkObjects: 6.475100 ms  DeleteObjects: 0.029500 ms)

========================================================================
Received Prepare
Registering precompiled user dll's ...
Registered in 0.007002 seconds.
Begin MonoManager ReloadAssembly
Native extension for WindowsStandalone target not found
Refreshing native plugins compatible for Editor in 0.92 ms, found 0 plugins.
Preloading 0 native plugins for Editor in 0.00 ms.
UnityIAP: [InitializeOnLoad] Facebook Check
UnityIAP: Runtime [2020.2.1f1]
UnityIAP: Current Build is Android:Android
UnityIAP: stub FacebookStore.dll disabled
Invoked RoslynAnalysisRunner static constructor.
RoslynAnalysisRunner will not be running.
RoslynAnalysisRunner has terminated.
Mono: successfully reloaded assembly
- Completed reload, in  1.374 seconds
Platform modules already initialized, skipping
Shader 'Universal Render Pipeline/Particles/Lit': fallback shader 'Universal Render Pipeline/Particles/SimpleLit' not found
Refreshing native plugins compatible for Editor in 0.81 ms, found 0 plugins.
Preloading 0 native plugins for Editor in 0.00 ms.
Unloading 3066 Unused Serialized files (Serialized files now loaded: 0)
System memory in use before: 204.3 MB.
System memory in use after: 204.6 MB.

Unloading 42 unused Assets to reduce memory usage. Loaded Objects now: 3601.
Total: 5.765900 ms (FindLiveObjects: 0.342100 ms CreateObjectMapping: 0.189900 ms MarkObjects: 5.204300 ms  DeleteObjects: 0.027900 ms)

========================================================================
Received Prepare
Registering precompiled user dll's ...
Registered in 0.007526 seconds.
Begin MonoManager ReloadAssembly
Native extension for WindowsStandalone target not found
Refreshing native plugins compatible for Editor in 0.76 ms, found 0 plugins.
Preloading 0 native plugins for Editor in 0.00 ms.
UnityIAP: [InitializeOnLoad] Facebook Check
UnityIAP: Runtime [2020.2.1f1]
UnityIAP: Current Build is Android:Android
UnityIAP: stub FacebookStore.dll disabled
Invoked RoslynAnalysisRunner static constructor.
RoslynAnalysisRunner will not be running.
RoslynAnalysisRunner has terminated.
Mono: successfully reloaded assembly
- Completed reload, in  1.193 seconds
Platform modules already initialized, skipping
Shader 'Universal Render Pipeline/Particles/Lit': fallback shader 'Universal Render Pipeline/Particles/SimpleLit' not found
Refreshing native plugins compatible for Editor in 0.70 ms, found 0 plugins.
Preloading 0 native plugins for Editor in 0.00 ms.
Unloading 3066 Unused Serialized files (Serialized files now loaded: 0)
System memory in use before: 204.3 MB.
System memory in use after: 204.6 MB.

Unloading 42 unused Assets to reduce memory usage. Loaded Objects now: 3603.
Total: 5.223100 ms (FindLiveObjects: 0.274700 ms CreateObjectMapping: 0.141100 ms MarkObjects: 4.750100 ms  DeleteObjects: 0.056000 ms)

========================================================================
Received Prepare
Registering precompiled user dll's ...
Registered in 0.007200 seconds.
Begin MonoManager ReloadAssembly
Native extension for WindowsStandalone target not found
Refreshing native plugins compatible for Editor in 0.83 ms, found 0 plugins.
Preloading 0 native plugins for Editor in 0.00 ms.
UnityIAP: [InitializeOnLoad] Facebook Check
UnityIAP: Runtime [2020.2.1f1]
UnityIAP: Current Build is Android:Android
UnityIAP: stub FacebookStore.dll disabled
Invoked RoslynAnalysisRunner static constructor.
RoslynAnalysisRunner will not be running.
RoslynAnalysisRunner has terminated.
Mono: successfully reloaded assembly
- Completed reload, in  1.126 seconds
Platform modules already initialized, skipping
Shader 'Universal Render Pipeline/Particles/Lit': fallback shader 'Universal Render Pipeline/Particles/SimpleLit' not found
Refreshing native plugins compatible for Editor in 1.04 ms, found 0 plugins.
Preloading 0 native plugins for Editor in 0.00 ms.
Unloading 3066 Unused Serialized files (Serialized files now loaded: 0)
System memory in use before: 204.3 MB.
System memory in use after: 204.6 MB.

Unloading 42 unused Assets to reduce memory usage. Loaded Objects now: 3605.
Total: 7.979500 ms (FindLiveObjects: 0.355200 ms CreateObjectMapping: 0.210400 ms MarkObjects: 7.359000 ms  DeleteObjects: 0.053400 ms)

========================================================================
Received Prepare
Registering precompiled user dll's ...
Registered in 0.007328 seconds.
Begin MonoManager ReloadAssembly
Native extension for WindowsStandalone target not found
Refreshing native plugins compatible for Editor in 1.07 ms, found 0 plugins.
Preloading 0 native plugins for Editor in 0.00 ms.
UnityIAP: [InitializeOnLoad] Facebook Check
UnityIAP: Runtime [2020.2.1f1]
UnityIAP: Current Build is Android:Android
UnityIAP: stub FacebookStore.dll disabled
Invoked RoslynAnalysisRunner static constructor.
RoslynAnalysisRunner will not be running.
RoslynAnalysisRunner has terminated.
Mono: successfully reloaded assembly
- Completed reload, in  1.256 seconds
Platform modules already initialized, skipping
Shader 'Universal Render Pipeline/Particles/Lit': fallback shader 'Universal Render Pipeline/Particles/SimpleLit' not found
Refreshing native plugins compatible for Editor in 0.71 ms, found 0 plugins.
Preloading 0 native plugins for Editor in 0.00 ms.
Unloading 3066 Unused Serialized files (Serialized files now loaded: 0)
System memory in use before: 204.3 MB.
System memory in use after: 204.6 MB.

Unloading 42 unused Assets to reduce memory usage. Loaded Objects now: 3607.
Total: 6.376800 ms (FindLiveObjects: 0.546400 ms CreateObjectMapping: 0.383500 ms MarkObjects: 5.416500 ms  DeleteObjects: 0.029100 ms)

========================================================================
Received Prepare
Registering precompiled user dll's ...
Registered in 0.007463 seconds.
Begin MonoManager ReloadAssembly
Native extension for WindowsStandalone target not found
Refreshing native plugins compatible for Editor in 0.73 ms, found 0 plugins.
Preloading 0 native plugins for Editor in 0.00 ms.
UnityIAP: [InitializeOnLoad] Facebook Check
UnityIAP: Runtime [2020.2.1f1]
UnityIAP: Current Build is Android:Android
UnityIAP: stub FacebookStore.dll disabled
Invoked RoslynAnalysisRunner static constructor.
RoslynAnalysisRunner will not be running.
RoslynAnalysisRunner has terminated.
Mono: successfully reloaded assembly
- Completed reload, in  1.102 seconds
Platform modules already initialized, skipping
Shader 'Universal Render Pipeline/Particles/Lit': fallback shader 'Universal Render Pipeline/Particles/SimpleLit' not found
Refreshing native plugins compatible for Editor in 0.70 ms, found 0 plugins.
Preloading 0 native plugins for Editor in 0.00 ms.
Unloading 3066 Unused Serialized files (Serialized files now loaded: 0)
System memory in use before: 204.4 MB.
System memory in use after: 204.6 MB.

Unloading 42 unused Assets to reduce memory usage. Loaded Objects now: 3609.
Total: 5.961200 ms (FindLiveObjects: 0.290300 ms CreateObjectMapping: 0.171700 ms MarkObjects: 5.468700 ms  DeleteObjects: 0.029200 ms)

========================================================================
Received Prepare
Shader 'Universal Render Pipeline/Particles/Lit': fallback shader 'Universal Render Pipeline/Particles/SimpleLit' not found
Refreshing native plugins compatible for Editor in 9.07 ms, found 0 plugins.
Preloading 0 native plugins for Editor in 0.00 ms.
Unloading 43 Unused Serialized files (Serialized files now loaded: 0)
System memory in use before: 144.4 MB.
System memory in use after: 144.7 MB.

Unloading 40 unused Assets to reduce memory usage. Loaded Objects now: 3609.
Total: 5.148500 ms (FindLiveObjects: 0.281400 ms CreateObjectMapping: 0.168000 ms MarkObjects: 4.674300 ms  DeleteObjects: 0.023100 ms)

========================================================================
Received Prepare
Registering precompiled user dll's ...
Registered in 0.007700 seconds.
Begin MonoManager ReloadAssembly
Native extension for WindowsStandalone target not found
Refreshing native plugins compatible for Editor in 0.72 ms, found 0 plugins.
Preloading 0 native plugins for Editor in 0.00 ms.
UnityIAP: [InitializeOnLoad] Facebook Check
UnityIAP: Runtime [2020.2.1f1]
UnityIAP: Current Build is Android:Android
UnityIAP: stub FacebookStore.dll disabled
Invoked RoslynAnalysisRunner static constructor.
RoslynAnalysisRunner will not be running.
RoslynAnalysisRunner has terminated.
Mono: successfully reloaded assembly
- Completed reload, in  1.049 seconds
Platform modules already initialized, skipping
Shader 'Universal Render Pipeline/Particles/Lit': fallback shader 'Universal Render Pipeline/Particles/SimpleLit' not found
Refreshing native plugins compatible for Editor in 0.76 ms, found 0 plugins.
Preloading 0 native plugins for Editor in 0.00 ms.
Unloading 3065 Unused Serialized files (Serialized files now loaded: 0)
System memory in use before: 204.3 MB.
System memory in use after: 204.6 MB.

Unloading 42 unused Assets to reduce memory usage. Loaded Objects now: 3611.
Total: 17.785100 ms (FindLiveObjects: 0.337800 ms CreateObjectMapping: 0.892700 ms MarkObjects: 16.489700 ms  DeleteObjects: 0.063100 ms)

========================================================================
Received Prepare
Registering precompiled user dll's ...
Registered in 0.008151 seconds.
Begin MonoManager ReloadAssembly
Native extension for WindowsStandalone target not found
Refreshing native plugins compatible for Editor in 0.74 ms, found 0 plugins.
Preloading 0 native plugins for Editor in 0.00 ms.
UnityIAP: [InitializeOnLoad] Facebook Check
UnityIAP: Runtime [2020.2.1f1]
UnityIAP: Current Build is Android:Android
UnityIAP: stub FacebookStore.dll disabled
Invoked RoslynAnalysisRunner static constructor.
RoslynAnalysisRunner will not be running.
RoslynAnalysisRunner has terminated.
Mono: successfully reloaded assembly
- Completed reload, in  1.135 seconds
Platform modules already initialized, skipping
Shader 'Universal Render Pipeline/Particles/Lit': fallback shader 'Universal Render Pipeline/Particles/SimpleLit' not found
Refreshing native plugins compatible for Editor in 0.72 ms, found 0 plugins.
Preloading 0 native plugins for Editor in 0.00 ms.
Unloading 3066 Unused Serialized files (Serialized files now loaded: 0)
System memory in use before: 204.4 MB.
System memory in use after: 204.6 MB.

Unloading 42 unused Assets to reduce memory usage. Loaded Objects now: 3613.
Total: 5.181300 ms (FindLiveObjects: 0.363100 ms CreateObjectMapping: 0.172800 ms MarkObjects: 4.615300 ms  DeleteObjects: 0.028600 ms)

========================================================================
Received Prepare
Registering precompiled user dll's ...
Registered in 0.008295 seconds.
Begin MonoManager ReloadAssembly
Native extension for WindowsStandalone target not found
Refreshing native plugins compatible for Editor in 0.77 ms, found 0 plugins.
Preloading 0 native plugins for Editor in 0.00 ms.
UnityIAP: [InitializeOnLoad] Facebook Check
UnityIAP: Runtime [2020.2.1f1]
UnityIAP: Current Build is Android:Android
UnityIAP: stub FacebookStore.dll disabled
Invoked RoslynAnalysisRunner static constructor.
RoslynAnalysisRunner will not be running.
RoslynAnalysisRunner has terminated.
Mono: successfully reloaded assembly
- Completed reload, in  1.080 seconds
Platform modules already initialized, skipping
Shader 'Universal Render Pipeline/Particles/Lit': fallback shader 'Universal Render Pipeline/Particles/SimpleLit' not found
Refreshing native plugins compatible for Editor in 0.72 ms, found 0 plugins.
Preloading 0 native plugins for Editor in 0.00 ms.
Unloading 3066 Unused Serialized files (Serialized files now loaded: 0)
System memory in use before: 204.4 MB.
System memory in use after: 204.6 MB.

Unloading 42 unused Assets to reduce memory usage. Loaded Objects now: 3615.
Total: 5.351600 ms (FindLiveObjects: 0.299400 ms CreateObjectMapping: 0.171200 ms MarkObjects: 4.851800 ms  DeleteObjects: 0.027800 ms)

========================================================================
Received Prepare
Registering precompiled user dll's ...
Registered in 0.008832 seconds.
Begin MonoManager ReloadAssembly
Native extension for WindowsStandalone target not found
Refreshing native plugins compatible for Editor in 0.79 ms, found 0 plugins.
Preloading 0 native plugins for Editor in 0.00 ms.
UnityIAP: [InitializeOnLoad] Facebook Check
UnityIAP: Runtime [2020.2.1f1]
UnityIAP: Current Build is Android:Android
UnityIAP: stub FacebookStore.dll disabled
Invoked RoslynAnalysisRunner static constructor.
RoslynAnalysisRunner will not be running.
RoslynAnalysisRunner has terminated.
Mono: successfully reloaded assembly
- Completed reload, in  1.649 seconds
Platform modules already initialized, skipping
Shader 'Universal Render Pipeline/Particles/Lit': fallback shader 'Universal Render Pipeline/Particles/SimpleLit' not found
Refreshing native plugins compatible for Editor in 0.80 ms, found 0 plugins.
Preloading 0 native plugins for Editor in 0.00 ms.
Unloading 3066 Unused Serialized files (Serialized files now loaded: 0)
System memory in use before: 204.4 MB.
System memory in use after: 204.6 MB.

Unloading 42 unused Assets to reduce memory usage. Loaded Objects now: 3617.
Total: 6.438000 ms (FindLiveObjects: 0.406500 ms CreateObjectMapping: 0.230800 ms MarkObjects: 5.768200 ms  DeleteObjects: 0.031100 ms)

========================================================================
Received Prepare
Shader 'Universal Render Pipeline/Particles/Lit': fallback shader 'Universal Render Pipeline/Particles/SimpleLit' not found
Refreshing native plugins compatible for Editor in 9.59 ms, found 0 plugins.
Preloading 0 native plugins for Editor in 0.00 ms.
Unloading 43 Unused Serialized files (Serialized files now loaded: 0)
System memory in use before: 144.5 MB.
System memory in use after: 144.7 MB.

Unloading 40 unused Assets to reduce memory usage. Loaded Objects now: 3617.
Total: 5.295600 ms (FindLiveObjects: 0.287400 ms CreateObjectMapping: 0.172700 ms MarkObjects: 4.812400 ms  DeleteObjects: 0.021800 ms)

========================================================================
Received Prepare
Registering precompiled user dll's ...
Registered in 0.013713 seconds.
Begin MonoManager ReloadAssembly
Native extension for WindowsStandalone target not found
Refreshing native plugins compatible for Editor in 11.59 ms, found 0 plugins.
Preloading 0 native plugins for Editor in 0.00 ms.
UnityIAP: [InitializeOnLoad] Facebook Check
UnityIAP: Runtime [2020.2.1f1]
UnityIAP: Current Build is Android:Android
UnityIAP: stub FacebookStore.dll disabled
Invoked RoslynAnalysisRunner static constructor.
RoslynAnalysisRunner will not be running.
RoslynAnalysisRunner has terminated.
Mono: successfully reloaded assembly
- Completed reload, in  3.050 seconds
Platform modules already initialized, skipping
Shader 'Universal Render Pipeline/Particles/Lit': fallback shader 'Universal Render Pipeline/Particles/SimpleLit' not found
Refreshing native plugins compatible for Editor in 0.84 ms, found 0 plugins.
Preloading 0 native plugins for Editor in 0.00 ms.
Unloading 3065 Unused Serialized files (Serialized files now loaded: 0)
System memory in use before: 204.4 MB.
System memory in use after: 204.6 MB.

Unloading 42 unused Assets to reduce memory usage. Loaded Objects now: 3619.
Total: 13.323200 ms (FindLiveObjects: 0.343300 ms CreateObjectMapping: 0.197700 ms MarkObjects: 12.716600 ms  DeleteObjects: 0.064100 ms)

========================================================================
Received Prepare
Registering precompiled user dll's ...
Registered in 0.007469 seconds.
Begin MonoManager ReloadAssembly
Native extension for WindowsStandalone target not found
Refreshing native plugins compatible for Editor in 0.72 ms, found 0 plugins.
Preloading 0 native plugins for Editor in 0.00 ms.
UnityIAP: [InitializeOnLoad] Facebook Check
UnityIAP: Runtime [2020.2.1f1]
UnityIAP: Current Build is Android:Android
UnityIAP: stub FacebookStore.dll disabled
Invoked RoslynAnalysisRunner static constructor.
RoslynAnalysisRunner will not be running.
RoslynAnalysisRunner has terminated.
Mono: successfully reloaded assembly
- Completed reload, in  1.449 seconds
Platform modules already initialized, skipping
Shader 'Universal Render Pipeline/Particles/Lit': fallback shader 'Universal Render Pipeline/Particles/SimpleLit' not found
Refreshing native plugins compatible for Editor in 0.71 ms, found 0 plugins.
Preloading 0 native plugins for Editor in 0.00 ms.
Unloading 3066 Unused Serialized files (Serialized files now loaded: 0)
System memory in use before: 204.4 MB.
System memory in use after: 204.6 MB.

Unloading 42 unused Assets to reduce memory usage. Loaded Objects now: 3621.
Total: 6.188200 ms (FindLiveObjects: 1.091900 ms CreateObjectMapping: 0.285900 ms MarkObjects: 4.742400 ms  DeleteObjects: 0.066900 ms)

========================================================================
Received Prepare
Registering precompiled user dll's ...
Registered in 0.018615 seconds.
Begin MonoManager ReloadAssembly
Native extension for WindowsStandalone target not found
Refreshing native plugins compatible for Editor in 0.78 ms, found 0 plugins.
Preloading 0 native plugins for Editor in 0.00 ms.
UnityIAP: [InitializeOnLoad] Facebook Check
UnityIAP: Runtime [2020.2.1f1]
UnityIAP: Current Build is Android:Android
UnityIAP: stub FacebookStore.dll disabled
Invoked RoslynAnalysisRunner static constructor.
RoslynAnalysisRunner will not be running.
RoslynAnalysisRunner has terminated.
Mono: successfully reloaded assembly
- Completed reload, in  1.876 seconds
Platform modules already initialized, skipping
Shader 'Universal Render Pipeline/Particles/Lit': fallback shader 'Universal Render Pipeline/Particles/SimpleLit' not found
Refreshing native plugins compatible for Editor in 0.72 ms, found 0 plugins.
Preloading 0 native plugins for Editor in 0.00 ms.
Unloading 3066 Unused Serialized files (Serialized files now loaded: 0)
System memory in use before: 204.4 MB.
System memory in use after: 204.6 MB.

Unloading 42 unused Assets to reduce memory usage. Loaded Objects now: 3623.
Total: 12.325100 ms (FindLiveObjects: 1.706200 ms CreateObjectMapping: 2.959500 ms MarkObjects: 7.624500 ms  DeleteObjects: 0.033500 ms)

========================================================================
Received Prepare
Registering precompiled user dll's ...
Registered in 0.011212 seconds.
Begin MonoManager ReloadAssembly
Native extension for WindowsStandalone target not found
Refreshing native plugins compatible for Editor in 0.77 ms, found 0 plugins.
Preloading 0 native plugins for Editor in 0.00 ms.
UnityIAP: [InitializeOnLoad] Facebook Check
UnityIAP: Runtime [2020.2.1f1]
UnityIAP: Current Build is Android:Android
UnityIAP: stub FacebookStore.dll disabled
Invoked RoslynAnalysisRunner static constructor.
RoslynAnalysisRunner will not be running.
RoslynAnalysisRunner has terminated.
Mono: successfully reloaded assembly
- Completed reload, in  2.134 seconds
Platform modules already initialized, skipping
Shader 'Universal Render Pipeline/Particles/Lit': fallback shader 'Universal Render Pipeline/Particles/SimpleLit' not found
Refreshing native plugins compatible for Editor in 0.88 ms, found 0 plugins.
Preloading 0 native plugins for Editor in 0.00 ms.
Unloading 3066 Unused Serialized files (Serialized files now loaded: 0)
System memory in use before: 204.4 MB.
System memory in use after: 204.6 MB.

Unloading 42 unused Assets to reduce memory usage. Loaded Objects now: 3625.
Total: 36.547300 ms (FindLiveObjects: 0.320400 ms CreateObjectMapping: 0.196300 ms MarkObjects: 35.994200 ms  DeleteObjects: 0.034600 ms)

========================================================================
Received Prepare
Registering precompiled user dll's ...
Registered in 0.008706 seconds.
Begin MonoManager ReloadAssembly
Native extension for WindowsStandalone target not found
Refreshing native plugins compatible for Editor in 0.77 ms, found 0 plugins.
Preloading 0 native plugins for Editor in 0.00 ms.
UnityIAP: [InitializeOnLoad] Facebook Check
UnityIAP: Runtime [2020.2.1f1]
UnityIAP: Current Build is Android:Android
UnityIAP: stub FacebookStore.dll disabled
Invoked RoslynAnalysisRunner static constructor.
RoslynAnalysisRunner will not be running.
RoslynAnalysisRunner has terminated.
Mono: successfully reloaded assembly
- Completed reload, in  1.594 seconds
Platform modules already initialized, skipping
Shader 'Universal Render Pipeline/Particles/Lit': fallback shader 'Universal Render Pipeline/Particles/SimpleLit' not found
Refreshing native plugins compatible for Editor in 0.73 ms, found 0 plugins.
Preloading 0 native plugins for Editor in 0.00 ms.
Unloading 3066 Unused Serialized files (Serialized files now loaded: 0)
System memory in use before: 204.4 MB.
System memory in use after: 204.6 MB.

Unloading 42 unused Assets to reduce memory usage. Loaded Objects now: 3627.
Total: 5.531300 ms (FindLiveObjects: 0.296900 ms CreateObjectMapping: 0.156200 ms MarkObjects: 5.036800 ms  DeleteObjects: 0.040400 ms)

========================================================================
Received Prepare
Registering precompiled user dll's ...
Registered in 0.025249 seconds.
Begin MonoManager ReloadAssembly
Native extension for WindowsStandalone target not found
Refreshing native plugins compatible for Editor in 0.72 ms, found 0 plugins.
Preloading 0 native plugins for Editor in 0.00 ms.
UnityIAP: [InitializeOnLoad] Facebook Check
UnityIAP: Runtime [2020.2.1f1]
UnityIAP: Current Build is Android:Android
UnityIAP: stub FacebookStore.dll disabled
Invoked RoslynAnalysisRunner static constructor.
RoslynAnalysisRunner will not be running.
RoslynAnalysisRunner has terminated.
Mono: successfully reloaded assembly
- Completed reload, in  2.047 seconds
Platform modules already initialized, skipping
Shader 'Universal Render Pipeline/Particles/Lit': fallback shader 'Universal Render Pipeline/Particles/SimpleLit' not found
Refreshing native plugins compatible for Editor in 0.76 ms, found 0 plugins.
Preloading 0 native plugins for Editor in 0.00 ms.
Unloading 3066 Unused Serialized files (Serialized files now loaded: 0)
System memory in use before: 204.4 MB.
System memory in use after: 204.6 MB.

Unloading 42 unused Assets to reduce memory usage. Loaded Objects now: 3629.
Total: 10.379500 ms (FindLiveObjects: 0.646700 ms CreateObjectMapping: 0.271300 ms MarkObjects: 9.429100 ms  DeleteObjects: 0.029600 ms)

========================================================================
Received Prepare
Registering precompiled user dll's ...
Registered in 0.007852 seconds.
Begin MonoManager ReloadAssembly
Native extension for WindowsStandalone target not found
Refreshing native plugins compatible for Editor in 0.91 ms, found 0 plugins.
Preloading 0 native plugins for Editor in 0.00 ms.
UnityIAP: [InitializeOnLoad] Facebook Check
UnityIAP: Runtime [2020.2.1f1]
UnityIAP: Current Build is Android:Android
UnityIAP: stub FacebookStore.dll disabled
Invoked RoslynAnalysisRunner static constructor.
RoslynAnalysisRunner will not be running.
RoslynAnalysisRunner has terminated.
Mono: successfully reloaded assembly
- Completed reload, in  1.200 seconds
Platform modules already initialized, skipping
Shader 'Universal Render Pipeline/Particles/Lit': fallback shader 'Universal Render Pipeline/Particles/SimpleLit' not found
Refreshing native plugins compatible for Editor in 0.87 ms, found 0 plugins.
Preloading 0 native plugins for Editor in 0.00 ms.
Unloading 3066 Unused Serialized files (Serialized files now loaded: 0)
System memory in use before: 204.4 MB.
System memory in use after: 204.6 MB.

Unloading 42 unused Assets to reduce memory usage. Loaded Objects now: 3631.
Total: 8.521400 ms (FindLiveObjects: 0.338600 ms CreateObjectMapping: 0.199900 ms MarkObjects: 7.951400 ms  DeleteObjects: 0.029800 ms)

========================================================================
Received Prepare
Registering precompiled user dll's ...
Registered in 0.006986 seconds.
Begin MonoManager ReloadAssembly
Native extension for WindowsStandalone target not found
Refreshing native plugins compatible for Editor in 0.72 ms, found 0 plugins.
Preloading 0 native plugins for Editor in 0.00 ms.
UnityIAP: [InitializeOnLoad] Facebook Check
UnityIAP: Runtime [2020.2.1f1]
UnityIAP: Current Build is Android:Android
UnityIAP: stub FacebookStore.dll disabled
Invoked RoslynAnalysisRunner static constructor.
RoslynAnalysisRunner will not be running.
RoslynAnalysisRunner has terminated.
Mono: successfully reloaded assembly
- Completed reload, in  1.200 seconds
Platform modules already initialized, skipping
Shader 'Universal Render Pipeline/Particles/Lit': fallback shader 'Universal Render Pipeline/Particles/SimpleLit' not found
Refreshing native plugins compatible for Editor in 0.75 ms, found 0 plugins.
Preloading 0 native plugins for Editor in 0.00 ms.
Unloading 3066 Unused Serialized files (Serialized files now loaded: 0)
System memory in use before: 204.4 MB.
System memory in use after: 204.6 MB.

Unloading 42 unused Assets to reduce memory usage. Loaded Objects now: 3633.
Total: 5.561300 ms (FindLiveObjects: 0.315800 ms CreateObjectMapping: 0.181200 ms MarkObjects: 5.029800 ms  DeleteObjects: 0.032500 ms)

========================================================================
Received Prepare
Registering precompiled user dll's ...
Registered in 0.007655 seconds.
Begin MonoManager ReloadAssembly
Native extension for WindowsStandalone target not found
Refreshing native plugins compatible for Editor in 0.81 ms, found 0 plugins.
Preloading 0 native plugins for Editor in 0.00 ms.
UnityIAP: [InitializeOnLoad] Facebook Check
UnityIAP: Runtime [2020.2.1f1]
UnityIAP: Current Build is Android:Android
UnityIAP: stub FacebookStore.dll disabled
Invoked RoslynAnalysisRunner static constructor.
RoslynAnalysisRunner will not be running.
RoslynAnalysisRunner has terminated.
Mono: successfully reloaded assembly
- Completed reload, in  1.215 seconds
Platform modules already initialized, skipping
Shader 'Universal Render Pipeline/Particles/Lit': fallback shader 'Universal Render Pipeline/Particles/SimpleLit' not found
Refreshing native plugins compatible for Editor in 0.76 ms, found 0 plugins.
Preloading 0 native plugins for Editor in 0.00 ms.
Unloading 3066 Unused Serialized files (Serialized files now loaded: 0)
System memory in use before: 204.4 MB.
System memory in use after: 204.6 MB.

Unloading 42 unused Assets to reduce memory usage. Loaded Objects now: 3635.
Total: 8.689500 ms (FindLiveObjects: 0.325400 ms CreateObjectMapping: 0.274700 ms MarkObjects: 8.048200 ms  DeleteObjects: 0.038800 ms)

========================================================================
Received Prepare
Registering precompiled user dll's ...
Registered in 0.012720 seconds.
Begin MonoManager ReloadAssembly
Native extension for WindowsStandalone target not found
Refreshing native plugins compatible for Editor in 0.81 ms, found 0 plugins.
Preloading 0 native plugins for Editor in 0.00 ms.
UnityIAP: [InitializeOnLoad] Facebook Check
UnityIAP: Runtime [2020.2.1f1]
UnityIAP: Current Build is Android:Android
UnityIAP: stub FacebookStore.dll disabled
Invoked RoslynAnalysisRunner static constructor.
RoslynAnalysisRunner will not be running.
RoslynAnalysisRunner has terminated.
Mono: successfully reloaded assembly
- Completed reload, in  2.635 seconds
Platform modules already initialized, skipping
Shader 'Universal Render Pipeline/Particles/Lit': fallback shader 'Universal Render Pipeline/Particles/SimpleLit' not found
Refreshing native plugins compatible for Editor in 0.74 ms, found 0 plugins.
Preloading 0 native plugins for Editor in 0.00 ms.
Unloading 3066 Unused Serialized files (Serialized files now loaded: 0)
System memory in use before: 204.4 MB.
System memory in use after: 204.6 MB.

Unloading 42 unused Assets to reduce memory usage. Loaded Objects now: 3637.
Total: 9.446600 ms (FindLiveObjects: 0.320100 ms CreateObjectMapping: 0.184000 ms MarkObjects: 8.891500 ms  DeleteObjects: 0.049500 ms)

========================================================================
Received Prepare
Registering precompiled user dll's ...
Registered in 0.015251 seconds.
Begin MonoManager ReloadAssembly
Native extension for WindowsStandalone target not found
Refreshing native plugins compatible for Editor in 1.02 ms, found 0 plugins.
Preloading 0 native plugins for Editor in 0.00 ms.
UnityIAP: [InitializeOnLoad] Facebook Check
UnityIAP: Runtime [2020.2.1f1]
UnityIAP: Current Build is Android:Android
UnityIAP: stub FacebookStore.dll disabled
Invoked RoslynAnalysisRunner static constructor.
RoslynAnalysisRunner will not be running.
RoslynAnalysisRunner has terminated.
Mono: successfully reloaded assembly
- Completed reload, in  1.710 seconds
Platform modules already initialized, skipping
Shader 'Universal Render Pipeline/Particles/Lit': fallback shader 'Universal Render Pipeline/Particles/SimpleLit' not found
Refreshing native plugins compatible for Editor in 0.75 ms, found 0 plugins.
Preloading 0 native plugins for Editor in 0.00 ms.
Unloading 3066 Unused Serialized files (Serialized files now loaded: 0)
System memory in use before: 204.4 MB.
System memory in use after: 204.7 MB.

Unloading 42 unused Assets to reduce memory usage. Loaded Objects now: 3639.
Total: 7.537100 ms (FindLiveObjects: 0.401700 ms CreateObjectMapping: 0.299500 ms MarkObjects: 6.801200 ms  DeleteObjects: 0.033200 ms)

========================================================================
Received Prepare
Registering precompiled user dll's ...
Registered in 0.007538 seconds.
Begin MonoManager ReloadAssembly
Native extension for WindowsStandalone target not found
Refreshing native plugins compatible for Editor in 0.77 ms, found 0 plugins.
Preloading 0 native plugins for Editor in 0.00 ms.
UnityIAP: [InitializeOnLoad] Facebook Check
UnityIAP: Runtime [2020.2.1f1]
UnityIAP: Current Build is Android:Android
UnityIAP: stub FacebookStore.dll disabled
Invoked RoslynAnalysisRunner static constructor.
RoslynAnalysisRunner will not be running.
RoslynAnalysisRunner has terminated.
Mono: successfully reloaded assembly
- Completed reload, in  1.420 seconds
Platform modules already initialized, skipping
Shader 'Universal Render Pipeline/Particles/Lit': fallback shader 'Universal Render Pipeline/Particles/SimpleLit' not found
Refreshing native plugins compatible for Editor in 0.78 ms, found 0 plugins.
Preloading 0 native plugins for Editor in 0.00 ms.
Unloading 3066 Unused Serialized files (Serialized files now loaded: 0)
System memory in use before: 204.4 MB.
System memory in use after: 204.7 MB.

Unloading 42 unused Assets to reduce memory usage. Loaded Objects now: 3641.
Total: 5.725600 ms (FindLiveObjects: 0.329100 ms CreateObjectMapping: 0.188000 ms MarkObjects: 5.163800 ms  DeleteObjects: 0.043100 ms)

========================================================================
Received Prepare
Registering precompiled user dll's ...
Registered in 0.007093 seconds.
Begin MonoManager ReloadAssembly
Native extension for WindowsStandalone target not found
Refreshing native plugins compatible for Editor in 0.72 ms, found 0 plugins.
Preloading 0 native plugins for Editor in 0.00 ms.
UnityIAP: [InitializeOnLoad] Facebook Check
UnityIAP: Runtime [2020.2.1f1]
UnityIAP: Current Build is Android:Android
UnityIAP: stub FacebookStore.dll disabled
Invoked RoslynAnalysisRunner static constructor.
RoslynAnalysisRunner will not be running.
RoslynAnalysisRunner has terminated.
Mono: successfully reloaded assembly
- Completed reload, in  1.338 seconds
Platform modules already initialized, skipping
Shader 'Universal Render Pipeline/Particles/Lit': fallback shader 'Universal Render Pipeline/Particles/SimpleLit' not found
Refreshing native plugins compatible for Editor in 0.95 ms, found 0 plugins.
Preloading 0 native plugins for Editor in 0.00 ms.
Unloading 3066 Unused Serialized files (Serialized files now loaded: 0)
System memory in use before: 204.4 MB.
System memory in use after: 204.7 MB.

Unloading 42 unused Assets to reduce memory usage. Loaded Objects now: 3643.
Total: 5.786000 ms (FindLiveObjects: 0.336500 ms CreateObjectMapping: 0.180700 ms MarkObjects: 5.237000 ms  DeleteObjects: 0.030100 ms)

========================================================================
Received Prepare
Registering precompiled user dll's ...
Registered in 0.007630 seconds.
Begin MonoManager ReloadAssembly
Native extension for WindowsStandalone target not found
Refreshing native plugins compatible for Editor in 0.81 ms, found 0 plugins.
Preloading 0 native plugins for Editor in 0.00 ms.
UnityIAP: [InitializeOnLoad] Facebook Check
UnityIAP: Runtime [2020.2.1f1]
UnityIAP: Current Build is Android:Android
UnityIAP: stub FacebookStore.dll disabled
Invoked RoslynAnalysisRunner static constructor.
RoslynAnalysisRunner will not be running.
RoslynAnalysisRunner has terminated.
Mono: successfully reloaded assembly
- Completed reload, in  1.572 seconds
Platform modules already initialized, skipping
Shader 'Universal Render Pipeline/Particles/Lit': fallback shader 'Universal Render Pipeline/Particles/SimpleLit' not found
Refreshing native plugins compatible for Editor in 0.76 ms, found 0 plugins.
Preloading 0 native plugins for Editor in 0.00 ms.
Unloading 3066 Unused Serialized files (Serialized files now loaded: 0)
System memory in use before: 204.4 MB.
System memory in use after: 204.7 MB.

Unloading 42 unused Assets to reduce memory usage. Loaded Objects now: 3645.
Total: 9.609600 ms (FindLiveObjects: 0.329200 ms CreateObjectMapping: 0.343800 ms MarkObjects: 8.886300 ms  DeleteObjects: 0.049000 ms)

========================================================================
Received Prepare
Registering precompiled user dll's ...
Registered in 0.010319 seconds.
Begin MonoManager ReloadAssembly
Native extension for WindowsStandalone target not found
Refreshing native plugins compatible for Editor in 0.84 ms, found 0 plugins.
Preloading 0 native plugins for Editor in 0.00 ms.
UnityIAP: [InitializeOnLoad] Facebook Check
UnityIAP: Runtime [2020.2.1f1]
UnityIAP: Current Build is Android:Android
UnityIAP: stub FacebookStore.dll disabled
Invoked RoslynAnalysisRunner static constructor.
RoslynAnalysisRunner will not be running.
RoslynAnalysisRunner has terminated.
Mono: successfully reloaded assembly
- Completed reload, in  1.735 seconds
Platform modules already initialized, skipping
Shader 'Universal Render Pipeline/Particles/Lit': fallback shader 'Universal Render Pipeline/Particles/SimpleLit' not found
Refreshing native plugins compatible for Editor in 0.75 ms, found 0 plugins.
Preloading 0 native plugins for Editor in 0.00 ms.
Unloading 3066 Unused Serialized files (Serialized files now loaded: 0)
System memory in use before: 204.4 MB.
System memory in use after: 204.7 MB.

Unloading 42 unused Assets to reduce memory usage. Loaded Objects now: 3647.
Total: 5.045100 ms (FindLiveObjects: 0.391000 ms CreateObjectMapping: 0.258700 ms MarkObjects: 4.358200 ms  DeleteObjects: 0.035600 ms)

========================================================================
Received Prepare
Registering precompiled user dll's ...
Registered in 0.007462 seconds.
Begin MonoManager ReloadAssembly
Native extension for WindowsStandalone target not found
Refreshing native plugins compatible for Editor in 0.76 ms, found 0 plugins.
Preloading 0 native plugins for Editor in 0.00 ms.
UnityIAP: [InitializeOnLoad] Facebook Check
UnityIAP: Runtime [2020.2.1f1]
UnityIAP: Current Build is Android:Android
UnityIAP: stub FacebookStore.dll disabled
Invoked RoslynAnalysisRunner static constructor.
RoslynAnalysisRunner will not be running.
RoslynAnalysisRunner has terminated.
Mono: successfully reloaded assembly
- Completed reload, in  1.245 seconds
Platform modules already initialized, skipping
Shader 'Universal Render Pipeline/Particles/Lit': fallback shader 'Universal Render Pipeline/Particles/SimpleLit' not found
Refreshing native plugins compatible for Editor in 1.00 ms, found 0 plugins.
Preloading 0 native plugins for Editor in 0.00 ms.
Unloading 3066 Unused Serialized files (Serialized files now loaded: 0)
System memory in use before: 204.4 MB.
System memory in use after: 204.7 MB.

Unloading 42 unused Assets to reduce memory usage. Loaded Objects now: 3649.
Total: 5.156900 ms (FindLiveObjects: 0.274700 ms CreateObjectMapping: 0.150100 ms MarkObjects: 4.701400 ms  DeleteObjects: 0.029200 ms)

========================================================================
Received Prepare
Registering precompiled user dll's ...
Registered in 0.016529 seconds.
Begin MonoManager ReloadAssembly
Native extension for WindowsStandalone target not found
Refreshing native plugins compatible for Editor in 1.11 ms, found 0 plugins.
Preloading 0 native plugins for Editor in 0.00 ms.
UnityIAP: [InitializeOnLoad] Facebook Check
UnityIAP: Runtime [2020.2.1f1]
UnityIAP: Current Build is Android:Android
UnityIAP: stub FacebookStore.dll disabled
Invoked RoslynAnalysisRunner static constructor.
RoslynAnalysisRunner will not be running.
RoslynAnalysisRunner has terminated.
Mono: successfully reloaded assembly
- Completed reload, in  1.807 seconds
Platform modules already initialized, skipping
Shader 'Universal Render Pipeline/Particles/Lit': fallback shader 'Universal Render Pipeline/Particles/SimpleLit' not found
Refreshing native plugins compatible for Editor in 0.74 ms, found 0 plugins.
Preloading 0 native plugins for Editor in 0.00 ms.
Unloading 3066 Unused Serialized files (Serialized files now loaded: 0)
System memory in use before: 204.4 MB.
System memory in use after: 204.7 MB.

Unloading 42 unused Assets to reduce memory usage. Loaded Objects now: 3651.
Total: 10.598500 ms (FindLiveObjects: 0.304100 ms CreateObjectMapping: 0.184400 ms MarkObjects: 10.079700 ms  DeleteObjects: 0.029000 ms)

========================================================================
Received Prepare
Registering precompiled user dll's ...
Registered in 0.008179 seconds.
Begin MonoManager ReloadAssembly
Native extension for WindowsStandalone target not found
Refreshing native plugins compatible for Editor in 0.72 ms, found 0 plugins.
Preloading 0 native plugins for Editor in 0.00 ms.
UnityIAP: [InitializeOnLoad] Facebook Check
UnityIAP: Runtime [2020.2.1f1]
UnityIAP: Current Build is Android:Android
UnityIAP: stub FacebookStore.dll disabled
Invoked RoslynAnalysisRunner static constructor.
RoslynAnalysisRunner will not be running.
RoslynAnalysisRunner has terminated.
Mono: successfully reloaded assembly
- Completed reload, in  1.468 seconds
Platform modules already initialized, skipping
Shader 'Universal Render Pipeline/Particles/Lit': fallback shader 'Universal Render Pipeline/Particles/SimpleLit' not found
Refreshing native plugins compatible for Editor in 0.80 ms, found 0 plugins.
Preloading 0 native plugins for Editor in 0.00 ms.
Unloading 3066 Unused Serialized files (Serialized files now loaded: 0)
System memory in use before: 204.4 MB.
System memory in use after: 204.7 MB.

Unloading 42 unused Assets to reduce memory usage. Loaded Objects now: 3653.
Total: 23.780600 ms (FindLiveObjects: 0.369400 ms CreateObjectMapping: 0.216100 ms MarkObjects: 23.165900 ms  DeleteObjects: 0.027700 ms)

========================================================================
Received Prepare
Registering precompiled user dll's ...
Registered in 0.031653 seconds.
Begin MonoManager ReloadAssembly
Native extension for WindowsStandalone target not found
Refreshing native plugins compatible for Editor in 0.77 ms, found 0 plugins.
Preloading 0 native plugins for Editor in 0.00 ms.
UnityIAP: [InitializeOnLoad] Facebook Check
UnityIAP: Runtime [2020.2.1f1]
UnityIAP: Current Build is Android:Android
UnityIAP: stub FacebookStore.dll disabled
Invoked RoslynAnalysisRunner static constructor.
RoslynAnalysisRunner will not be running.
RoslynAnalysisRunner has terminated.
Mono: successfully reloaded assembly
- Completed reload, in  2.087 seconds
Platform modules already initialized, skipping
Shader 'Universal Render Pipeline/Particles/Lit': fallback shader 'Universal Render Pipeline/Particles/SimpleLit' not found
Refreshing native plugins compatible for Editor in 0.76 ms, found 0 plugins.
Preloading 0 native plugins for Editor in 0.00 ms.
Unloading 3066 Unused Serialized files (Serialized files now loaded: 0)
System memory in use before: 204.5 MB.
System memory in use after: 204.7 MB.

Unloading 42 unused Assets to reduce memory usage. Loaded Objects now: 3655.
Total: 6.866600 ms (FindLiveObjects: 0.439600 ms CreateObjectMapping: 0.298700 ms MarkObjects: 6.080700 ms  DeleteObjects: 0.045500 ms)

========================================================================
Received Prepare
Registering precompiled user dll's ...
Registered in 0.008590 seconds.
Begin MonoManager ReloadAssembly
Native extension for WindowsStandalone target not found
Refreshing native plugins compatible for Editor in 0.95 ms, found 0 plugins.
Preloading 0 native plugins for Editor in 0.00 ms.
UnityIAP: [InitializeOnLoad] Facebook Check
UnityIAP: Runtime [2020.2.1f1]
UnityIAP: Current Build is Android:Android
UnityIAP: stub FacebookStore.dll disabled
Invoked RoslynAnalysisRunner static constructor.
RoslynAnalysisRunner will not be running.
RoslynAnalysisRunner has terminated.
Mono: successfully reloaded assembly
- Completed reload, in  1.379 seconds
Platform modules already initialized, skipping
Shader 'Universal Render Pipeline/Particles/Lit': fallback shader 'Universal Render Pipeline/Particles/SimpleLit' not found
Refreshing native plugins compatible for Editor in 0.79 ms, found 0 plugins.
Preloading 0 native plugins for Editor in 0.00 ms.
Unloading 3066 Unused Serialized files (Serialized files now loaded: 0)
System memory in use before: 204.5 MB.
System memory in use after: 204.7 MB.

Unloading 42 unused Assets to reduce memory usage. Loaded Objects now: 3657.
Total: 5.345900 ms (FindLiveObjects: 0.322500 ms CreateObjectMapping: 0.210700 ms MarkObjects: 4.769000 ms  DeleteObjects: 0.042000 ms)

========================================================================
Received Prepare
Registering precompiled user dll's ...
Registered in 0.008767 seconds.
Begin MonoManager ReloadAssembly
Native extension for WindowsStandalone target not found
Refreshing native plugins compatible for Editor in 0.75 ms, found 0 plugins.
Preloading 0 native plugins for Editor in 0.00 ms.
UnityIAP: [InitializeOnLoad] Facebook Check
UnityIAP: Runtime [2020.2.1f1]
UnityIAP: Current Build is Android:Android
UnityIAP: stub FacebookStore.dll disabled
Invoked RoslynAnalysisRunner static constructor.
RoslynAnalysisRunner will not be running.
RoslynAnalysisRunner has terminated.
Mono: successfully reloaded assembly
- Completed reload, in  1.332 seconds
Platform modules already initialized, skipping
Shader 'Universal Render Pipeline/Particles/Lit': fallback shader 'Universal Render Pipeline/Particles/SimpleLit' not found
Refreshing native plugins compatible for Editor in 0.79 ms, found 0 plugins.
Preloading 0 native plugins for Editor in 0.00 ms.
Unloading 3066 Unused Serialized files (Serialized files now loaded: 0)
System memory in use before: 204.5 MB.
System memory in use after: 204.7 MB.

Unloading 42 unused Assets to reduce memory usage. Loaded Objects now: 3659.
Total: 7.629200 ms (FindLiveObjects: 1.327300 ms CreateObjectMapping: 0.401500 ms MarkObjects: 5.865500 ms  DeleteObjects: 0.033500 ms)

AssetImportWorkerClient::OnTransportError - code=2 error=End of file
