Using pre-set license
Built from '2020.2/release' branch; Version is '2020.2.1f1 (270dd8c3da1c) revision 2559448'; Using compiler version '192528614'; Build Type 'Release'
OS: 'Windows 10  (10.0.0) 64bit' Language: 'en' Physical Memory: 16347 MB
BatchMode: 1, IsHumanControllingUs: 0, StartBugReporterOnCrash: 0, Is64bit: 1, IsPro: 0

 COMMAND LINE ARGUMENTS:
D:\Unity\2020.2.1f1\Editor\Unity.exe
-adb2
-batchMode
-noUpm
-name
AssetImportWorker0
-projectPath
D:/Projekty/TowerDeffence3D/TD
-logFile
Logs/AssetImportWorker0.log
-srvPort
58042
Successfully changed project path to: D:/Projekty/TowerDeffence3D/TD
D:/Projekty/TowerDeffence3D/TD
Using Asset Import Pipeline V2.
Refreshing native plugins compatible for Editor in 24.28 ms, found 0 plugins.
Preloading 0 native plugins for Editor in 0.00 ms.
Initialize engine version: 2020.2.1f1 (270dd8c3da1c)
[Subsystems] Discovering subsystems at path D:/Unity/2020.2.1f1/Editor/Data/Resources/UnitySubsystems
[Subsystems] Discovering subsystems at path D:/Projekty/TowerDeffence3D/TD/Assets
GfxDevice: creating device client; threaded=0
Direct3D:
    Version:  Direct3D 11.0 [level 11.1]
    Renderer: NVIDIA GeForce GTX 1060 6GB (ID=0x1c03)
    Vendor:   
    VRAM:     6052 MB
    Driver:   27.21.14.6089
Initialize mono
Mono path[0] = 'D:/Unity/2020.2.1f1/Editor/Data/Managed'
Mono path[1] = 'D:/Unity/2020.2.1f1/Editor/Data/MonoBleedingEdge/lib/mono/unityjit'
Mono config path = 'D:/Unity/2020.2.1f1/Editor/Data/MonoBleedingEdge/etc'
Using monoOptions --debugger-agent=transport=dt_socket,embedding=1,server=y,suspend=n,address=127.0.0.1:56112
Begin MonoManager ReloadAssembly
Registering precompiled unity dll's ...
Register platform support module: D:/Unity/2020.2.1f1/Editor/Data/PlaybackEngines/WindowsStandaloneSupport/UnityEditor.WindowsStandalone.Extensions.dll
Registered in 0.001084 seconds.
Native extension for WindowsStandalone target not found
Refreshing native plugins compatible for Editor in 22.43 ms, found 0 plugins.
Preloading 0 native plugins for Editor in 0.00 ms.
Invoked RoslynAnalysisRunner static constructor.
RoslynAnalysisRunner will not be running.
RoslynAnalysisRunner has terminated.
Mono: successfully reloaded assembly
- Completed reload, in  2.167 seconds
Platform modules already initialized, skipping
Registering precompiled user dll's ...
Registered in 0.000653 seconds.
Begin MonoManager ReloadAssembly
Native extension for WindowsStandalone target not found
Refreshing native plugins compatible for Editor in 0.21 ms, found 0 plugins.
Preloading 0 native plugins for Editor in 0.00 ms.
Invoked RoslynAnalysisRunner static constructor.
RoslynAnalysisRunner will not be running.
RoslynAnalysisRunner has terminated.
Mono: successfully reloaded assembly
- Completed reload, in  0.831 seconds
Platform modules already initialized, skipping
========================================================================
Worker process is ready to serve import requests
Launched and connected shader compiler UnityShaderCompiler.exe after 0.03 seconds
Refreshing native plugins compatible for Editor in 0.20 ms, found 0 plugins.
Preloading 0 native plugins for Editor in 0.00 ms.
Unloading 1165 Unused Serialized files (Serialized files now loaded: 0)
System memory in use before: 134.2 MB.
System memory in use after: 134.2 MB.

Unloading 10 unused Assets to reduce memory usage. Loaded Objects now: 1619.
Total: 1.821000 ms (FindLiveObjects: 0.113900 ms CreateObjectMapping: 0.033700 ms MarkObjects: 1.537200 ms  DeleteObjects: 0.135200 ms)

========================================================================
Received Import Request.
  path: Assets/Enemies/Fast/EnemyFast.prefab
  artifactKey: Guid(74dbb6409a5fae84381be8ed2dd8dccd) Importer(815301076,1909f56bfc062723c751e8b465ee728b)
Start importing Assets/Enemies/Fast/EnemyFast.prefab using Guid(74dbb6409a5fae84381be8ed2dd8dccd) Importer(815301076,1909f56bfc062723c751e8b465ee728b)  -> (artifact id: 'df6adb43f335ce3138b0ea7e98815b29') in 0.121895 seconds
  Import took 0.124127 seconds .

========================================================================
Received Import Request.
  Time since last request: 0.645984 seconds.
  path: Assets/Enemies/Simple/EnemySimple.prefab
  artifactKey: Guid(4f2ba92579bdda04a8c537d986a542cf) Importer(815301076,1909f56bfc062723c751e8b465ee728b)
Start importing Assets/Enemies/Simple/EnemySimple.prefab using Guid(4f2ba92579bdda04a8c537d986a542cf) Importer(815301076,1909f56bfc062723c751e8b465ee728b)  -> (artifact id: 'cd712cea421df5653e016fce93145efe') in 0.020803 seconds
  Import took 0.023261 seconds .

========================================================================
Received Import Request.
  Time since last request: 0.552879 seconds.
  path: Assets/Enemies/Tough/EnemyTough.prefab
  artifactKey: Guid(2b1b1eb96c7d92b4c9becb30fbd06af1) Importer(815301076,1909f56bfc062723c751e8b465ee728b)
Start importing Assets/Enemies/Tough/EnemyTough.prefab using Guid(2b1b1eb96c7d92b4c9becb30fbd06af1) Importer(815301076,1909f56bfc062723c751e8b465ee728b)  -> (artifact id: 'c43f60a9f0345855ac446d28ce02f719') in 0.016817 seconds
  Import took 0.019279 seconds .

========================================================================
Received Prepare
Registering precompiled user dll's ...
Registered in 0.000711 seconds.
Begin MonoManager ReloadAssembly
Native extension for WindowsStandalone target not found
Refreshing native plugins compatible for Editor in 0.21 ms, found 0 plugins.
Preloading 0 native plugins for Editor in 0.00 ms.
Invoked RoslynAnalysisRunner static constructor.
RoslynAnalysisRunner will not be running.
RoslynAnalysisRunner has terminated.
Mono: successfully reloaded assembly
- Completed reload, in  0.778 seconds
Platform modules already initialized, skipping
Refreshing native plugins compatible for Editor in 0.21 ms, found 0 plugins.
Preloading 0 native plugins for Editor in 0.00 ms.
Unloading 1147 Unused Serialized files (Serialized files now loaded: 0)
System memory in use before: 137.3 MB.
System memory in use after: 137.4 MB.

Unloading 5 unused Assets to reduce memory usage. Loaded Objects now: 1630.
Total: 1.997900 ms (FindLiveObjects: 0.170000 ms CreateObjectMapping: 0.034100 ms MarkObjects: 1.732600 ms  DeleteObjects: 0.060000 ms)

========================================================================
Received Import Request.
  Time since last request: 7794.366876 seconds.
  path: Assets/Scenes/Level02.unity
  artifactKey: Guid(130a122a4e456e84fb65e6cf3bc32328) Importer(815301076,1909f56bfc062723c751e8b465ee728b)
Start importing Assets/Scenes/Level02.unity using Guid(130a122a4e456e84fb65e6cf3bc32328) Importer(815301076,1909f56bfc062723c751e8b465ee728b)  -> (artifact id: '89eca062c32bff843e7e604a25bf9d96') in 0.022676 seconds
  Import took 0.025111 seconds .

========================================================================
Received Import Request.
  Time since last request: 18.269485 seconds.
  path: Assets/Scenes/Level01.unity
  artifactKey: Guid(9fc0d4010bbf28b4594072e72b8655ab) Importer(815301076,1909f56bfc062723c751e8b465ee728b)
Start importing Assets/Scenes/Level01.unity using Guid(9fc0d4010bbf28b4594072e72b8655ab) Importer(815301076,1909f56bfc062723c751e8b465ee728b)  -> (artifact id: '9cddc4b47e9af770e8cdbb6da75d62ae') in 0.007468 seconds
  Import took 0.009415 seconds .

========================================================================
Received Import Request.
  Time since last request: 612.813585 seconds.
  path: Assets/Scenes/Level02.unity
  artifactKey: Guid(130a122a4e456e84fb65e6cf3bc32328) Importer(815301076,1909f56bfc062723c751e8b465ee728b)
Start importing Assets/Scenes/Level02.unity using Guid(130a122a4e456e84fb65e6cf3bc32328) Importer(815301076,1909f56bfc062723c751e8b465ee728b)  -> (artifact id: '32c37b04426567a1906b7e5aa3f3737f') in 0.006160 seconds
  Import took 0.009374 seconds .

========================================================================
Received Prepare
Registering precompiled user dll's ...
Registered in 0.000712 seconds.
Begin MonoManager ReloadAssembly
Native extension for WindowsStandalone target not found
Refreshing native plugins compatible for Editor in 0.25 ms, found 0 plugins.
Preloading 0 native plugins for Editor in 0.00 ms.
Invoked RoslynAnalysisRunner static constructor.
RoslynAnalysisRunner will not be running.
RoslynAnalysisRunner has terminated.
Mono: successfully reloaded assembly
- Completed reload, in  0.937 seconds
Platform modules already initialized, skipping
Refreshing native plugins compatible for Editor in 0.20 ms, found 0 plugins.
Preloading 0 native plugins for Editor in 0.00 ms.
Unloading 1147 Unused Serialized files (Serialized files now loaded: 0)
System memory in use before: 137.3 MB.
System memory in use after: 137.4 MB.

Unloading 5 unused Assets to reduce memory usage. Loaded Objects now: 1632.
Total: 2.135200 ms (FindLiveObjects: 0.136100 ms CreateObjectMapping: 0.042100 ms MarkObjects: 1.894200 ms  DeleteObjects: 0.060700 ms)

========================================================================
Received Prepare
Registering precompiled user dll's ...
Registered in 0.000774 seconds.
Begin MonoManager ReloadAssembly
Native extension for WindowsStandalone target not found
Refreshing native plugins compatible for Editor in 0.20 ms, found 0 plugins.
Preloading 0 native plugins for Editor in 0.00 ms.
Invoked RoslynAnalysisRunner static constructor.
RoslynAnalysisRunner will not be running.
RoslynAnalysisRunner has terminated.
Mono: successfully reloaded assembly
- Completed reload, in  0.841 seconds
Platform modules already initialized, skipping
Refreshing native plugins compatible for Editor in 0.22 ms, found 0 plugins.
Preloading 0 native plugins for Editor in 0.00 ms.
Unloading 1147 Unused Serialized files (Serialized files now loaded: 0)
System memory in use before: 137.3 MB.
System memory in use after: 137.4 MB.

Unloading 5 unused Assets to reduce memory usage. Loaded Objects now: 1634.
Total: 2.643000 ms (FindLiveObjects: 0.141200 ms CreateObjectMapping: 0.039500 ms MarkObjects: 2.398500 ms  DeleteObjects: 0.061500 ms)

========================================================================
Received Prepare
Registering precompiled user dll's ...
Registered in 0.000646 seconds.
Begin MonoManager ReloadAssembly
Native extension for WindowsStandalone target not found
Refreshing native plugins compatible for Editor in 0.21 ms, found 0 plugins.
Preloading 0 native plugins for Editor in 0.00 ms.
Invoked RoslynAnalysisRunner static constructor.
RoslynAnalysisRunner will not be running.
RoslynAnalysisRunner has terminated.
Mono: successfully reloaded assembly
- Completed reload, in  0.895 seconds
Platform modules already initialized, skipping
Refreshing native plugins compatible for Editor in 0.29 ms, found 0 plugins.
Preloading 0 native plugins for Editor in 0.00 ms.
Unloading 1147 Unused Serialized files (Serialized files now loaded: 0)
System memory in use before: 137.3 MB.
System memory in use after: 137.4 MB.

Unloading 5 unused Assets to reduce memory usage. Loaded Objects now: 1636.
Total: 1.715600 ms (FindLiveObjects: 0.176300 ms CreateObjectMapping: 0.039600 ms MarkObjects: 1.412100 ms  DeleteObjects: 0.086600 ms)

========================================================================
Received Prepare
Registering precompiled user dll's ...
Registered in 0.000793 seconds.
Begin MonoManager ReloadAssembly
Native extension for WindowsStandalone target not found
Refreshing native plugins compatible for Editor in 0.20 ms, found 0 plugins.
Preloading 0 native plugins for Editor in 0.00 ms.
Invoked RoslynAnalysisRunner static constructor.
RoslynAnalysisRunner will not be running.
RoslynAnalysisRunner has terminated.
Mono: successfully reloaded assembly
- Completed reload, in  0.777 seconds
Platform modules already initialized, skipping
Refreshing native plugins compatible for Editor in 0.22 ms, found 0 plugins.
Preloading 0 native plugins for Editor in 0.00 ms.
Unloading 1147 Unused Serialized files (Serialized files now loaded: 0)
System memory in use before: 137.3 MB.
System memory in use after: 137.4 MB.

Unloading 5 unused Assets to reduce memory usage. Loaded Objects now: 1638.
Total: 1.834400 ms (FindLiveObjects: 0.145800 ms CreateObjectMapping: 0.042600 ms MarkObjects: 1.581400 ms  DeleteObjects: 0.062600 ms)

========================================================================
Received Prepare
Registering precompiled user dll's ...
Registered in 0.000706 seconds.
Begin MonoManager ReloadAssembly
Native extension for WindowsStandalone target not found
Refreshing native plugins compatible for Editor in 0.23 ms, found 0 plugins.
Preloading 0 native plugins for Editor in 0.00 ms.
Invoked RoslynAnalysisRunner static constructor.
RoslynAnalysisRunner will not be running.
RoslynAnalysisRunner has terminated.
Mono: successfully reloaded assembly
- Completed reload, in  0.756 seconds
Platform modules already initialized, skipping
Refreshing native plugins compatible for Editor in 0.21 ms, found 0 plugins.
Preloading 0 native plugins for Editor in 0.00 ms.
Unloading 1147 Unused Serialized files (Serialized files now loaded: 0)
System memory in use before: 137.3 MB.
System memory in use after: 137.4 MB.

Unloading 5 unused Assets to reduce memory usage. Loaded Objects now: 1640.
Total: 1.559900 ms (FindLiveObjects: 0.121700 ms CreateObjectMapping: 0.034000 ms MarkObjects: 1.348200 ms  DeleteObjects: 0.055000 ms)

========================================================================
Received Prepare
Registering precompiled user dll's ...
Registered in 0.000688 seconds.
Begin MonoManager ReloadAssembly
Native extension for WindowsStandalone target not found
Refreshing native plugins compatible for Editor in 0.21 ms, found 0 plugins.
Preloading 0 native plugins for Editor in 0.00 ms.
Invoked RoslynAnalysisRunner static constructor.
RoslynAnalysisRunner will not be running.
RoslynAnalysisRunner has terminated.
Mono: successfully reloaded assembly
- Completed reload, in  0.794 seconds
Platform modules already initialized, skipping
Refreshing native plugins compatible for Editor in 0.21 ms, found 0 plugins.
Preloading 0 native plugins for Editor in 0.00 ms.
Unloading 1147 Unused Serialized files (Serialized files now loaded: 0)
System memory in use before: 137.4 MB.
System memory in use after: 137.4 MB.

Unloading 5 unused Assets to reduce memory usage. Loaded Objects now: 1642.
Total: 1.696700 ms (FindLiveObjects: 0.154500 ms CreateObjectMapping: 0.047900 ms MarkObjects: 1.436700 ms  DeleteObjects: 0.056400 ms)

========================================================================
Received Import Request.
  Time since last request: 1084.525850 seconds.
  path: Assets/Enemies/EnemyTough.prefab
  artifactKey: Guid(2b1b1eb96c7d92b4c9becb30fbd06af1) Importer(815301076,1909f56bfc062723c751e8b465ee728b)
Start importing Assets/Enemies/EnemyTough.prefab using Guid(2b1b1eb96c7d92b4c9becb30fbd06af1) Importer(815301076,1909f56bfc062723c751e8b465ee728b)  -> (artifact id: '0b48c9e9b32ef3ae90aaefa3044a0faf') in 0.080441 seconds
  Import took 0.082543 seconds .

========================================================================
Received Import Request.
  Time since last request: 4.467661 seconds.
  path: Assets/Enemies/EnemyTough.prefab
  artifactKey: Guid(2b1b1eb96c7d92b4c9becb30fbd06af1) Importer(815301076,1909f56bfc062723c751e8b465ee728b)
Start importing Assets/Enemies/EnemyTough.prefab using Guid(2b1b1eb96c7d92b4c9becb30fbd06af1) Importer(815301076,1909f56bfc062723c751e8b465ee728b)  -> (artifact id: '6a8fbc2fbb67b38af85cb2c36c226852') in 0.011463 seconds
  Import took 0.013984 seconds .

========================================================================
Received Prepare
Refreshing native plugins compatible for Editor in 0.71 ms, found 0 plugins.
Preloading 0 native plugins for Editor in 0.00 ms.
Unloading 3 Unused Serialized files (Serialized files now loaded: 0)
System memory in use before: 115.1 MB.
System memory in use after: 115.2 MB.

Unloading 3 unused Assets to reduce memory usage. Loaded Objects now: 1643.
Total: 2.179800 ms (FindLiveObjects: 0.139100 ms CreateObjectMapping: 0.038700 ms MarkObjects: 1.880600 ms  DeleteObjects: 0.119600 ms)

========================================================================
Received Prepare
Refreshing native plugins compatible for Editor in 0.65 ms, found 0 plugins.
Preloading 0 native plugins for Editor in 0.00 ms.
Unloading 3 Unused Serialized files (Serialized files now loaded: 0)
System memory in use before: 115.1 MB.
System memory in use after: 115.2 MB.

Unloading 3 unused Assets to reduce memory usage. Loaded Objects now: 1643.
Total: 3.383200 ms (FindLiveObjects: 0.134600 ms CreateObjectMapping: 0.039700 ms MarkObjects: 3.146200 ms  DeleteObjects: 0.060800 ms)

========================================================================
Received Prepare
Registering precompiled user dll's ...
Registered in 0.000780 seconds.
Begin MonoManager ReloadAssembly
Native extension for WindowsStandalone target not found
Refreshing native plugins compatible for Editor in 0.22 ms, found 0 plugins.
Preloading 0 native plugins for Editor in 0.00 ms.
Invoked RoslynAnalysisRunner static constructor.
RoslynAnalysisRunner will not be running.
RoslynAnalysisRunner has terminated.
Mono: successfully reloaded assembly
- Completed reload, in  0.798 seconds
Platform modules already initialized, skipping
Refreshing native plugins compatible for Editor in 0.31 ms, found 0 plugins.
Preloading 0 native plugins for Editor in 0.00 ms.
Unloading 1151 Unused Serialized files (Serialized files now loaded: 0)
System memory in use before: 137.4 MB.
System memory in use after: 137.5 MB.

Unloading 5 unused Assets to reduce memory usage. Loaded Objects now: 1645.
Total: 1.604000 ms (FindLiveObjects: 0.145800 ms CreateObjectMapping: 0.038000 ms MarkObjects: 1.360000 ms  DeleteObjects: 0.058700 ms)

========================================================================
Received Prepare
Refreshing native plugins compatible for Editor in 0.79 ms, found 0 plugins.
Preloading 0 native plugins for Editor in 0.00 ms.
Unloading 6 Unused Serialized files (Serialized files now loaded: 0)
System memory in use before: 111.8 MB.
System memory in use after: 111.9 MB.

Unloading 3 unused Assets to reduce memory usage. Loaded Objects now: 1645.
Total: 2.374800 ms (FindLiveObjects: 0.131000 ms CreateObjectMapping: 0.037700 ms MarkObjects: 2.113800 ms  DeleteObjects: 0.041900 ms)

========================================================================
Received Prepare
Refreshing native plugins compatible for Editor in 0.71 ms, found 0 plugins.
Preloading 0 native plugins for Editor in 0.00 ms.
Unloading 3 Unused Serialized files (Serialized files now loaded: 0)
System memory in use before: 112.3 MB.
System memory in use after: 112.4 MB.

Unloading 3 unused Assets to reduce memory usage. Loaded Objects now: 1645.
Total: 1.923300 ms (FindLiveObjects: 0.114200 ms CreateObjectMapping: 0.038200 ms MarkObjects: 1.730400 ms  DeleteObjects: 0.039600 ms)

========================================================================
Received Prepare
Registering precompiled user dll's ...
Registered in 0.000679 seconds.
Begin MonoManager ReloadAssembly
Native extension for WindowsStandalone target not found
Refreshing native plugins compatible for Editor in 0.23 ms, found 0 plugins.
Preloading 0 native plugins for Editor in 0.00 ms.
Invoked RoslynAnalysisRunner static constructor.
RoslynAnalysisRunner will not be running.
RoslynAnalysisRunner has terminated.
Mono: successfully reloaded assembly
- Completed reload, in  0.813 seconds
Platform modules already initialized, skipping
Refreshing native plugins compatible for Editor in 0.21 ms, found 0 plugins.
Preloading 0 native plugins for Editor in 0.00 ms.
Unloading 1150 Unused Serialized files (Serialized files now loaded: 0)
System memory in use before: 137.4 MB.
System memory in use after: 137.5 MB.

Unloading 5 unused Assets to reduce memory usage. Loaded Objects now: 1647.
Total: 1.548700 ms (FindLiveObjects: 0.151400 ms CreateObjectMapping: 0.032500 ms MarkObjects: 1.273200 ms  DeleteObjects: 0.090700 ms)

========================================================================
Received Prepare
Registering precompiled user dll's ...
Registered in 0.000794 seconds.
Begin MonoManager ReloadAssembly
Native extension for WindowsStandalone target not found
Refreshing native plugins compatible for Editor in 0.21 ms, found 0 plugins.
Preloading 0 native plugins for Editor in 0.00 ms.
Invoked RoslynAnalysisRunner static constructor.
RoslynAnalysisRunner will not be running.
RoslynAnalysisRunner has terminated.
Mono: successfully reloaded assembly
- Completed reload, in  0.886 seconds
Platform modules already initialized, skipping
Refreshing native plugins compatible for Editor in 0.49 ms, found 0 plugins.
Preloading 0 native plugins for Editor in 0.00 ms.
Unloading 1151 Unused Serialized files (Serialized files now loaded: 0)
System memory in use before: 137.4 MB.
System memory in use after: 137.5 MB.

Unloading 5 unused Assets to reduce memory usage. Loaded Objects now: 1649.
Total: 3.128300 ms (FindLiveObjects: 0.149700 ms CreateObjectMapping: 0.041300 ms MarkObjects: 2.873300 ms  DeleteObjects: 0.062400 ms)

========================================================================
Received Prepare
Registering precompiled user dll's ...
Registered in 0.001111 seconds.
Begin MonoManager ReloadAssembly
Native extension for WindowsStandalone target not found
Refreshing native plugins compatible for Editor in 0.20 ms, found 0 plugins.
Preloading 0 native plugins for Editor in 0.00 ms.
Invoked RoslynAnalysisRunner static constructor.
RoslynAnalysisRunner will not be running.
RoslynAnalysisRunner has terminated.
Mono: successfully reloaded assembly
- Completed reload, in  0.905 seconds
Platform modules already initialized, skipping
Refreshing native plugins compatible for Editor in 0.20 ms, found 0 plugins.
Preloading 0 native plugins for Editor in 0.00 ms.
Unloading 1151 Unused Serialized files (Serialized files now loaded: 0)
System memory in use before: 137.5 MB.
System memory in use after: 137.5 MB.

Unloading 5 unused Assets to reduce memory usage. Loaded Objects now: 1651.
Total: 1.522400 ms (FindLiveObjects: 0.201400 ms CreateObjectMapping: 0.034500 ms MarkObjects: 1.226700 ms  DeleteObjects: 0.058600 ms)

========================================================================
Received Prepare
Registering precompiled user dll's ...
Registered in 0.000637 seconds.
Begin MonoManager ReloadAssembly
Native extension for WindowsStandalone target not found
Refreshing native plugins compatible for Editor in 0.21 ms, found 0 plugins.
Preloading 0 native plugins for Editor in 0.00 ms.
Invoked RoslynAnalysisRunner static constructor.
RoslynAnalysisRunner will not be running.
RoslynAnalysisRunner has terminated.
Mono: successfully reloaded assembly
- Completed reload, in  0.784 seconds
Platform modules already initialized, skipping
Refreshing native plugins compatible for Editor in 0.21 ms, found 0 plugins.
Preloading 0 native plugins for Editor in 0.00 ms.
Unloading 1151 Unused Serialized files (Serialized files now loaded: 0)
System memory in use before: 137.4 MB.
System memory in use after: 137.5 MB.

Unloading 5 unused Assets to reduce memory usage. Loaded Objects now: 1653.
Total: 1.697700 ms (FindLiveObjects: 0.219300 ms CreateObjectMapping: 0.130900 ms MarkObjects: 1.284900 ms  DeleteObjects: 0.061500 ms)

========================================================================
Received Prepare
Registering precompiled user dll's ...
Registered in 0.000692 seconds.
Begin MonoManager ReloadAssembly
Native extension for WindowsStandalone target not found
Refreshing native plugins compatible for Editor in 0.21 ms, found 0 plugins.
Preloading 0 native plugins for Editor in 0.00 ms.
Invoked RoslynAnalysisRunner static constructor.
RoslynAnalysisRunner will not be running.
RoslynAnalysisRunner has terminated.
Mono: successfully reloaded assembly
- Completed reload, in  1.197 seconds
Platform modules already initialized, skipping
Refreshing native plugins compatible for Editor in 0.21 ms, found 0 plugins.
Preloading 0 native plugins for Editor in 0.00 ms.
Unloading 1151 Unused Serialized files (Serialized files now loaded: 0)
System memory in use before: 137.5 MB.
System memory in use after: 137.5 MB.

Unloading 5 unused Assets to reduce memory usage. Loaded Objects now: 1655.
Total: 3.778000 ms (FindLiveObjects: 0.136700 ms CreateObjectMapping: 0.040500 ms MarkObjects: 3.536900 ms  DeleteObjects: 0.062400 ms)

========================================================================
Received Prepare
Refreshing native plugins compatible for Editor in 0.77 ms, found 0 plugins.
Preloading 0 native plugins for Editor in 0.00 ms.
Unloading 6 Unused Serialized files (Serialized files now loaded: 0)
System memory in use before: 112.5 MB.
System memory in use after: 112.6 MB.

Unloading 3 unused Assets to reduce memory usage. Loaded Objects now: 1655.
Total: 1.804400 ms (FindLiveObjects: 0.137800 ms CreateObjectMapping: 0.163400 ms MarkObjects: 1.459400 ms  DeleteObjects: 0.042600 ms)

========================================================================
Received Prepare
Registering precompiled user dll's ...
Registered in 0.000676 seconds.
Begin MonoManager ReloadAssembly
Native extension for WindowsStandalone target not found
Refreshing native plugins compatible for Editor in 0.21 ms, found 0 plugins.
Preloading 0 native plugins for Editor in 0.00 ms.
Invoked RoslynAnalysisRunner static constructor.
RoslynAnalysisRunner will not be running.
RoslynAnalysisRunner has terminated.
Mono: successfully reloaded assembly
- Completed reload, in  0.915 seconds
Platform modules already initialized, skipping
Refreshing native plugins compatible for Editor in 0.23 ms, found 0 plugins.
Preloading 0 native plugins for Editor in 0.00 ms.
Unloading 1150 Unused Serialized files (Serialized files now loaded: 0)
System memory in use before: 137.5 MB.
System memory in use after: 137.5 MB.

Unloading 5 unused Assets to reduce memory usage. Loaded Objects now: 1657.
Total: 2.986000 ms (FindLiveObjects: 0.142700 ms CreateObjectMapping: 0.037800 ms MarkObjects: 2.739700 ms  DeleteObjects: 0.064100 ms)

========================================================================
Received Prepare
Registering precompiled user dll's ...
Registered in 0.000705 seconds.
Begin MonoManager ReloadAssembly
Native extension for WindowsStandalone target not found
Refreshing native plugins compatible for Editor in 0.20 ms, found 0 plugins.
Preloading 0 native plugins for Editor in 0.00 ms.
Invoked RoslynAnalysisRunner static constructor.
RoslynAnalysisRunner will not be running.
RoslynAnalysisRunner has terminated.
Mono: successfully reloaded assembly
- Completed reload, in  0.887 seconds
Platform modules already initialized, skipping
Refreshing native plugins compatible for Editor in 0.21 ms, found 0 plugins.
Preloading 0 native plugins for Editor in 0.00 ms.
Unloading 1151 Unused Serialized files (Serialized files now loaded: 0)
System memory in use before: 137.5 MB.
System memory in use after: 137.5 MB.

Unloading 5 unused Assets to reduce memory usage. Loaded Objects now: 1659.
Total: 1.503900 ms (FindLiveObjects: 0.129200 ms CreateObjectMapping: 0.038100 ms MarkObjects: 1.275300 ms  DeleteObjects: 0.060100 ms)

========================================================================
Received Prepare
Refreshing native plugins compatible for Editor in 0.86 ms, found 0 plugins.
Preloading 0 native plugins for Editor in 0.00 ms.
Unloading 6 Unused Serialized files (Serialized files now loaded: 0)
System memory in use before: 112.7 MB.
System memory in use after: 112.8 MB.

Unloading 3 unused Assets to reduce memory usage. Loaded Objects now: 1659.
Total: 26.123000 ms (FindLiveObjects: 0.155400 ms CreateObjectMapping: 0.061300 ms MarkObjects: 25.863300 ms  DeleteObjects: 0.040900 ms)

========================================================================
Received Prepare
Registering precompiled user dll's ...
Registered in 0.000669 seconds.
Begin MonoManager ReloadAssembly
Native extension for WindowsStandalone target not found
Refreshing native plugins compatible for Editor in 0.23 ms, found 0 plugins.
Preloading 0 native plugins for Editor in 0.00 ms.
Invoked RoslynAnalysisRunner static constructor.
RoslynAnalysisRunner will not be running.
RoslynAnalysisRunner has terminated.
Mono: successfully reloaded assembly
- Completed reload, in  0.943 seconds
Platform modules already initialized, skipping
Refreshing native plugins compatible for Editor in 0.27 ms, found 0 plugins.
Preloading 0 native plugins for Editor in 0.00 ms.
Unloading 1150 Unused Serialized files (Serialized files now loaded: 0)
System memory in use before: 137.5 MB.
System memory in use after: 137.5 MB.

Unloading 5 unused Assets to reduce memory usage. Loaded Objects now: 1661.
Total: 2.952600 ms (FindLiveObjects: 0.907200 ms CreateObjectMapping: 0.073800 ms MarkObjects: 1.837200 ms  DeleteObjects: 0.133200 ms)

========================================================================
Received Prepare
Refreshing native plugins compatible for Editor in 0.86 ms, found 0 plugins.
Preloading 0 native plugins for Editor in 0.00 ms.
Unloading 6 Unused Serialized files (Serialized files now loaded: 0)
System memory in use before: 112.7 MB.
System memory in use after: 112.8 MB.

Unloading 3 unused Assets to reduce memory usage. Loaded Objects now: 1661.
Total: 2.059700 ms (FindLiveObjects: 0.128700 ms CreateObjectMapping: 0.040900 ms MarkObjects: 1.850200 ms  DeleteObjects: 0.038600 ms)

========================================================================
Received Prepare
Registering precompiled user dll's ...
Registered in 0.001301 seconds.
Begin MonoManager ReloadAssembly
Native extension for WindowsStandalone target not found
Refreshing native plugins compatible for Editor in 0.22 ms, found 0 plugins.
Preloading 0 native plugins for Editor in 0.00 ms.
Invoked RoslynAnalysisRunner static constructor.
RoslynAnalysisRunner will not be running.
RoslynAnalysisRunner has terminated.
Mono: successfully reloaded assembly
- Completed reload, in  1.102 seconds
Platform modules already initialized, skipping
Refreshing native plugins compatible for Editor in 0.21 ms, found 0 plugins.
Preloading 0 native plugins for Editor in 0.00 ms.
Unloading 1150 Unused Serialized files (Serialized files now loaded: 0)
System memory in use before: 137.5 MB.
System memory in use after: 137.5 MB.

Unloading 5 unused Assets to reduce memory usage. Loaded Objects now: 1663.
Total: 2.816600 ms (FindLiveObjects: 0.242300 ms CreateObjectMapping: 0.047700 ms MarkObjects: 2.444800 ms  DeleteObjects: 0.080200 ms)

========================================================================
Received Prepare
Registering precompiled user dll's ...
Registered in 0.001000 seconds.
Begin MonoManager ReloadAssembly
Native extension for WindowsStandalone target not found
Refreshing native plugins compatible for Editor in 0.23 ms, found 0 plugins.
Preloading 0 native plugins for Editor in 0.00 ms.
Invoked RoslynAnalysisRunner static constructor.
RoslynAnalysisRunner will not be running.
RoslynAnalysisRunner has terminated.
Mono: successfully reloaded assembly
- Completed reload, in  0.992 seconds
Platform modules already initialized, skipping
Refreshing native plugins compatible for Editor in 0.21 ms, found 0 plugins.
Preloading 0 native plugins for Editor in 0.00 ms.
Unloading 1151 Unused Serialized files (Serialized files now loaded: 0)
System memory in use before: 137.5 MB.
System memory in use after: 137.6 MB.

Unloading 5 unused Assets to reduce memory usage. Loaded Objects now: 1665.
Total: 1.906300 ms (FindLiveObjects: 0.137300 ms CreateObjectMapping: 0.041100 ms MarkObjects: 1.642400 ms  DeleteObjects: 0.084100 ms)

========================================================================
Received Prepare
Registering precompiled user dll's ...
Registered in 0.000681 seconds.
Begin MonoManager ReloadAssembly
Native extension for WindowsStandalone target not found
Refreshing native plugins compatible for Editor in 0.21 ms, found 0 plugins.
Preloading 0 native plugins for Editor in 0.00 ms.
Invoked RoslynAnalysisRunner static constructor.
RoslynAnalysisRunner will not be running.
RoslynAnalysisRunner has terminated.
Mono: successfully reloaded assembly
- Completed reload, in  1.003 seconds
Platform modules already initialized, skipping
Refreshing native plugins compatible for Editor in 0.21 ms, found 0 plugins.
Preloading 0 native plugins for Editor in 0.00 ms.
Unloading 1151 Unused Serialized files (Serialized files now loaded: 0)
System memory in use before: 137.5 MB.
System memory in use after: 137.6 MB.

Unloading 5 unused Assets to reduce memory usage. Loaded Objects now: 1667.
Total: 1.446400 ms (FindLiveObjects: 0.131600 ms CreateObjectMapping: 0.038800 ms MarkObjects: 1.213800 ms  DeleteObjects: 0.061100 ms)

========================================================================
Received Prepare
Registering precompiled user dll's ...
Registered in 0.008753 seconds.
Begin MonoManager ReloadAssembly
Native extension for WindowsStandalone target not found
Refreshing native plugins compatible for Editor in 0.25 ms, found 0 plugins.
Preloading 0 native plugins for Editor in 0.00 ms.
Invoked RoslynAnalysisRunner static constructor.
RoslynAnalysisRunner will not be running.
RoslynAnalysisRunner has terminated.
Mono: successfully reloaded assembly
- Completed reload, in  1.256 seconds
Platform modules already initialized, skipping
Refreshing native plugins compatible for Editor in 0.25 ms, found 0 plugins.
Preloading 0 native plugins for Editor in 0.00 ms.
Unloading 1159 Unused Serialized files (Serialized files now loaded: 0)
System memory in use before: 137.7 MB.
System memory in use after: 137.8 MB.

Unloading 8 unused Assets to reduce memory usage. Loaded Objects now: 1675.
Total: 2.043400 ms (FindLiveObjects: 0.139300 ms CreateObjectMapping: 0.039400 ms MarkObjects: 1.782900 ms  DeleteObjects: 0.080200 ms)

========================================================================
Received Import Request.
  Time since last request: 7735.351064 seconds.
  path: Assets/LevelSelector.cs
  artifactKey: Guid(eea6a8417b8a16d438d60e799fde46e4) Importer(815301076,1909f56bfc062723c751e8b465ee728b)
Start importing Assets/LevelSelector.cs using Guid(eea6a8417b8a16d438d60e799fde46e4) Importer(815301076,1909f56bfc062723c751e8b465ee728b)  -> (artifact id: '5eb5926ad2a65cbf690e99b9bc6589ea') in 0.031696 seconds
  Import took 0.034777 seconds .

========================================================================
Received Import Request.
  Time since last request: 1.161717 seconds.
  path: Assets/HPTarget.cs
  artifactKey: Guid(f6b8a5a6f36d430478f0d01b9d3ef7e8) Importer(815301076,1909f56bfc062723c751e8b465ee728b)
Start importing Assets/HPTarget.cs using Guid(f6b8a5a6f36d430478f0d01b9d3ef7e8) Importer(815301076,1909f56bfc062723c751e8b465ee728b)  -> (artifact id: '7171c44795d46ed859c565875f55d197') in 0.012632 seconds
  Import took 0.015440 seconds .

========================================================================
Received Prepare
Registering precompiled user dll's ...
Registered in 0.002871 seconds.
Begin MonoManager ReloadAssembly
Native extension for WindowsStandalone target not found
Refreshing native plugins compatible for Editor in 0.24 ms, found 0 plugins.
Preloading 0 native plugins for Editor in 0.00 ms.
Invoked RoslynAnalysisRunner static constructor.
RoslynAnalysisRunner will not be running.
RoslynAnalysisRunner has terminated.
Mono: successfully reloaded assembly
- Completed reload, in  2.222 seconds
Platform modules already initialized, skipping
Refreshing native plugins compatible for Editor in 0.47 ms, found 0 plugins.
Preloading 0 native plugins for Editor in 0.00 ms.
Unloading 1159 Unused Serialized files (Serialized files now loaded: 0)
System memory in use before: 137.7 MB.
System memory in use after: 137.8 MB.

Unloading 8 unused Assets to reduce memory usage. Loaded Objects now: 1677.
Total: 1.717500 ms (FindLiveObjects: 0.130500 ms CreateObjectMapping: 0.037100 ms MarkObjects: 1.483100 ms  DeleteObjects: 0.065400 ms)

========================================================================
Received Prepare
Registering precompiled user dll's ...
Registered in 0.001848 seconds.
Begin MonoManager ReloadAssembly
Native extension for WindowsStandalone target not found
Refreshing native plugins compatible for Editor in 0.24 ms, found 0 plugins.
Preloading 0 native plugins for Editor in 0.00 ms.
Invoked RoslynAnalysisRunner static constructor.
RoslynAnalysisRunner will not be running.
RoslynAnalysisRunner has terminated.
Mono: successfully reloaded assembly
- Completed reload, in  1.008 seconds
Platform modules already initialized, skipping
Refreshing native plugins compatible for Editor in 0.39 ms, found 0 plugins.
Preloading 0 native plugins for Editor in 0.00 ms.
Unloading 1159 Unused Serialized files (Serialized files now loaded: 0)
System memory in use before: 137.7 MB.
System memory in use after: 137.8 MB.

Unloading 8 unused Assets to reduce memory usage. Loaded Objects now: 1679.
Total: 3.080700 ms (FindLiveObjects: 0.494700 ms CreateObjectMapping: 0.244200 ms MarkObjects: 2.270800 ms  DeleteObjects: 0.069400 ms)

========================================================================
Received Prepare
Registering precompiled user dll's ...
Registered in 0.001561 seconds.
Begin MonoManager ReloadAssembly
Native extension for WindowsStandalone target not found
Refreshing native plugins compatible for Editor in 0.41 ms, found 0 plugins.
Preloading 0 native plugins for Editor in 0.00 ms.
Invoked RoslynAnalysisRunner static constructor.
RoslynAnalysisRunner will not be running.
RoslynAnalysisRunner has terminated.
Mono: successfully reloaded assembly
- Completed reload, in  1.131 seconds
Platform modules already initialized, skipping
Refreshing native plugins compatible for Editor in 0.25 ms, found 0 plugins.
Preloading 0 native plugins for Editor in 0.00 ms.
Unloading 1159 Unused Serialized files (Serialized files now loaded: 0)
System memory in use before: 137.8 MB.
System memory in use after: 137.8 MB.

Unloading 8 unused Assets to reduce memory usage. Loaded Objects now: 1681.
Total: 2.996400 ms (FindLiveObjects: 0.149400 ms CreateObjectMapping: 0.038600 ms MarkObjects: 2.578900 ms  DeleteObjects: 0.228000 ms)

========================================================================
Received Prepare
Registering precompiled user dll's ...
Registered in 0.001604 seconds.
Begin MonoManager ReloadAssembly
Native extension for WindowsStandalone target not found
Refreshing native plugins compatible for Editor in 0.40 ms, found 0 plugins.
Preloading 0 native plugins for Editor in 0.00 ms.
Invoked RoslynAnalysisRunner static constructor.
RoslynAnalysisRunner will not be running.
RoslynAnalysisRunner has terminated.
Mono: successfully reloaded assembly
- Completed reload, in  0.956 seconds
Platform modules already initialized, skipping
Refreshing native plugins compatible for Editor in 0.23 ms, found 0 plugins.
Preloading 0 native plugins for Editor in 0.00 ms.
Unloading 1155 Unused Serialized files (Serialized files now loaded: 0)
System memory in use before: 137.7 MB.
System memory in use after: 137.8 MB.

Unloading 8 unused Assets to reduce memory usage. Loaded Objects now: 1683.
Total: 3.615700 ms (FindLiveObjects: 0.253900 ms CreateObjectMapping: 0.221700 ms MarkObjects: 3.055100 ms  DeleteObjects: 0.083400 ms)

========================================================================
Received Prepare
Refreshing native plugins compatible for Editor in 1.33 ms, found 0 plugins.
Preloading 0 native plugins for Editor in 0.00 ms.
Unloading 6 Unused Serialized files (Serialized files now loaded: 0)
System memory in use before: 114.9 MB.
System memory in use after: 115.0 MB.

Unloading 6 unused Assets to reduce memory usage. Loaded Objects now: 1683.
Total: 1.758500 ms (FindLiveObjects: 0.130200 ms CreateObjectMapping: 0.038000 ms MarkObjects: 1.529600 ms  DeleteObjects: 0.059000 ms)

========================================================================
Received Prepare
Registering precompiled user dll's ...
Registered in 0.000640 seconds.
Begin MonoManager ReloadAssembly
Native extension for WindowsStandalone target not found
Refreshing native plugins compatible for Editor in 0.21 ms, found 0 plugins.
Preloading 0 native plugins for Editor in 0.00 ms.
Invoked RoslynAnalysisRunner static constructor.
RoslynAnalysisRunner will not be running.
RoslynAnalysisRunner has terminated.
Mono: successfully reloaded assembly
- Completed reload, in  1.238 seconds
Platform modules already initialized, skipping
Refreshing native plugins compatible for Editor in 0.20 ms, found 0 plugins.
Preloading 0 native plugins for Editor in 0.00 ms.
Unloading 1147 Unused Serialized files (Serialized files now loaded: 0)
System memory in use before: 137.5 MB.
System memory in use after: 137.6 MB.

Unloading 7 unused Assets to reduce memory usage. Loaded Objects now: 1683.
Total: 1.892600 ms (FindLiveObjects: 0.125600 ms CreateObjectMapping: 0.035800 ms MarkObjects: 1.667800 ms  DeleteObjects: 0.062400 ms)

========================================================================
Received Prepare
Refreshing native plugins compatible for Editor in 0.79 ms, found 0 plugins.
Preloading 0 native plugins for Editor in 0.00 ms.
Unloading 3 Unused Serialized files (Serialized files now loaded: 0)
System memory in use before: 114.8 MB.
System memory in use after: 114.9 MB.

Unloading 3 unused Assets to reduce memory usage. Loaded Objects now: 1683.
Total: 1.697400 ms (FindLiveObjects: 0.132900 ms CreateObjectMapping: 0.038500 ms MarkObjects: 1.468000 ms  DeleteObjects: 0.056700 ms)

========================================================================
Received Prepare
Registering precompiled user dll's ...
Registered in 0.000646 seconds.
Begin MonoManager ReloadAssembly
Native extension for WindowsStandalone target not found
Refreshing native plugins compatible for Editor in 0.32 ms, found 0 plugins.
Preloading 0 native plugins for Editor in 0.00 ms.
Invoked RoslynAnalysisRunner static constructor.
RoslynAnalysisRunner will not be running.
RoslynAnalysisRunner has terminated.
Mono: successfully reloaded assembly
- Completed reload, in  0.913 seconds
Platform modules already initialized, skipping
Refreshing native plugins compatible for Editor in 0.20 ms, found 0 plugins.
Preloading 0 native plugins for Editor in 0.00 ms.
Unloading 1148 Unused Serialized files (Serialized files now loaded: 0)
System memory in use before: 137.5 MB.
System memory in use after: 137.6 MB.

Unloading 5 unused Assets to reduce memory usage. Loaded Objects now: 1686.
Total: 1.539200 ms (FindLiveObjects: 0.137500 ms CreateObjectMapping: 0.041300 ms MarkObjects: 1.297500 ms  DeleteObjects: 0.061200 ms)

========================================================================
Received Prepare
Registering precompiled user dll's ...
Registered in 0.001067 seconds.
Begin MonoManager ReloadAssembly
Native extension for WindowsStandalone target not found
Refreshing native plugins compatible for Editor in 0.28 ms, found 0 plugins.
Preloading 0 native plugins for Editor in 0.00 ms.
Invoked RoslynAnalysisRunner static constructor.
RoslynAnalysisRunner will not be running.
RoslynAnalysisRunner has terminated.
Mono: successfully reloaded assembly
- Completed reload, in  0.829 seconds
Platform modules already initialized, skipping
Refreshing native plugins compatible for Editor in 0.27 ms, found 0 plugins.
Preloading 0 native plugins for Editor in 0.00 ms.
Unloading 1148 Unused Serialized files (Serialized files now loaded: 0)
System memory in use before: 137.5 MB.
System memory in use after: 137.6 MB.

Unloading 5 unused Assets to reduce memory usage. Loaded Objects now: 1688.
Total: 2.062500 ms (FindLiveObjects: 0.158400 ms CreateObjectMapping: 0.038800 ms MarkObjects: 1.804700 ms  DeleteObjects: 0.058600 ms)

========================================================================
Received Prepare
Registering precompiled user dll's ...
Registered in 0.001120 seconds.
Begin MonoManager ReloadAssembly
Native extension for WindowsStandalone target not found
Refreshing native plugins compatible for Editor in 0.22 ms, found 0 plugins.
Preloading 0 native plugins for Editor in 0.00 ms.
Invoked RoslynAnalysisRunner static constructor.
RoslynAnalysisRunner will not be running.
RoslynAnalysisRunner has terminated.
Mono: successfully reloaded assembly
- Completed reload, in  0.954 seconds
Platform modules already initialized, skipping
Refreshing native plugins compatible for Editor in 0.22 ms, found 0 plugins.
Preloading 0 native plugins for Editor in 0.00 ms.
Unloading 1148 Unused Serialized files (Serialized files now loaded: 0)
System memory in use before: 137.5 MB.
System memory in use after: 137.6 MB.

Unloading 5 unused Assets to reduce memory usage. Loaded Objects now: 1690.
Total: 1.885500 ms (FindLiveObjects: 0.151000 ms CreateObjectMapping: 0.047500 ms MarkObjects: 1.571100 ms  DeleteObjects: 0.114300 ms)

========================================================================
Received Import Request.
  Time since last request: 5618.756994 seconds.
  path: Assets/Fonts/Goldman-Bold.ttf
  artifactKey: Guid(5533bedeb8195c148917a9a8ea77db79) Importer(815301076,1909f56bfc062723c751e8b465ee728b)
Start importing Assets/Fonts/Goldman-Bold.ttf using Guid(5533bedeb8195c148917a9a8ea77db79) Importer(815301076,1909f56bfc062723c751e8b465ee728b)  -> (artifact id: 'eaba3b50c5236b35894758fe38255346') in 0.388438 seconds
  Import took 0.394766 seconds .

========================================================================
Received Import Request.
  Time since last request: 0.000287 seconds.
  path: Assets/Fonts/Goldman-Regular.ttf
  artifactKey: Guid(e26c5f5882e67db4e8f1a01309d4cc3c) Importer(815301076,1909f56bfc062723c751e8b465ee728b)
Start importing Assets/Fonts/Goldman-Regular.ttf using Guid(e26c5f5882e67db4e8f1a01309d4cc3c) Importer(815301076,1909f56bfc062723c751e8b465ee728b)  -> (artifact id: 'e1166d91664455624a4a7b625c693968') in 0.040374 seconds
  Import took 0.042276 seconds .

========================================================================
Received Prepare
Registering precompiled user dll's ...
Registered in 0.000714 seconds.
Begin MonoManager ReloadAssembly
Native extension for WindowsStandalone target not found
Refreshing native plugins compatible for Editor in 0.48 ms, found 0 plugins.
Preloading 0 native plugins for Editor in 0.00 ms.
Invoked RoslynAnalysisRunner static constructor.
RoslynAnalysisRunner will not be running.
RoslynAnalysisRunner has terminated.
Mono: successfully reloaded assembly
- Completed reload, in  0.975 seconds
Platform modules already initialized, skipping
Refreshing native plugins compatible for Editor in 0.20 ms, found 0 plugins.
Preloading 0 native plugins for Editor in 0.00 ms.
Unloading 1148 Unused Serialized files (Serialized files now loaded: 0)
System memory in use before: 137.9 MB.
System memory in use after: 138.0 MB.

Unloading 5 unused Assets to reduce memory usage. Loaded Objects now: 1730.
Total: 1.506000 ms (FindLiveObjects: 0.150000 ms CreateObjectMapping: 0.039300 ms MarkObjects: 1.260200 ms  DeleteObjects: 0.055100 ms)

========================================================================
Received Import Request.
  Time since last request: 99.135031 seconds.
  path: Assets/Scenes/MainMenu.unity
  artifactKey: Guid(77da14b0c20284c4aa96c2433fdc6854) Importer(815301076,1909f56bfc062723c751e8b465ee728b)
Start importing Assets/Scenes/MainMenu.unity using Guid(77da14b0c20284c4aa96c2433fdc6854) Importer(815301076,1909f56bfc062723c751e8b465ee728b)  -> (artifact id: '14a06bca931f6ae4afe175da131e21b3') in 0.039442 seconds
  Import took 0.041504 seconds .

========================================================================
Received Prepare
Registering precompiled user dll's ...
Registered in 0.001186 seconds.
Begin MonoManager ReloadAssembly
Native extension for WindowsStandalone target not found
Refreshing native plugins compatible for Editor in 0.25 ms, found 0 plugins.
Preloading 0 native plugins for Editor in 0.00 ms.
Invoked RoslynAnalysisRunner static constructor.
RoslynAnalysisRunner will not be running.
RoslynAnalysisRunner has terminated.
Mono: successfully reloaded assembly
- Completed reload, in  0.931 seconds
Platform modules already initialized, skipping
Refreshing native plugins compatible for Editor in 0.26 ms, found 0 plugins.
Preloading 0 native plugins for Editor in 0.00 ms.
Unloading 1148 Unused Serialized files (Serialized files now loaded: 0)
System memory in use before: 137.9 MB.
System memory in use after: 138.0 MB.

Unloading 5 unused Assets to reduce memory usage. Loaded Objects now: 1732.
Total: 2.062800 ms (FindLiveObjects: 0.129000 ms CreateObjectMapping: 0.034900 ms MarkObjects: 1.828500 ms  DeleteObjects: 0.069000 ms)

========================================================================
Received Prepare
Registering precompiled user dll's ...
Registered in 0.000674 seconds.
Begin MonoManager ReloadAssembly
Native extension for WindowsStandalone target not found
Refreshing native plugins compatible for Editor in 0.20 ms, found 0 plugins.
Preloading 0 native plugins for Editor in 0.00 ms.
Invoked RoslynAnalysisRunner static constructor.
RoslynAnalysisRunner will not be running.
RoslynAnalysisRunner has terminated.
Mono: successfully reloaded assembly
- Completed reload, in  0.852 seconds
Platform modules already initialized, skipping
Refreshing native plugins compatible for Editor in 0.22 ms, found 0 plugins.
Preloading 0 native plugins for Editor in 0.00 ms.
Unloading 1148 Unused Serialized files (Serialized files now loaded: 0)
System memory in use before: 137.9 MB.
System memory in use after: 138.0 MB.

Unloading 5 unused Assets to reduce memory usage. Loaded Objects now: 1734.
Total: 1.563000 ms (FindLiveObjects: 0.142100 ms CreateObjectMapping: 0.038900 ms MarkObjects: 1.320400 ms  DeleteObjects: 0.059800 ms)

========================================================================
Received Import Request.
  Time since last request: 194.997612 seconds.
  path: Assets/Scenes/Level02.unity
  artifactKey: Guid(130a122a4e456e84fb65e6cf3bc32328) Importer(815301076,1909f56bfc062723c751e8b465ee728b)
Start importing Assets/Scenes/Level02.unity using Guid(130a122a4e456e84fb65e6cf3bc32328) Importer(815301076,1909f56bfc062723c751e8b465ee728b)  -> (artifact id: '7c1b6950425aa0f8d891fbd6cab9aa5e') in 0.019242 seconds
  Import took 0.024862 seconds .

========================================================================
Received Prepare
Registering precompiled user dll's ...
Registered in 0.001061 seconds.
Begin MonoManager ReloadAssembly
Native extension for WindowsStandalone target not found
Refreshing native plugins compatible for Editor in 0.21 ms, found 0 plugins.
Preloading 0 native plugins for Editor in 0.00 ms.
Invoked RoslynAnalysisRunner static constructor.
RoslynAnalysisRunner will not be running.
RoslynAnalysisRunner has terminated.
Mono: successfully reloaded assembly
- Completed reload, in  0.896 seconds
Platform modules already initialized, skipping
Refreshing native plugins compatible for Editor in 0.21 ms, found 0 plugins.
Preloading 0 native plugins for Editor in 0.00 ms.
Unloading 1152 Unused Serialized files (Serialized files now loaded: 0)
System memory in use before: 138.0 MB.
System memory in use after: 138.1 MB.

Unloading 5 unused Assets to reduce memory usage. Loaded Objects now: 1736.
Total: 1.596700 ms (FindLiveObjects: 0.150500 ms CreateObjectMapping: 0.041700 ms MarkObjects: 1.342100 ms  DeleteObjects: 0.061000 ms)

========================================================================
Received Prepare
Refreshing native plugins compatible for Editor in 1.91 ms, found 0 plugins.
Preloading 0 native plugins for Editor in 0.00 ms.
Unloading 6 Unused Serialized files (Serialized files now loaded: 0)
System memory in use before: 112.8 MB.
System memory in use after: 112.9 MB.

Unloading 3 unused Assets to reduce memory usage. Loaded Objects now: 1736.
Total: 5.286300 ms (FindLiveObjects: 1.580100 ms CreateObjectMapping: 0.056700 ms MarkObjects: 3.606200 ms  DeleteObjects: 0.042100 ms)

========================================================================
Received Prepare
Refreshing native plugins compatible for Editor in 2.44 ms, found 0 plugins.
Preloading 0 native plugins for Editor in 0.00 ms.
Unloading 3 Unused Serialized files (Serialized files now loaded: 0)
System memory in use before: 113.1 MB.
System memory in use after: 113.2 MB.

Unloading 3 unused Assets to reduce memory usage. Loaded Objects now: 1736.
Total: 1.622800 ms (FindLiveObjects: 0.149500 ms CreateObjectMapping: 0.040700 ms MarkObjects: 1.391800 ms  DeleteObjects: 0.039600 ms)

========================================================================
Received Prepare
Refreshing native plugins compatible for Editor in 0.68 ms, found 0 plugins.
Preloading 0 native plugins for Editor in 0.00 ms.
Unloading 3 Unused Serialized files (Serialized files now loaded: 0)
System memory in use before: 113.2 MB.
System memory in use after: 113.3 MB.

Unloading 3 unused Assets to reduce memory usage. Loaded Objects now: 1736.
Total: 1.577300 ms (FindLiveObjects: 0.168200 ms CreateObjectMapping: 0.040500 ms MarkObjects: 1.325900 ms  DeleteObjects: 0.041300 ms)

========================================================================
Received Prepare
Registering precompiled user dll's ...
Registered in 0.000721 seconds.
Begin MonoManager ReloadAssembly
Native extension for WindowsStandalone target not found
Refreshing native plugins compatible for Editor in 0.22 ms, found 0 plugins.
Preloading 0 native plugins for Editor in 0.00 ms.
Invoked RoslynAnalysisRunner static constructor.
RoslynAnalysisRunner will not be running.
RoslynAnalysisRunner has terminated.
Mono: successfully reloaded assembly
- Completed reload, in  0.861 seconds
Platform modules already initialized, skipping
Refreshing native plugins compatible for Editor in 0.21 ms, found 0 plugins.
Preloading 0 native plugins for Editor in 0.00 ms.
Unloading 1151 Unused Serialized files (Serialized files now loaded: 0)
System memory in use before: 138.0 MB.
System memory in use after: 138.1 MB.

Unloading 5 unused Assets to reduce memory usage. Loaded Objects now: 1738.
Total: 1.836100 ms (FindLiveObjects: 0.138100 ms CreateObjectMapping: 0.037800 ms MarkObjects: 1.590500 ms  DeleteObjects: 0.068800 ms)

========================================================================
Received Import Request.
  Time since last request: 628.545013 seconds.
  path: Assets/Scenes/Level02.unity
  artifactKey: Guid(130a122a4e456e84fb65e6cf3bc32328) Importer(815301076,1909f56bfc062723c751e8b465ee728b)
Start importing Assets/Scenes/Level02.unity using Guid(130a122a4e456e84fb65e6cf3bc32328) Importer(815301076,1909f56bfc062723c751e8b465ee728b)  -> (artifact id: '2d1b3a5094865f7233b37c85ee346d76') in 0.013919 seconds
  Import took 0.015942 seconds .

========================================================================
Received Import Request.
  Time since last request: 0.000562 seconds.
  path: Assets/Scenes/Level02.unity
  artifactKey: Guid(130a122a4e456e84fb65e6cf3bc32328) Importer(815301076,1909f56bfc062723c751e8b465ee728b)
Start importing Assets/Scenes/Level02.unity using Guid(130a122a4e456e84fb65e6cf3bc32328) Importer(815301076,1909f56bfc062723c751e8b465ee728b)  -> (artifact id: '2d1b3a5094865f7233b37c85ee346d76') in 0.004804 seconds
  Import took 0.008127 seconds .

========================================================================
Received Prepare
Registering precompiled user dll's ...
Registered in 0.000671 seconds.
Begin MonoManager ReloadAssembly
Native extension for WindowsStandalone target not found
Refreshing native plugins compatible for Editor in 0.21 ms, found 0 plugins.
Preloading 0 native plugins for Editor in 0.00 ms.
Invoked RoslynAnalysisRunner static constructor.
RoslynAnalysisRunner will not be running.
RoslynAnalysisRunner has terminated.
Mono: successfully reloaded assembly
- Completed reload, in  0.832 seconds
Platform modules already initialized, skipping
Refreshing native plugins compatible for Editor in 0.21 ms, found 0 plugins.
Preloading 0 native plugins for Editor in 0.00 ms.
Unloading 1152 Unused Serialized files (Serialized files now loaded: 0)
System memory in use before: 138.0 MB.
System memory in use after: 138.1 MB.

Unloading 5 unused Assets to reduce memory usage. Loaded Objects now: 1740.
Total: 1.617600 ms (FindLiveObjects: 0.171500 ms CreateObjectMapping: 0.033500 ms MarkObjects: 1.320000 ms  DeleteObjects: 0.091800 ms)

========================================================================
Received Prepare
Registering precompiled user dll's ...
Registered in 0.000737 seconds.
Begin MonoManager ReloadAssembly
Native extension for WindowsStandalone target not found
Refreshing native plugins compatible for Editor in 0.20 ms, found 0 plugins.
Preloading 0 native plugins for Editor in 0.00 ms.
Invoked RoslynAnalysisRunner static constructor.
RoslynAnalysisRunner will not be running.
RoslynAnalysisRunner has terminated.
Mono: successfully reloaded assembly
- Completed reload, in  0.837 seconds
Platform modules already initialized, skipping
Refreshing native plugins compatible for Editor in 0.26 ms, found 0 plugins.
Preloading 0 native plugins for Editor in 0.00 ms.
Unloading 1152 Unused Serialized files (Serialized files now loaded: 0)
System memory in use before: 138.0 MB.
System memory in use after: 138.1 MB.

Unloading 5 unused Assets to reduce memory usage. Loaded Objects now: 1742.
Total: 2.871400 ms (FindLiveObjects: 0.137900 ms CreateObjectMapping: 0.038700 ms MarkObjects: 2.634100 ms  DeleteObjects: 0.059100 ms)

========================================================================
Received Prepare
Registering precompiled user dll's ...
Registered in 0.000663 seconds.
Begin MonoManager ReloadAssembly
Native extension for WindowsStandalone target not found
Refreshing native plugins compatible for Editor in 0.25 ms, found 0 plugins.
Preloading 0 native plugins for Editor in 0.00 ms.
Invoked RoslynAnalysisRunner static constructor.
RoslynAnalysisRunner will not be running.
RoslynAnalysisRunner has terminated.
Mono: successfully reloaded assembly
- Completed reload, in  1.448 seconds
Platform modules already initialized, skipping
Refreshing native plugins compatible for Editor in 0.21 ms, found 0 plugins.
Preloading 0 native plugins for Editor in 0.00 ms.
Unloading 1152 Unused Serialized files (Serialized files now loaded: 0)
System memory in use before: 138.0 MB.
System memory in use after: 138.1 MB.

Unloading 5 unused Assets to reduce memory usage. Loaded Objects now: 1744.
Total: 1.828100 ms (FindLiveObjects: 0.142800 ms CreateObjectMapping: 0.038700 ms MarkObjects: 1.564100 ms  DeleteObjects: 0.080800 ms)

========================================================================
Received Prepare
Refreshing native plugins compatible for Editor in 0.66 ms, found 0 plugins.
Preloading 0 native plugins for Editor in 0.00 ms.
Unloading 6 Unused Serialized files (Serialized files now loaded: 0)
System memory in use before: 112.6 MB.
System memory in use after: 112.7 MB.

Unloading 3 unused Assets to reduce memory usage. Loaded Objects now: 1744.
Total: 1.638000 ms (FindLiveObjects: 0.191800 ms CreateObjectMapping: 0.059200 ms MarkObjects: 1.332500 ms  DeleteObjects: 0.053500 ms)

========================================================================
Received Import Request.
  Time since last request: 821.319072 seconds.
  path: Assets/Prefab/Main Camera.prefab
  artifactKey: Guid(9fd6fd8cb58597f4a8a8dff16d6f1fca) Importer(815301076,1909f56bfc062723c751e8b465ee728b)
Start importing Assets/Prefab/Main Camera.prefab using Guid(9fd6fd8cb58597f4a8a8dff16d6f1fca) Importer(815301076,1909f56bfc062723c751e8b465ee728b)  -> (artifact id: 'f28f03b4e80715a89626160831db9a94') in 0.037484 seconds
  Import took 0.042522 seconds .

========================================================================
Received Import Request.
  Time since last request: 2.934373 seconds.
  path: Assets/Sprites/LaserBeamerIcon.png
  artifactKey: Guid(d9ce148afe4c50a4c943317900e6ac77) Importer(815301076,1909f56bfc062723c751e8b465ee728b)
Start importing Assets/Sprites/LaserBeamerIcon.png using Guid(d9ce148afe4c50a4c943317900e6ac77) Importer(815301076,1909f56bfc062723c751e8b465ee728b)  -> (artifact id: '61b19c889a1acdb80bc8d4781e19d605') in 0.111747 seconds
  Import took 0.113796 seconds .

========================================================================
Received Import Request.
  Time since last request: 0.000260 seconds.
  path: Assets/Sprites/StandardTurretIcon_PSD.psd
  artifactKey: Guid(745901a3707958a4ca80815eae756171) Importer(815301076,1909f56bfc062723c751e8b465ee728b)
Start importing Assets/Sprites/StandardTurretIcon_PSD.psd using Guid(745901a3707958a4ca80815eae756171) Importer(815301076,1909f56bfc062723c751e8b465ee728b)  -> (artifact id: 'fa43ff795a928303de91f62f0fa011f1') in 0.051680 seconds
  Import took 0.053730 seconds .

========================================================================
Received Import Request.
  Time since last request: 0.000140 seconds.
  path: Assets/Sprites/MissileLauncherIcon.png
  artifactKey: Guid(17245574d54eae24f9e35c55d157e5d8) Importer(815301076,1909f56bfc062723c751e8b465ee728b)
Start importing Assets/Sprites/MissileLauncherIcon.png using Guid(17245574d54eae24f9e35c55d157e5d8) Importer(815301076,1909f56bfc062723c751e8b465ee728b)  -> (artifact id: '7467af670e4edc7c4800ab036a03543a') in 0.054589 seconds
  Import took 0.056571 seconds .

========================================================================
Received Import Request.
  Time since last request: 0.000202 seconds.
  path: Assets/Sprites/MissileLauncherIcon_PSD.psd
  artifactKey: Guid(4f8bdeafc4b14754f85e78961ae95e9f) Importer(815301076,1909f56bfc062723c751e8b465ee728b)
Start importing Assets/Sprites/MissileLauncherIcon_PSD.psd using Guid(4f8bdeafc4b14754f85e78961ae95e9f) Importer(815301076,1909f56bfc062723c751e8b465ee728b)  -> (artifact id: 'd41655b7320650ec3afc4376fa63eec4') in 0.052326 seconds
  Import took 0.054210 seconds .

========================================================================
Received Import Request.
  Time since last request: 0.000161 seconds.
  path: Assets/Sprites/LaserBeamerIcon_PSD.psd
  artifactKey: Guid(9bfa033bbf779bb41a15cafcc1c3bc56) Importer(815301076,1909f56bfc062723c751e8b465ee728b)
Start importing Assets/Sprites/LaserBeamerIcon_PSD.psd using Guid(9bfa033bbf779bb41a15cafcc1c3bc56) Importer(815301076,1909f56bfc062723c751e8b465ee728b)  -> (artifact id: '98da7d9d465e5900b482766093bbbe94') in 0.029122 seconds
  Import took 0.030954 seconds .

========================================================================
Received Import Request.
  Time since last request: 0.000229 seconds.
  path: Assets/Sprites/WhiteSquare.jpg
  artifactKey: Guid(248c0aee6f921c74ba2fecd7df0a3f6a) Importer(815301076,1909f56bfc062723c751e8b465ee728b)
Start importing Assets/Sprites/WhiteSquare.jpg using Guid(248c0aee6f921c74ba2fecd7df0a3f6a) Importer(815301076,1909f56bfc062723c751e8b465ee728b)  -> (artifact id: '784dec89092f59af699503179f5f1401') in 0.024144 seconds
  Import took 0.026073 seconds .

========================================================================
Received Import Request.
  Time since last request: 0.000227 seconds.
  path: Assets/Sprites/StandardTurret.png
  artifactKey: Guid(25d21bc4a3f7e8f4e8a523afd1e97bbb) Importer(815301076,1909f56bfc062723c751e8b465ee728b)
Start importing Assets/Sprites/StandardTurret.png using Guid(25d21bc4a3f7e8f4e8a523afd1e97bbb) Importer(815301076,1909f56bfc062723c751e8b465ee728b)  -> (artifact id: '1d18922b7704b37d65dbc71911eab9d8') in 0.043723 seconds
  Import took 0.045697 seconds .

========================================================================
Received Import Request.
  Time since last request: 0.000153 seconds.
  path: Assets/Sprites/StandardTurretIcon.png
  artifactKey: Guid(3a980ae57195d2141a93b1b442946bcf) Importer(815301076,1909f56bfc062723c751e8b465ee728b)
Start importing Assets/Sprites/StandardTurretIcon.png using Guid(3a980ae57195d2141a93b1b442946bcf) Importer(815301076,1909f56bfc062723c751e8b465ee728b)  -> (artifact id: '872a40cd5e53d129bb6764ac3aaae4a9') in 0.095408 seconds
  Import took 0.097283 seconds .

========================================================================
Received Import Request.
  Time since last request: 7.118432 seconds.
  path: Assets/Fonts/Goldman-Bold.ttf
  artifactKey: Guid(5533bedeb8195c148917a9a8ea77db79) Importer(815301076,1909f56bfc062723c751e8b465ee728b)
Start importing Assets/Fonts/Goldman-Bold.ttf using Guid(5533bedeb8195c148917a9a8ea77db79) Importer(815301076,1909f56bfc062723c751e8b465ee728b)  -> (artifact id: '43b02e945c7ebc37cb1ae5a94ba28792') in 0.043677 seconds
  Import took 0.046334 seconds .

========================================================================
Received Import Request.
  Time since last request: 0.000046 seconds.
  path: Assets/Fonts/Goldman-Regular.ttf
  artifactKey: Guid(e26c5f5882e67db4e8f1a01309d4cc3c) Importer(815301076,1909f56bfc062723c751e8b465ee728b)
Start importing Assets/Fonts/Goldman-Regular.ttf using Guid(e26c5f5882e67db4e8f1a01309d4cc3c) Importer(815301076,1909f56bfc062723c751e8b465ee728b)  -> (artifact id: '5998ace2b70a45b31a2fadbf64b985d6') in 0.054055 seconds
  Import took 0.056559 seconds .

========================================================================
Received Import Request.
  Time since last request: 2.313732 seconds.
  path: Assets/CannonTurret/Missile Launcher Texture 1.png
  artifactKey: Guid(d6603adad6d9c3740a5b214674bdaae0) Importer(815301076,1909f56bfc062723c751e8b465ee728b)
Start importing Assets/CannonTurret/Missile Launcher Texture 1.png using Guid(d6603adad6d9c3740a5b214674bdaae0) Importer(815301076,1909f56bfc062723c751e8b465ee728b)  -> (artifact id: '07a79819721b00e9061d4d74040078c0') in 0.060402 seconds
  Import took 0.063358 seconds .

========================================================================
Received Import Request.
  Time since last request: 0.000350 seconds.
  path: Assets/CannonTurret/Smoke.png
  artifactKey: Guid(97f8955cd3e1cb940aeb88b141fdec80) Importer(815301076,1909f56bfc062723c751e8b465ee728b)
Start importing Assets/CannonTurret/Smoke.png using Guid(97f8955cd3e1cb940aeb88b141fdec80) Importer(815301076,1909f56bfc062723c751e8b465ee728b)  -> (artifact id: 'd50092c22ac638a1c2c70bc113e79ee2') in 0.048401 seconds
  Import took 0.050863 seconds .

========================================================================
Received Import Request.
  Time since last request: 0.000204 seconds.
  path: Assets/CannonTurret/Missile Launcher Texture 1.png
  artifactKey: Guid(d6603adad6d9c3740a5b214674bdaae0) Importer(815301076,1909f56bfc062723c751e8b465ee728b)
Start importing Assets/CannonTurret/Missile Launcher Texture 1.png using Guid(d6603adad6d9c3740a5b214674bdaae0) Importer(815301076,1909f56bfc062723c751e8b465ee728b)  -> (artifact id: '07a79819721b00e9061d4d74040078c0') in 0.044066 seconds
  Import took 0.047302 seconds .

========================================================================
Received Import Request.
  Time since last request: 0.000158 seconds.
  path: Assets/CannonTurret/Missile Launcher Texture.png
  artifactKey: Guid(2ba58ade3d72a9244ab5abe9f925491d) Importer(815301076,1909f56bfc062723c751e8b465ee728b)
Start importing Assets/CannonTurret/Missile Launcher Texture.png using Guid(2ba58ade3d72a9244ab5abe9f925491d) Importer(815301076,1909f56bfc062723c751e8b465ee728b)  -> (artifact id: 'c9e7bb127445d6db459a386e69f0d429') in 0.048653 seconds
  Import took 0.051047 seconds .

========================================================================
Received Import Request.
  Time since last request: 35.948663 seconds.
  path: Assets/Prefab/Main Camera.prefab
  artifactKey: Guid(9fd6fd8cb58597f4a8a8dff16d6f1fca) Importer(815301076,1909f56bfc062723c751e8b465ee728b)
Start importing Assets/Prefab/Main Camera.prefab using Guid(9fd6fd8cb58597f4a8a8dff16d6f1fca) Importer(815301076,1909f56bfc062723c751e8b465ee728b)  -> (artifact id: 'c67f470814437694ef41eca8c351b72b') in 0.019331 seconds
  Import took 0.023005 seconds .

========================================================================
Received Prepare
Registering precompiled user dll's ...
Registered in 0.000704 seconds.
Begin MonoManager ReloadAssembly
Native extension for WindowsStandalone target not found
Refreshing native plugins compatible for Editor in 0.21 ms, found 0 plugins.
Preloading 0 native plugins for Editor in 0.00 ms.
Invoked RoslynAnalysisRunner static constructor.
RoslynAnalysisRunner will not be running.
RoslynAnalysisRunner has terminated.
Mono: successfully reloaded assembly
- Completed reload, in  1.189 seconds
Platform modules already initialized, skipping
Refreshing native plugins compatible for Editor in 0.21 ms, found 0 plugins.
Preloading 0 native plugins for Editor in 0.00 ms.
Unloading 1151 Unused Serialized files (Serialized files now loaded: 0)
System memory in use before: 138.1 MB.
System memory in use after: 138.1 MB.

Unloading 5 unused Assets to reduce memory usage. Loaded Objects now: 1753.
Total: 1.654000 ms (FindLiveObjects: 0.153500 ms CreateObjectMapping: 0.046600 ms MarkObjects: 1.393700 ms  DeleteObjects: 0.059200 ms)

========================================================================
Received Prepare
Registering precompiled user dll's ...
Registered in 0.000743 seconds.
Begin MonoManager ReloadAssembly
Native extension for WindowsStandalone target not found
Refreshing native plugins compatible for Editor in 0.33 ms, found 0 plugins.
Preloading 0 native plugins for Editor in 0.00 ms.
Invoked RoslynAnalysisRunner static constructor.
RoslynAnalysisRunner will not be running.
RoslynAnalysisRunner has terminated.
Mono: successfully reloaded assembly
- Completed reload, in  1.137 seconds
Platform modules already initialized, skipping
Refreshing native plugins compatible for Editor in 0.22 ms, found 0 plugins.
Preloading 0 native plugins for Editor in 0.00 ms.
Unloading 1152 Unused Serialized files (Serialized files now loaded: 0)
System memory in use before: 138.1 MB.
System memory in use after: 138.2 MB.

Unloading 5 unused Assets to reduce memory usage. Loaded Objects now: 1755.
Total: 1.491500 ms (FindLiveObjects: 0.147600 ms CreateObjectMapping: 0.041900 ms MarkObjects: 1.243500 ms  DeleteObjects: 0.057100 ms)

========================================================================
Received Prepare
Registering precompiled user dll's ...
Registered in 0.000795 seconds.
Begin MonoManager ReloadAssembly
Native extension for WindowsStandalone target not found
Refreshing native plugins compatible for Editor in 0.37 ms, found 0 plugins.
Preloading 0 native plugins for Editor in 0.00 ms.
Invoked RoslynAnalysisRunner static constructor.
RoslynAnalysisRunner will not be running.
RoslynAnalysisRunner has terminated.
Mono: successfully reloaded assembly
- Completed reload, in  1.157 seconds
Platform modules already initialized, skipping
Refreshing native plugins compatible for Editor in 0.21 ms, found 0 plugins.
Preloading 0 native plugins for Editor in 0.00 ms.
Unloading 1152 Unused Serialized files (Serialized files now loaded: 0)
System memory in use before: 138.1 MB.
System memory in use after: 138.2 MB.

Unloading 5 unused Assets to reduce memory usage. Loaded Objects now: 1757.
Total: 1.566200 ms (FindLiveObjects: 0.142400 ms CreateObjectMapping: 0.040500 ms MarkObjects: 1.322800 ms  DeleteObjects: 0.059300 ms)

========================================================================
Received Import Request.
  Time since last request: 729.802498 seconds.
  path: Assets/Prefab/Main Camera.prefab
  artifactKey: Guid(9fd6fd8cb58597f4a8a8dff16d6f1fca) Importer(815301076,1909f56bfc062723c751e8b465ee728b)
Start importing Assets/Prefab/Main Camera.prefab using Guid(9fd6fd8cb58597f4a8a8dff16d6f1fca) Importer(815301076,1909f56bfc062723c751e8b465ee728b)  -> (artifact id: '36a96322d1ac36243f051b9c9d5a3260') in 0.028068 seconds
  Import took 0.031549 seconds .

========================================================================
Received Prepare
Registering precompiled user dll's ...
Registered in 0.000672 seconds.
Begin MonoManager ReloadAssembly
Native extension for WindowsStandalone target not found
Refreshing native plugins compatible for Editor in 0.22 ms, found 0 plugins.
Preloading 0 native plugins for Editor in 0.00 ms.
Invoked RoslynAnalysisRunner static constructor.
RoslynAnalysisRunner will not be running.
RoslynAnalysisRunner has terminated.
Mono: successfully reloaded assembly
- Completed reload, in  1.015 seconds
Platform modules already initialized, skipping
Refreshing native plugins compatible for Editor in 0.36 ms, found 0 plugins.
Preloading 0 native plugins for Editor in 0.00 ms.
Unloading 1148 Unused Serialized files (Serialized files now loaded: 0)
System memory in use before: 138.0 MB.
System memory in use after: 138.1 MB.

Unloading 5 unused Assets to reduce memory usage. Loaded Objects now: 1759.
Total: 1.989200 ms (FindLiveObjects: 0.201400 ms CreateObjectMapping: 0.085000 ms MarkObjects: 1.641400 ms  DeleteObjects: 0.059500 ms)

========================================================================
Received Prepare
Refreshing native plugins compatible for Editor in 1.34 ms, found 0 plugins.
Preloading 0 native plugins for Editor in 0.00 ms.
Unloading 3 Unused Serialized files (Serialized files now loaded: 0)
System memory in use before: 115.3 MB.
System memory in use after: 115.4 MB.

Unloading 3 unused Assets to reduce memory usage. Loaded Objects now: 1759.
Total: 1.794600 ms (FindLiveObjects: 0.144900 ms CreateObjectMapping: 0.044700 ms MarkObjects: 1.535300 ms  DeleteObjects: 0.068500 ms)

========================================================================
Received Import Request.
  Time since last request: 80.841108 seconds.
  path: Assets/Scenes/Level01.unity
  artifactKey: Guid(9fc0d4010bbf28b4594072e72b8655ab) Importer(815301076,1909f56bfc062723c751e8b465ee728b)
Start importing Assets/Scenes/Level01.unity using Guid(9fc0d4010bbf28b4594072e72b8655ab) Importer(815301076,1909f56bfc062723c751e8b465ee728b)  -> (artifact id: 'dea9663eb462f444ca27322ea7542107') in 0.024411 seconds
  Import took 0.029558 seconds .

========================================================================
Received Prepare
Registering precompiled user dll's ...
Registered in 0.000772 seconds.
Begin MonoManager ReloadAssembly
Native extension for WindowsStandalone target not found
Refreshing native plugins compatible for Editor in 0.21 ms, found 0 plugins.
Preloading 0 native plugins for Editor in 0.00 ms.
Invoked RoslynAnalysisRunner static constructor.
RoslynAnalysisRunner will not be running.
RoslynAnalysisRunner has terminated.
Mono: successfully reloaded assembly
- Completed reload, in  0.989 seconds
Platform modules already initialized, skipping
Refreshing native plugins compatible for Editor in 0.22 ms, found 0 plugins.
Preloading 0 native plugins for Editor in 0.00 ms.
Unloading 1148 Unused Serialized files (Serialized files now loaded: 0)
System memory in use before: 138.0 MB.
System memory in use after: 138.1 MB.

Unloading 5 unused Assets to reduce memory usage. Loaded Objects now: 1761.
Total: 1.720200 ms (FindLiveObjects: 0.264200 ms CreateObjectMapping: 0.091100 ms MarkObjects: 1.298800 ms  DeleteObjects: 0.064600 ms)

========================================================================
Received Import Request.
  Time since last request: 7.442023 seconds.
  path: Assets/Scenes/Level02.unity
  artifactKey: Guid(130a122a4e456e84fb65e6cf3bc32328) Importer(815301076,1909f56bfc062723c751e8b465ee728b)
Start importing Assets/Scenes/Level02.unity using Guid(130a122a4e456e84fb65e6cf3bc32328) Importer(815301076,1909f56bfc062723c751e8b465ee728b)  -> (artifact id: '53cbce6f134557f37e9ecc07ed08e36c') in 0.017630 seconds
  Import took 0.019699 seconds .

========================================================================
Received Import Request.
  Time since last request: 2.736699 seconds.
  path: Assets/Scenes/LevelSelector.unity
  artifactKey: Guid(b0b7747e1ff326448a43fbef7704ae44) Importer(815301076,1909f56bfc062723c751e8b465ee728b)
Start importing Assets/Scenes/LevelSelector.unity using Guid(b0b7747e1ff326448a43fbef7704ae44) Importer(815301076,1909f56bfc062723c751e8b465ee728b)  -> (artifact id: '604b323f0828951183ca7bad6ea98f6a') in 0.008480 seconds
  Import took 0.012191 seconds .

AssetImportWorkerClient::OnTransportError - code=2 error=End of file
